{"C:\\Users\\lauru\\Desktop\\Proyectos-Portafolio\\estudio-martinez\\src\\App.tsx": {"path":"C:\\Users\\lauru\\Desktop\\Proyectos-Portafolio\\estudio-martinez\\src\\App.tsx","statementMap":{"0":{"start":{"line":13,"column":4},"end":{"line":26,"column":null}}},"fnMap":{"0":{"name":"App","decl":{"start":{"line":12,"column":16},"end":{"line":12,"column":22}},"loc":{"start":{"line":12,"column":22},"end":{"line":28,"column":null}},"line":12}},"branchMap":{},"s":{"0":8},"f":{"0":8},"b":{},"meta":{"lastBranch":0,"lastFunction":1,"lastStatement":1,"seen":{"f:12:16:12:22":0,"s:13:4:26:Infinity":0}}}
,"C:\\Users\\lauru\\Desktop\\Proyectos-Portafolio\\estudio-martinez\\src\\index.css": {"path":"C:\\Users\\lauru\\Desktop\\Proyectos-Portafolio\\estudio-martinez\\src\\index.css","statementMap":{},"fnMap":{},"branchMap":{},"s":{},"f":{},"b":{},"meta":{"lastBranch":0,"lastFunction":0,"lastStatement":0,"seen":{}}}
,"C:\\Users\\lauru\\Desktop\\Proyectos-Portafolio\\estudio-martinez\\src\\main.tsx": {"path":"C:\\Users\\lauru\\Desktop\\Proyectos-Portafolio\\estudio-martinez\\src\\main.tsx","statementMap":{"0":{"start":{"line":6,"column":20},"end":{"line":6,"column":null}},"1":{"start":{"line":8,"column":0},"end":{"line":10,"column":null}},"2":{"start":{"line":9,"column":4},"end":{"line":9,"column":null}},"3":{"start":{"line":12,"column":0},"end":{"line":16,"column":null}}},"fnMap":{},"branchMap":{"0":{"loc":{"start":{"line":8,"column":0},"end":{"line":10,"column":null}},"type":"if","locations":[{"start":{"line":8,"column":0},"end":{"line":10,"column":null}},{"start":{},"end":{}}],"line":8}},"s":{"0":1,"1":1,"2":1,"3":0},"f":{},"b":{"0":[1,0]},"meta":{"lastBranch":1,"lastFunction":0,"lastStatement":4,"seen":{"s:6:20:6:Infinity":0,"b:8:0:10:Infinity:undefined:undefined:undefined:undefined":0,"s:8:0:10:Infinity":1,"s:9:4:9:Infinity":2,"s:12:0:16:Infinity":3}}}
,"C:\\Users\\lauru\\Desktop\\Proyectos-Portafolio\\estudio-martinez\\src\\assets\\logo-martinez.svg": {"path":"C:\\Users\\lauru\\Desktop\\Proyectos-Portafolio\\estudio-martinez\\src\\assets\\logo-martinez.svg","statementMap":{},"fnMap":{},"branchMap":{},"s":{},"f":{},"b":{},"meta":{"lastBranch":0,"lastFunction":0,"lastStatement":0,"seen":{}}}
,"C:\\Users\\lauru\\Desktop\\Proyectos-Portafolio\\estudio-martinez\\src\\assets\\roberto-martinez.webp": {"path":"C:\\Users\\lauru\\Desktop\\Proyectos-Portafolio\\estudio-martinez\\src\\assets\\roberto-martinez.webp","statementMap":{},"fnMap":{},"branchMap":{},"s":{},"f":{},"b":{},"meta":{"lastBranch":0,"lastFunction":0,"lastStatement":0,"seen":{}}}
,"C:\\Users\\lauru\\Desktop\\Proyectos-Portafolio\\estudio-martinez\\src\\components\\home\\About.tsx": {"path":"C:\\Users\\lauru\\Desktop\\Proyectos-Portafolio\\estudio-martinez\\src\\components\\home\\About.tsx","statementMap":{"0":{"start":{"line":6,"column":10},"end":{"line":6,"column":null}},"1":{"start":{"line":7,"column":10},"end":{"line":7,"column":null}},"2":{"start":{"line":9,"column":4},"end":{"line":100,"column":null}}},"fnMap":{"0":{"name":"About","decl":{"start":{"line":5,"column":16},"end":{"line":5,"column":24}},"loc":{"start":{"line":5,"column":24},"end":{"line":102,"column":null}},"line":5}},"branchMap":{},"s":{"0":14,"1":14,"2":14},"f":{"0":14},"b":{},"meta":{"lastBranch":0,"lastFunction":1,"lastStatement":3,"seen":{"f:5:16:5:24":0,"s:6:10:6:Infinity":0,"s:7:10:7:Infinity":1,"s:9:4:100:Infinity":2}}}
,"C:\\Users\\lauru\\Desktop\\Proyectos-Portafolio\\estudio-martinez\\src\\components\\home\\Contact.tsx": {"path":"C:\\Users\\lauru\\Desktop\\Proyectos-Portafolio\\estudio-martinez\\src\\components\\home\\Contact.tsx","statementMap":{"0":{"start":{"line":16,"column":4},"end":{"line":16,"column":null}},"1":{"start":{"line":18,"column":4},"end":{"line":270,"column":null}},"2":{"start":{"line":55,"column":36},"end":{"line":55,"column":null}},"3":{"start":{"line":57,"column":46},"end":{"line":57,"column":null}},"4":{"start":{"line":76,"column":36},"end":{"line":76,"column":null}},"5":{"start":{"line":78,"column":46},"end":{"line":78,"column":null}},"6":{"start":{"line":97,"column":36},"end":{"line":97,"column":null}},"7":{"start":{"line":99,"column":46},"end":{"line":99,"column":null}},"8":{"start":{"line":117,"column":36},"end":{"line":117,"column":null}},"9":{"start":{"line":119,"column":46},"end":{"line":119,"column":null}}},"fnMap":{"0":{"name":"Contact","decl":{"start":{"line":6,"column":16},"end":{"line":6,"column":26}},"loc":{"start":{"line":6,"column":26},"end":{"line":272,"column":null}},"line":6},"1":{"name":"(anonymous_1)","decl":{"start":{"line":54,"column":42},"end":{"line":54,"column":43}},"loc":{"start":{"line":55,"column":36},"end":{"line":55,"column":null}},"line":55},"2":{"name":"(anonymous_2)","decl":{"start":{"line":57,"column":40},"end":{"line":57,"column":46}},"loc":{"start":{"line":57,"column":46},"end":{"line":57,"column":null}},"line":57},"3":{"name":"(anonymous_3)","decl":{"start":{"line":75,"column":42},"end":{"line":75,"column":43}},"loc":{"start":{"line":76,"column":36},"end":{"line":76,"column":null}},"line":76},"4":{"name":"(anonymous_4)","decl":{"start":{"line":78,"column":40},"end":{"line":78,"column":46}},"loc":{"start":{"line":78,"column":46},"end":{"line":78,"column":null}},"line":78},"5":{"name":"(anonymous_5)","decl":{"start":{"line":96,"column":42},"end":{"line":96,"column":43}},"loc":{"start":{"line":97,"column":36},"end":{"line":97,"column":null}},"line":97},"6":{"name":"(anonymous_6)","decl":{"start":{"line":99,"column":40},"end":{"line":99,"column":46}},"loc":{"start":{"line":99,"column":46},"end":{"line":99,"column":null}},"line":99},"7":{"name":"(anonymous_7)","decl":{"start":{"line":116,"column":42},"end":{"line":116,"column":43}},"loc":{"start":{"line":117,"column":36},"end":{"line":117,"column":null}},"line":117},"8":{"name":"(anonymous_8)","decl":{"start":{"line":119,"column":40},"end":{"line":119,"column":46}},"loc":{"start":{"line":119,"column":46},"end":{"line":119,"column":null}},"line":119}},"branchMap":{"0":{"loc":{"start":{"line":58,"column":39},"end":{"line":58,"column":null}},"type":"cond-expr","locations":[{"start":{"line":58,"column":54},"end":{"line":58,"column":68}},{"start":{"line":58,"column":68},"end":{"line":58,"column":null}}],"line":58},"1":{"loc":{"start":{"line":60,"column":36},"end":{"line":62,"column":null}},"type":"binary-expr","locations":[{"start":{"line":60,"column":36},"end":{"line":60,"column":null}},{"start":{"line":61,"column":36},"end":{"line":61,"column":null}},{"start":{"line":62,"column":36},"end":{"line":62,"column":null}}],"line":60},"2":{"loc":{"start":{"line":79,"column":39},"end":{"line":79,"column":null}},"type":"cond-expr","locations":[{"start":{"line":79,"column":55},"end":{"line":79,"column":70}},{"start":{"line":79,"column":70},"end":{"line":79,"column":null}}],"line":79},"3":{"loc":{"start":{"line":81,"column":36},"end":{"line":83,"column":null}},"type":"binary-expr","locations":[{"start":{"line":81,"column":36},"end":{"line":81,"column":null}},{"start":{"line":82,"column":36},"end":{"line":82,"column":null}},{"start":{"line":83,"column":36},"end":{"line":83,"column":null}}],"line":81},"4":{"loc":{"start":{"line":100,"column":39},"end":{"line":100,"column":null}},"type":"cond-expr","locations":[{"start":{"line":100,"column":55},"end":{"line":100,"column":70}},{"start":{"line":100,"column":70},"end":{"line":100,"column":null}}],"line":100},"5":{"loc":{"start":{"line":102,"column":36},"end":{"line":104,"column":null}},"type":"binary-expr","locations":[{"start":{"line":102,"column":36},"end":{"line":102,"column":null}},{"start":{"line":103,"column":36},"end":{"line":103,"column":null}},{"start":{"line":104,"column":36},"end":{"line":104,"column":null}}],"line":102},"6":{"loc":{"start":{"line":121,"column":36},"end":{"line":121,"column":null}},"type":"cond-expr","locations":[{"start":{"line":121,"column":54},"end":{"line":121,"column":71}},{"start":{"line":121,"column":71},"end":{"line":121,"column":null}}],"line":121},"7":{"loc":{"start":{"line":124,"column":36},"end":{"line":126,"column":null}},"type":"binary-expr","locations":[{"start":{"line":124,"column":36},"end":{"line":124,"column":null}},{"start":{"line":125,"column":36},"end":{"line":125,"column":null}},{"start":{"line":126,"column":36},"end":{"line":126,"column":null}}],"line":124},"8":{"loc":{"start":{"line":142,"column":33},"end":{"line":144,"column":null}},"type":"cond-expr","locations":[{"start":{"line":143,"column":38},"end":{"line":143,"column":null}},{"start":{"line":144,"column":38},"end":{"line":144,"column":null}}],"line":142},"9":{"loc":{"start":{"line":148,"column":29},"end":{"line":160,"column":null}},"type":"binary-expr","locations":[{"start":{"line":148,"column":29},"end":{"line":148,"column":null}},{"start":{"line":149,"column":32},"end":{"line":160,"column":null}}],"line":148},"10":{"loc":{"start":{"line":164,"column":29},"end":{"line":176,"column":null}},"type":"binary-expr","locations":[{"start":{"line":164,"column":29},"end":{"line":164,"column":null}},{"start":{"line":165,"column":32},"end":{"line":176,"column":null}}],"line":164}},"s":{"0":34,"1":34,"2":3,"3":2,"4":3,"5":1,"6":3,"7":1,"8":3,"9":1},"f":{"0":34,"1":3,"2":2,"3":3,"4":1,"5":3,"6":1,"7":3,"8":1},"b":{"0":[8,26],"1":[34,8,6],"2":[5,29],"3":[34,5,3],"4":[5,29],"5":[34,5,3],"6":[5,29],"7":[34,5,3],"8":[2,32],"9":[34,1],"10":[34,1]},"meta":{"lastBranch":11,"lastFunction":9,"lastStatement":10,"seen":{"f:6:16:6:26":0,"s:16:4:16:Infinity":0,"s:18:4:270:Infinity":1,"f:54:42:54:43":1,"s:55:36:55:Infinity":2,"f:57:40:57:46":2,"s:57:46:57:Infinity":3,"b:58:54:58:68:58:68:58:Infinity":0,"b:60:36:60:Infinity:61:36:61:Infinity:62:36:62:Infinity":1,"f:75:42:75:43":3,"s:76:36:76:Infinity":4,"f:78:40:78:46":4,"s:78:46:78:Infinity":5,"b:79:55:79:70:79:70:79:Infinity":2,"b:81:36:81:Infinity:82:36:82:Infinity:83:36:83:Infinity":3,"f:96:42:96:43":5,"s:97:36:97:Infinity":6,"f:99:40:99:46":6,"s:99:46:99:Infinity":7,"b:100:55:100:70:100:70:100:Infinity":4,"b:102:36:102:Infinity:103:36:103:Infinity:104:36:104:Infinity":5,"f:116:42:116:43":7,"s:117:36:117:Infinity":8,"f:119:40:119:46":8,"s:119:46:119:Infinity":9,"b:121:54:121:71:121:71:121:Infinity":6,"b:124:36:124:Infinity:125:36:125:Infinity:126:36:126:Infinity":7,"b:143:38:143:Infinity:144:38:144:Infinity":8,"b:148:29:148:Infinity:149:32:160:Infinity":9,"b:164:29:164:Infinity:165:32:176:Infinity":10}}}
,"C:\\Users\\lauru\\Desktop\\Proyectos-Portafolio\\estudio-martinez\\src\\components\\home\\FAQ.tsx": {"path":"C:\\Users\\lauru\\Desktop\\Proyectos-Portafolio\\estudio-martinez\\src\\components\\home\\FAQ.tsx","statementMap":{"0":{"start":{"line":7,"column":10},"end":{"line":7,"column":null}},"1":{"start":{"line":9,"column":4},"end":{"line":50,"column":null}},"2":{"start":{"line":32,"column":24},"end":{"line":32,"column":null}},"3":{"start":{"line":43,"column":39},"end":{"line":43,"column":null}},"4":{"start":{"line":55,"column":25},"end":{"line":55,"column":null}},"5":{"start":{"line":57,"column":21},"end":{"line":57,"column":null}},"6":{"start":{"line":58,"column":22},"end":{"line":58,"column":null}},"7":{"start":{"line":60,"column":4},"end":{"line":108,"column":null}}},"fnMap":{"0":{"name":"FAQ","decl":{"start":{"line":6,"column":16},"end":{"line":6,"column":22}},"loc":{"start":{"line":6,"column":22},"end":{"line":52,"column":null}},"line":6},"1":{"name":"(anonymous_1)","decl":{"start":{"line":31,"column":33},"end":{"line":31,"column":34}},"loc":{"start":{"line":32,"column":24},"end":{"line":32,"column":null}},"line":32},"2":{"name":"(anonymous_2)","decl":{"start":{"line":43,"column":33},"end":{"line":43,"column":39}},"loc":{"start":{"line":43,"column":39},"end":{"line":43,"column":null}},"line":43},"3":{"name":"FAQItem","decl":{"start":{"line":54,"column":9},"end":{"line":54,"column":17}},"loc":{"start":{"line":54,"column":56},"end":{"line":110,"column":null}},"line":54}},"branchMap":{"0":{"loc":{"start":{"line":79,"column":28},"end":{"line":79,"column":null}},"type":"cond-expr","locations":[{"start":{"line":79,"column":37},"end":{"line":79,"column":56}},{"start":{"line":79,"column":56},"end":{"line":79,"column":null}}],"line":79},"1":{"loc":{"start":{"line":87,"column":28},"end":{"line":89,"column":null}},"type":"cond-expr","locations":[{"start":{"line":88,"column":34},"end":{"line":88,"column":null}},{"start":{"line":89,"column":34},"end":{"line":89,"column":null}}],"line":87},"2":{"loc":{"start":{"line":101,"column":20},"end":{"line":101,"column":null}},"type":"cond-expr","locations":[{"start":{"line":101,"column":29},"end":{"line":101,"column":54}},{"start":{"line":101,"column":54},"end":{"line":101,"column":null}}],"line":101}},"s":{"0":20,"1":20,"2":160,"3":1,"4":168,"5":168,"6":168,"7":168},"f":{"0":20,"1":160,"2":1,"3":168},"b":{"0":[7,161],"1":[7,161],"2":[7,161]},"meta":{"lastBranch":3,"lastFunction":4,"lastStatement":8,"seen":{"f:6:16:6:22":0,"s:7:10:7:Infinity":0,"s:9:4:50:Infinity":1,"f:31:33:31:34":1,"s:32:24:32:Infinity":2,"f:43:33:43:39":2,"s:43:39:43:Infinity":3,"f:54:9:54:17":3,"s:55:25:55:Infinity":4,"s:57:21:57:Infinity":5,"s:58:22:58:Infinity":6,"s:60:4:108:Infinity":7,"b:79:37:79:56:79:56:79:Infinity":0,"b:88:34:88:Infinity:89:34:89:Infinity":1,"b:101:29:101:54:101:54:101:Infinity":2}}}
,"C:\\Users\\lauru\\Desktop\\Proyectos-Portafolio\\estudio-martinez\\src\\components\\home\\Hero.tsx": {"path":"C:\\Users\\lauru\\Desktop\\Proyectos-Portafolio\\estudio-martinez\\src\\components\\home\\Hero.tsx","statementMap":{"0":{"start":{"line":8,"column":10},"end":{"line":8,"column":null}},"1":{"start":{"line":10,"column":4},"end":{"line":106,"column":null}},"2":{"start":{"line":52,"column":47},"end":{"line":52,"column":null}},"3":{"start":{"line":119,"column":4},"end":{"line":131,"column":null}}},"fnMap":{"0":{"name":"Hero","decl":{"start":{"line":7,"column":16},"end":{"line":7,"column":23}},"loc":{"start":{"line":7,"column":23},"end":{"line":108,"column":null}},"line":7},"1":{"name":"(anonymous_1)","decl":{"start":{"line":52,"column":41},"end":{"line":52,"column":47}},"loc":{"start":{"line":52,"column":47},"end":{"line":52,"column":null}},"line":52},"2":{"name":"InfoItem","decl":{"start":{"line":110,"column":9},"end":{"line":110,"column":18}},"loc":{"start":{"line":118,"column":3},"end":{"line":133,"column":null}},"line":118}},"branchMap":{},"s":{"0":9,"1":9,"2":1,"3":27},"f":{"0":9,"1":1,"2":27},"b":{},"meta":{"lastBranch":0,"lastFunction":3,"lastStatement":4,"seen":{"f:7:16:7:23":0,"s:8:10:8:Infinity":0,"s:10:4:106:Infinity":1,"f:52:41:52:47":1,"s:52:47:52:Infinity":2,"f:110:9:110:18":2,"s:119:4:131:Infinity":3}}}
,"C:\\Users\\lauru\\Desktop\\Proyectos-Portafolio\\estudio-martinez\\src\\components\\home\\Services.tsx": {"path":"C:\\Users\\lauru\\Desktop\\Proyectos-Portafolio\\estudio-martinez\\src\\components\\home\\Services.tsx","statementMap":{"0":{"start":{"line":6,"column":10},"end":{"line":6,"column":null}},"1":{"start":{"line":8,"column":4},"end":{"line":82,"column":null}},"2":{"start":{"line":30,"column":37},"end":{"line":30,"column":null}},"3":{"start":{"line":32,"column":24},"end":{"line":62,"column":null}},"4":{"start":{"line":76,"column":39},"end":{"line":76,"column":null}}},"fnMap":{"0":{"name":"Services","decl":{"start":{"line":5,"column":16},"end":{"line":5,"column":27}},"loc":{"start":{"line":5,"column":27},"end":{"line":84,"column":null}},"line":5},"1":{"name":"(anonymous_1)","decl":{"start":{"line":29,"column":38},"end":{"line":29,"column":39}},"loc":{"start":{"line":29,"column":58},"end":{"line":64,"column":21}},"line":29},"2":{"name":"(anonymous_2)","decl":{"start":{"line":76,"column":33},"end":{"line":76,"column":39}},"loc":{"start":{"line":76,"column":39},"end":{"line":76,"column":null}},"line":76}},"branchMap":{"0":{"loc":{"start":{"line":39,"column":37},"end":{"line":42,"column":null}},"type":"binary-expr","locations":[{"start":{"line":39,"column":37},"end":{"line":39,"column":null}},{"start":{"line":40,"column":40},"end":{"line":42,"column":null}}],"line":39}},"s":{"0":21,"1":21,"2":126,"3":126,"4":1},"f":{"0":21,"1":126,"2":1},"b":{"0":[126,21]},"meta":{"lastBranch":1,"lastFunction":3,"lastStatement":5,"seen":{"f:5:16:5:27":0,"s:6:10:6:Infinity":0,"s:8:4:82:Infinity":1,"f:29:38:29:39":1,"s:30:37:30:Infinity":2,"s:32:24:62:Infinity":3,"b:39:37:39:Infinity:40:40:42:Infinity":0,"f:76:33:76:39":2,"s:76:39:76:Infinity":4}}}
,"C:\\Users\\lauru\\Desktop\\Proyectos-Portafolio\\estudio-martinez\\src\\components\\home\\Testimonials.tsx": {"path":"C:\\Users\\lauru\\Desktop\\Proyectos-Portafolio\\estudio-martinez\\src\\components\\home\\Testimonials.tsx","statementMap":{"0":{"start":{"line":5,"column":4},"end":{"line":73,"column":null}},"1":{"start":{"line":30,"column":39},"end":{"line":30,"column":null}},"2":{"start":{"line":32,"column":24},"end":{"line":68,"column":null}},"3":{"start":{"line":50,"column":48},"end":{"line":54,"column":null}}},"fnMap":{"0":{"name":"Testimonials","decl":{"start":{"line":4,"column":16},"end":{"line":4,"column":31}},"loc":{"start":{"line":4,"column":31},"end":{"line":75,"column":null}},"line":4},"1":{"name":"(anonymous_1)","decl":{"start":{"line":29,"column":38},"end":{"line":29,"column":39}},"loc":{"start":{"line":29,"column":55},"end":{"line":70,"column":21}},"line":29},"2":{"name":"(anonymous_2)","decl":{"start":{"line":49,"column":44},"end":{"line":49,"column":45}},"loc":{"start":{"line":50,"column":48},"end":{"line":54,"column":null}},"line":50}},"branchMap":{},"s":{"0":23,"1":69,"2":69,"3":345},"f":{"0":23,"1":69,"2":345},"b":{},"meta":{"lastBranch":0,"lastFunction":3,"lastStatement":4,"seen":{"f:4:16:4:31":0,"s:5:4:73:Infinity":0,"f:29:38:29:39":1,"s:30:39:30:Infinity":1,"s:32:24:68:Infinity":2,"f:49:44:49:45":2,"s:50:48:54:Infinity":3}}}
,"C:\\Users\\lauru\\Desktop\\Proyectos-Portafolio\\estudio-martinez\\src\\components\\layout\\Footer.tsx": {"path":"C:\\Users\\lauru\\Desktop\\Proyectos-Portafolio\\estudio-martinez\\src\\components\\layout\\Footer.tsx","statementMap":{"0":{"start":{"line":5,"column":4},"end":{"line":105,"column":null}}},"fnMap":{"0":{"name":"Footer","decl":{"start":{"line":4,"column":16},"end":{"line":4,"column":25}},"loc":{"start":{"line":4,"column":25},"end":{"line":107,"column":null}},"line":4}},"branchMap":{},"s":{"0":4},"f":{"0":4},"b":{},"meta":{"lastBranch":0,"lastFunction":1,"lastStatement":1,"seen":{"f:4:16:4:25":0,"s:5:4:105:Infinity":0}}}
,"C:\\Users\\lauru\\Desktop\\Proyectos-Portafolio\\estudio-martinez\\src\\components\\layout\\Navbar.tsx": {"path":"C:\\Users\\lauru\\Desktop\\Proyectos-Portafolio\\estudio-martinez\\src\\components\\layout\\Navbar.tsx","statementMap":{"0":{"start":{"line":9,"column":18},"end":{"line":14,"column":null}},"1":{"start":{"line":17,"column":46},"end":{"line":17,"column":null}},"2":{"start":{"line":18,"column":10},"end":{"line":18,"column":null}},"3":{"start":{"line":19,"column":10},"end":{"line":19,"column":null}},"4":{"start":{"line":21,"column":27},"end":{"line":24,"column":null}},"5":{"start":{"line":22,"column":8},"end":{"line":22,"column":null}},"6":{"start":{"line":23,"column":8},"end":{"line":23,"column":null}},"7":{"start":{"line":26,"column":4},"end":{"line":111,"column":null}},"8":{"start":{"line":49,"column":28},"end":{"line":55,"column":null}},"9":{"start":{"line":51,"column":47},"end":{"line":51,"column":null}},"10":{"start":{"line":61,"column":43},"end":{"line":61,"column":null}},"11":{"start":{"line":92,"column":32},"end":{"line":98,"column":null}},"12":{"start":{"line":94,"column":51},"end":{"line":94,"column":null}},"13":{"start":{"line":103,"column":47},"end":{"line":103,"column":null}}},"fnMap":{"0":{"name":"Navbar","decl":{"start":{"line":16,"column":16},"end":{"line":16,"column":25}},"loc":{"start":{"line":16,"column":25},"end":{"line":113,"column":null}},"line":16},"1":{"name":"(anonymous_1)","decl":{"start":{"line":21,"column":27},"end":{"line":21,"column":28}},"loc":{"start":{"line":21,"column":50},"end":{"line":24,"column":null}},"line":21},"2":{"name":"(anonymous_2)","decl":{"start":{"line":48,"column":39},"end":{"line":48,"column":40}},"loc":{"start":{"line":49,"column":28},"end":{"line":55,"column":null}},"line":49},"3":{"name":"(anonymous_3)","decl":{"start":{"line":51,"column":41},"end":{"line":51,"column":47}},"loc":{"start":{"line":51,"column":47},"end":{"line":51,"column":null}},"line":51},"4":{"name":"(anonymous_4)","decl":{"start":{"line":61,"column":37},"end":{"line":61,"column":43}},"loc":{"start":{"line":61,"column":43},"end":{"line":61,"column":null}},"line":61},"5":{"name":"(anonymous_5)","decl":{"start":{"line":91,"column":43},"end":{"line":91,"column":44}},"loc":{"start":{"line":92,"column":32},"end":{"line":98,"column":null}},"line":92},"6":{"name":"(anonymous_6)","decl":{"start":{"line":94,"column":45},"end":{"line":94,"column":51}},"loc":{"start":{"line":94,"column":51},"end":{"line":94,"column":null}},"line":94},"7":{"name":"(anonymous_7)","decl":{"start":{"line":103,"column":41},"end":{"line":103,"column":47}},"loc":{"start":{"line":103,"column":47},"end":{"line":103,"column":null}},"line":103}},"branchMap":{"0":{"loc":{"start":{"line":75,"column":25},"end":{"line":78,"column":null}},"type":"cond-expr","locations":[{"start":{"line":76,"column":28},"end":{"line":76,"column":null}},{"start":{"line":78,"column":28},"end":{"line":78,"column":null}}],"line":75},"1":{"loc":{"start":{"line":84,"column":17},"end":{"line":108,"column":null}},"type":"binary-expr","locations":[{"start":{"line":84,"column":17},"end":{"line":84,"column":null}},{"start":{"line":85,"column":20},"end":{"line":108,"column":null}}],"line":84}},"s":{"0":2,"1":17,"2":17,"3":17,"4":17,"5":3,"6":3,"7":17,"8":68,"9":1,"10":1,"11":16,"12":1,"13":2},"f":{"0":17,"1":3,"2":68,"3":1,"4":1,"5":16,"6":1,"7":2},"b":{"0":[4,13],"1":[17,4]},"meta":{"lastBranch":2,"lastFunction":8,"lastStatement":14,"seen":{"s:9:18:14:Infinity":0,"f:16:16:16:25":0,"s:17:46:17:Infinity":1,"s:18:10:18:Infinity":2,"s:19:10:19:Infinity":3,"s:21:27:24:Infinity":4,"f:21:27:21:28":1,"s:22:8:22:Infinity":5,"s:23:8:23:Infinity":6,"s:26:4:111:Infinity":7,"f:48:39:48:40":2,"s:49:28:55:Infinity":8,"f:51:41:51:47":3,"s:51:47:51:Infinity":9,"f:61:37:61:43":4,"s:61:43:61:Infinity":10,"b:76:28:76:Infinity:78:28:78:Infinity":0,"b:84:17:84:Infinity:85:20:108:Infinity":1,"f:91:43:91:44":5,"s:92:32:98:Infinity":11,"f:94:45:94:51":6,"s:94:51:94:Infinity":12,"f:103:41:103:47":7,"s:103:47:103:Infinity":13}}}
,"C:\\Users\\lauru\\Desktop\\Proyectos-Portafolio\\estudio-martinez\\src\\components\\ui\\Button.tsx": {"path":"C:\\Users\\lauru\\Desktop\\Proyectos-Portafolio\\estudio-martinez\\src\\components\\ui\\Button.tsx","statementMap":{"0":{"start":{"line":13,"column":53},"end":{"line":22,"column":null}},"1":{"start":{"line":24,"column":47},"end":{"line":28,"column":null}},"2":{"start":{"line":30,"column":13},"end":{"line":66,"column":null}},"3":{"start":{"line":44,"column":27},"end":{"line":44,"column":null}},"4":{"start":{"line":47,"column":12},"end":{"line":47,"column":null}},"5":{"start":{"line":49,"column":31},"end":{"line":51,"column":null}},"6":{"start":{"line":53,"column":8},"end":{"line":63,"column":null}},"7":{"start":{"line":68,"column":0},"end":{"line":68,"column":null}}},"fnMap":{"0":{"name":"(anonymous_0)","decl":{"start":{"line":31,"column":4},"end":{"line":31,"column":null}},"loc":{"start":{"line":43,"column":9},"end":{"line":65,"column":null}},"line":43}},"branchMap":{"0":{"loc":{"start":{"line":33,"column":12},"end":{"line":33,"column":null}},"type":"default-arg","locations":[{"start":{"line":33,"column":22},"end":{"line":33,"column":null}}],"line":33},"1":{"loc":{"start":{"line":34,"column":12},"end":{"line":34,"column":null}},"type":"default-arg","locations":[{"start":{"line":34,"column":19},"end":{"line":34,"column":null}}],"line":34},"2":{"loc":{"start":{"line":35,"column":12},"end":{"line":35,"column":null}},"type":"default-arg","locations":[{"start":{"line":35,"column":24},"end":{"line":35,"column":null}}],"line":35},"3":{"loc":{"start":{"line":37,"column":12},"end":{"line":37,"column":null}},"type":"default-arg","locations":[{"start":{"line":37,"column":24},"end":{"line":37,"column":null}}],"line":37},"4":{"loc":{"start":{"line":39,"column":12},"end":{"line":39,"column":null}},"type":"default-arg","locations":[{"start":{"line":39,"column":19},"end":{"line":39,"column":null}}],"line":39},"5":{"loc":{"start":{"line":44,"column":27},"end":{"line":44,"column":null}},"type":"binary-expr","locations":[{"start":{"line":44,"column":27},"end":{"line":44,"column":39}},{"start":{"line":44,"column":39},"end":{"line":44,"column":null}}],"line":44},"6":{"loc":{"start":{"line":49,"column":31},"end":{"line":51,"column":null}},"type":"cond-expr","locations":[{"start":{"line":50,"column":14},"end":{"line":50,"column":null}},{"start":{"line":51,"column":14},"end":{"line":51,"column":null}}],"line":49}},"s":{"0":5,"1":5,"2":5,"3":79,"4":79,"5":79,"6":79,"7":5},"f":{"0":79},"b":{"0":[79],"1":[79],"2":[79],"3":[79],"4":[79],"5":[79,74],"6":[7,72]},"meta":{"lastBranch":7,"lastFunction":1,"lastStatement":8,"seen":{"s:13:53:22:Infinity":0,"s:24:47:28:Infinity":1,"s:30:13:66:Infinity":2,"f:31:4:31:Infinity":0,"b:33:22:33:Infinity":0,"b:34:19:34:Infinity":1,"b:35:24:35:Infinity":2,"b:37:24:37:Infinity":3,"b:39:19:39:Infinity":4,"s:44:27:44:Infinity":3,"b:44:27:44:39:44:39:44:Infinity":5,"s:47:12:47:Infinity":4,"s:49:31:51:Infinity":5,"b:50:14:50:Infinity:51:14:51:Infinity":6,"s:53:8:63:Infinity":6,"s:68:0:68:Infinity":7}}}
,"C:\\Users\\lauru\\Desktop\\Proyectos-Portafolio\\estudio-martinez\\src\\components\\ui\\Card.tsx": {"path":"C:\\Users\\lauru\\Desktop\\Proyectos-Portafolio\\estudio-martinez\\src\\components\\ui\\Card.tsx","statementMap":{"0":{"start":{"line":9,"column":4},"end":{"line":14,"column":null}}},"fnMap":{"0":{"name":"Card","decl":{"start":{"line":8,"column":16},"end":{"line":8,"column":21}},"loc":{"start":{"line":8,"column":62},"end":{"line":16,"column":null}},"line":8}},"branchMap":{"0":{"loc":{"start":{"line":8,"column":33},"end":{"line":8,"column":48}},"type":"default-arg","locations":[{"start":{"line":8,"column":45},"end":{"line":8,"column":48}}],"line":8}},"s":{"0":35},"f":{"0":35},"b":{"0":[35]},"meta":{"lastBranch":1,"lastFunction":1,"lastStatement":1,"seen":{"f:8:16:8:21":0,"b:8:45:8:48":0,"s:9:4:14:Infinity":0}}}
,"C:\\Users\\lauru\\Desktop\\Proyectos-Portafolio\\estudio-martinez\\src\\components\\ui\\Input.tsx": {"path":"C:\\Users\\lauru\\Desktop\\Proyectos-Portafolio\\estudio-martinez\\src\\components\\ui\\Input.tsx","statementMap":{"0":{"start":{"line":11,"column":13},"end":{"line":80,"column":null}},"1":{"start":{"line":16,"column":23},"end":{"line":16,"column":null}},"2":{"start":{"line":17,"column":24},"end":{"line":17,"column":null}},"3":{"start":{"line":19,"column":8},"end":{"line":77,"column":null}},"4":{"start":{"line":82,"column":0},"end":{"line":82,"column":null}}},"fnMap":{"0":{"name":"(anonymous_0)","decl":{"start":{"line":12,"column":4},"end":{"line":12,"column":null}},"loc":{"start":{"line":15,"column":9},"end":{"line":79,"column":null}},"line":15}},"branchMap":{"0":{"loc":{"start":{"line":13,"column":47},"end":{"line":13,"column":63}},"type":"default-arg","locations":[{"start":{"line":13,"column":59},"end":{"line":13,"column":63}}],"line":13},"1":{"loc":{"start":{"line":38,"column":18},"end":{"line":40,"column":null}},"type":"cond-expr","locations":[{"start":{"line":39,"column":24},"end":{"line":39,"column":null}},{"start":{"line":40,"column":24},"end":{"line":40,"column":null}}],"line":38},"2":{"loc":{"start":{"line":47,"column":28},"end":{"line":47,"column":null}},"type":"cond-expr","locations":[{"start":{"line":47,"column":36},"end":{"line":47,"column":46}},{"start":{"line":47,"column":46},"end":{"line":47,"column":null}}],"line":47},"3":{"loc":{"start":{"line":47,"column":46},"end":{"line":47,"column":null}},"type":"cond-expr","locations":[{"start":{"line":47,"column":57},"end":{"line":47,"column":66}},{"start":{"line":47,"column":66},"end":{"line":47,"column":null}}],"line":47},"4":{"loc":{"start":{"line":53,"column":21},"end":{"line":57,"column":null}},"type":"binary-expr","locations":[{"start":{"line":53,"column":21},"end":{"line":53,"column":32}},{"start":{"line":53,"column":32},"end":{"line":53,"column":null}},{"start":{"line":54,"column":24},"end":{"line":57,"column":null}}],"line":53},"5":{"loc":{"start":{"line":61,"column":17},"end":{"line":69,"column":null}},"type":"binary-expr","locations":[{"start":{"line":61,"column":17},"end":{"line":61,"column":null}},{"start":{"line":62,"column":20},"end":{"line":69,"column":null}}],"line":61},"6":{"loc":{"start":{"line":72,"column":17},"end":{"line":75,"column":null}},"type":"binary-expr","locations":[{"start":{"line":72,"column":17},"end":{"line":72,"column":27}},{"start":{"line":72,"column":27},"end":{"line":72,"column":null}},{"start":{"line":73,"column":20},"end":{"line":75,"column":null}}],"line":72}},"s":{"0":5,"1":128,"2":128,"3":128,"4":5},"f":{"0":128},"b":{"0":[128],"1":[13,115],"2":[13,115],"3":[2,113],"4":[128,16,14],"5":[128,13],"6":[128,115,2]},"meta":{"lastBranch":7,"lastFunction":1,"lastStatement":5,"seen":{"s:11:13:80:Infinity":0,"f:12:4:12:Infinity":0,"b:13:59:13:63":0,"s:16:23:16:Infinity":1,"s:17:24:17:Infinity":2,"s:19:8:77:Infinity":3,"b:39:24:39:Infinity:40:24:40:Infinity":1,"b:47:36:47:46:47:46:47:Infinity":2,"b:47:57:47:66:47:66:47:Infinity":3,"b:53:21:53:32:53:32:53:Infinity:54:24:57:Infinity":4,"b:61:17:61:Infinity:62:20:69:Infinity":5,"b:72:17:72:27:72:27:72:Infinity:73:20:75:Infinity":6,"s:82:0:82:Infinity":4}}}
,"C:\\Users\\lauru\\Desktop\\Proyectos-Portafolio\\estudio-martinez\\src\\components\\ui\\Textarea.tsx": {"path":"C:\\Users\\lauru\\Desktop\\Proyectos-Portafolio\\estudio-martinez\\src\\components\\ui\\Textarea.tsx","statementMap":{"0":{"start":{"line":11,"column":13},"end":{"line":83,"column":null}},"1":{"start":{"line":17,"column":12},"end":{"line":17,"column":null}},"2":{"start":{"line":19,"column":24},"end":{"line":19,"column":null}},"3":{"start":{"line":20,"column":23},"end":{"line":20,"column":null}},"4":{"start":{"line":22,"column":8},"end":{"line":80,"column":null}},"5":{"start":{"line":85,"column":0},"end":{"line":85,"column":null}}},"fnMap":{"0":{"name":"(anonymous_0)","decl":{"start":{"line":12,"column":4},"end":{"line":12,"column":null}},"loc":{"start":{"line":15,"column":9},"end":{"line":82,"column":null}},"line":15}},"branchMap":{"0":{"loc":{"start":{"line":13,"column":38},"end":{"line":13,"column":54}},"type":"default-arg","locations":[{"start":{"line":13,"column":50},"end":{"line":13,"column":54}}],"line":13},"1":{"loc":{"start":{"line":17,"column":12},"end":{"line":17,"column":null}},"type":"binary-expr","locations":[{"start":{"line":17,"column":12},"end":{"line":17,"column":18}},{"start":{"line":17,"column":18},"end":{"line":17,"column":null}}],"line":17},"2":{"loc":{"start":{"line":37,"column":28},"end":{"line":37,"column":null}},"type":"cond-expr","locations":[{"start":{"line":37,"column":36},"end":{"line":37,"column":46}},{"start":{"line":37,"column":46},"end":{"line":37,"column":null}}],"line":37},"3":{"loc":{"start":{"line":37,"column":46},"end":{"line":37,"column":null}},"type":"cond-expr","locations":[{"start":{"line":37,"column":57},"end":{"line":37,"column":66}},{"start":{"line":37,"column":66},"end":{"line":37,"column":null}}],"line":37},"4":{"loc":{"start":{"line":45,"column":18},"end":{"line":47,"column":null}},"type":"cond-expr","locations":[{"start":{"line":46,"column":24},"end":{"line":46,"column":null}},{"start":{"line":47,"column":24},"end":{"line":47,"column":null}}],"line":45},"5":{"loc":{"start":{"line":56,"column":21},"end":{"line":57,"column":null}},"type":"binary-expr","locations":[{"start":{"line":56,"column":21},"end":{"line":56,"column":32}},{"start":{"line":56,"column":32},"end":{"line":56,"column":null}},{"start":{"line":57,"column":24},"end":{"line":57,"column":null}}],"line":56},"6":{"loc":{"start":{"line":60,"column":21},"end":{"line":61,"column":null}},"type":"binary-expr","locations":[{"start":{"line":60,"column":21},"end":{"line":60,"column":null}},{"start":{"line":61,"column":24},"end":{"line":61,"column":null}}],"line":60},"7":{"loc":{"start":{"line":65,"column":17},"end":{"line":72,"column":null}},"type":"binary-expr","locations":[{"start":{"line":65,"column":17},"end":{"line":65,"column":null}},{"start":{"line":66,"column":20},"end":{"line":72,"column":null}}],"line":65},"8":{"loc":{"start":{"line":75,"column":17},"end":{"line":78,"column":null}},"type":"binary-expr","locations":[{"start":{"line":75,"column":17},"end":{"line":75,"column":27}},{"start":{"line":75,"column":27},"end":{"line":75,"column":null}},{"start":{"line":76,"column":20},"end":{"line":78,"column":null}}],"line":75}},"s":{"0":5,"1":106,"2":106,"3":106,"4":106,"5":5},"f":{"0":106},"b":{"0":[106],"1":[106,71],"2":[13,93],"3":[4,89],"4":[13,93],"5":[106,6,5],"6":[106,13],"7":[106,13],"8":[106,93,4]},"meta":{"lastBranch":9,"lastFunction":1,"lastStatement":6,"seen":{"s:11:13:83:Infinity":0,"f:12:4:12:Infinity":0,"b:13:50:13:54":0,"s:17:12:17:Infinity":1,"b:17:12:17:18:17:18:17:Infinity":1,"s:19:24:19:Infinity":2,"s:20:23:20:Infinity":3,"s:22:8:80:Infinity":4,"b:37:36:37:46:37:46:37:Infinity":2,"b:37:57:37:66:37:66:37:Infinity":3,"b:46:24:46:Infinity:47:24:47:Infinity":4,"b:56:21:56:32:56:32:56:Infinity:57:24:57:Infinity":5,"b:60:21:60:Infinity:61:24:61:Infinity":6,"b:65:17:65:Infinity:66:20:72:Infinity":7,"b:75:17:75:27:75:27:75:Infinity:76:20:78:Infinity":8,"s:85:0:85:Infinity":5}}}
,"C:\\Users\\lauru\\Desktop\\Proyectos-Portafolio\\estudio-martinez\\src\\components\\ui\\WhatsAppFloat.tsx": {"path":"C:\\Users\\lauru\\Desktop\\Proyectos-Portafolio\\estudio-martinez\\src\\components\\ui\\WhatsAppFloat.tsx","statementMap":{"0":{"start":{"line":7,"column":36},"end":{"line":7,"column":null}},"1":{"start":{"line":9,"column":4},"end":{"line":56,"column":null}},"2":{"start":{"line":14,"column":39},"end":{"line":14,"column":null}},"3":{"start":{"line":47,"column":31},"end":{"line":47,"column":null}}},"fnMap":{"0":{"name":"WhatsAppFloat","decl":{"start":{"line":6,"column":16},"end":{"line":6,"column":32}},"loc":{"start":{"line":6,"column":32},"end":{"line":58,"column":null}},"line":6},"1":{"name":"(anonymous_1)","decl":{"start":{"line":14,"column":33},"end":{"line":14,"column":39}},"loc":{"start":{"line":14,"column":39},"end":{"line":14,"column":null}},"line":14},"2":{"name":"(anonymous_2)","decl":{"start":{"line":47,"column":25},"end":{"line":47,"column":31}},"loc":{"start":{"line":47,"column":31},"end":{"line":47,"column":null}},"line":47}},"branchMap":{"0":{"loc":{"start":{"line":11,"column":13},"end":{"line":43,"column":null}},"type":"binary-expr","locations":[{"start":{"line":11,"column":13},"end":{"line":11,"column":null}},{"start":{"line":12,"column":16},"end":{"line":43,"column":null}}],"line":11}},"s":{"0":10,"1":10,"2":1,"3":4},"f":{"0":10,"1":1,"2":4},"b":{"0":[10,4]},"meta":{"lastBranch":1,"lastFunction":3,"lastStatement":4,"seen":{"f:6:16:6:32":0,"s:7:36:7:Infinity":0,"s:9:4:56:Infinity":1,"b:11:13:11:Infinity:12:16:43:Infinity":0,"f:14:33:14:39":1,"s:14:39:14:Infinity":2,"f:47:25:47:31":2,"s:47:31:47:Infinity":3}}}
,"C:\\Users\\lauru\\Desktop\\Proyectos-Portafolio\\estudio-martinez\\src\\components\\ui\\WhatsAppIcon.tsx": {"path":"C:\\Users\\lauru\\Desktop\\Proyectos-Portafolio\\estudio-martinez\\src\\components\\ui\\WhatsAppIcon.tsx","statementMap":{"0":{"start":{"line":7,"column":4},"end":{"line":18,"column":null}}},"fnMap":{"0":{"name":"WhatsAppIcon","decl":{"start":{"line":6,"column":16},"end":{"line":6,"column":29}},"loc":{"start":{"line":6,"column":79},"end":{"line":20,"column":null}},"line":6}},"branchMap":{"0":{"loc":{"start":{"line":6,"column":31},"end":{"line":6,"column":42}},"type":"default-arg","locations":[{"start":{"line":6,"column":38},"end":{"line":6,"column":42}}],"line":6},"1":{"loc":{"start":{"line":6,"column":42},"end":{"line":6,"column":57}},"type":"default-arg","locations":[{"start":{"line":6,"column":54},"end":{"line":6,"column":57}}],"line":6}},"s":{"0":26},"f":{"0":26},"b":{"0":[26],"1":[26]},"meta":{"lastBranch":2,"lastFunction":1,"lastStatement":1,"seen":{"f:6:16:6:29":0,"b:6:38:6:42":0,"b:6:54:6:57":1,"s:7:4:18:Infinity":0}}}
,"C:\\Users\\lauru\\Desktop\\Proyectos-Portafolio\\estudio-martinez\\src\\components\\ui\\index.ts": {"path":"C:\\Users\\lauru\\Desktop\\Proyectos-Portafolio\\estudio-martinez\\src\\components\\ui\\index.ts","statementMap":{},"fnMap":{},"branchMap":{},"s":{},"f":{},"b":{},"meta":{"lastBranch":0,"lastFunction":0,"lastStatement":0,"seen":{}}}
,"C:\\Users\\lauru\\Desktop\\Proyectos-Portafolio\\estudio-martinez\\src\\config\\site.ts": {"path":"C:\\Users\\lauru\\Desktop\\Proyectos-Portafolio\\estudio-martinez\\src\\config\\site.ts","statementMap":{"0":{"start":{"line":1,"column":27},"end":{"line":15,"column":null}},"1":{"start":{"line":17,"column":29},"end":{"line":50,"column":null}}},"fnMap":{},"branchMap":{},"s":{"0":4,"1":4},"f":{},"b":{},"meta":{"lastBranch":0,"lastFunction":0,"lastStatement":2,"seen":{"s:1:27:15:Infinity":0,"s:17:29:50:Infinity":1}}}
,"C:\\Users\\lauru\\Desktop\\Proyectos-Portafolio\\estudio-martinez\\src\\data\\faq.ts": {"path":"C:\\Users\\lauru\\Desktop\\Proyectos-Portafolio\\estudio-martinez\\src\\data\\faq.ts","statementMap":{"0":{"start":{"line":3,"column":34},"end":{"line":45,"column":null}}},"fnMap":{},"branchMap":{},"s":{"0":3},"f":{},"b":{},"meta":{"lastBranch":0,"lastFunction":0,"lastStatement":1,"seen":{"s:3:34:45:Infinity":0}}}
,"C:\\Users\\lauru\\Desktop\\Proyectos-Portafolio\\estudio-martinez\\src\\data\\services.ts": {"path":"C:\\Users\\lauru\\Desktop\\Proyectos-Portafolio\\estudio-martinez\\src\\data\\services.ts","statementMap":{"0":{"start":{"line":11,"column":39},"end":{"line":60,"column":null}}},"fnMap":{},"branchMap":{},"s":{"0":3},"f":{},"b":{},"meta":{"lastBranch":0,"lastFunction":0,"lastStatement":1,"seen":{"s:11:39:60:Infinity":0}}}
,"C:\\Users\\lauru\\Desktop\\Proyectos-Portafolio\\estudio-martinez\\src\\data\\testimonials.ts": {"path":"C:\\Users\\lauru\\Desktop\\Proyectos-Portafolio\\estudio-martinez\\src\\data\\testimonials.ts","statementMap":{"0":{"start":{"line":1,"column":28},"end":{"line":26,"column":null}}},"fnMap":{},"branchMap":{},"s":{"0":3},"f":{},"b":{},"meta":{"lastBranch":0,"lastFunction":0,"lastStatement":1,"seen":{"s:1:28:26:Infinity":0}}}
,"C:\\Users\\lauru\\Desktop\\Proyectos-Portafolio\\estudio-martinez\\src\\hooks\\useContactForm.ts": {"path":"C:\\Users\\lauru\\Desktop\\Proyectos-Portafolio\\estudio-martinez\\src\\hooks\\useContactForm.ts","statementMap":{"0":{"start":{"line":31,"column":32},"end":{"line":36,"column":null}},"1":{"start":{"line":38,"column":28},"end":{"line":38,"column":null}},"2":{"start":{"line":39,"column":30},"end":{"line":44,"column":null}},"3":{"start":{"line":46,"column":40},"end":{"line":46,"column":null}},"4":{"start":{"line":47,"column":40},"end":{"line":49,"column":null}},"5":{"start":{"line":51,"column":26},"end":{"line":98,"column":null}},"6":{"start":{"line":55,"column":8},"end":{"line":97,"column":null}},"7":{"start":{"line":57,"column":29},"end":{"line":57,"column":null}},"8":{"start":{"line":58,"column":16},"end":{"line":58,"column":null}},"9":{"start":{"line":58,"column":27},"end":{"line":58,"column":null}},"10":{"start":{"line":59,"column":16},"end":{"line":60,"column":null}},"11":{"start":{"line":60,"column":20},"end":{"line":60,"column":null}},"12":{"start":{"line":61,"column":34},"end":{"line":61,"column":null}},"13":{"start":{"line":62,"column":16},"end":{"line":63,"column":null}},"14":{"start":{"line":63,"column":20},"end":{"line":63,"column":null}},"15":{"start":{"line":64,"column":16},"end":{"line":64,"column":null}},"16":{"start":{"line":68,"column":16},"end":{"line":68,"column":null}},"17":{"start":{"line":68,"column":28},"end":{"line":68,"column":null}},"18":{"start":{"line":69,"column":35},"end":{"line":69,"column":null}},"19":{"start":{"line":70,"column":16},"end":{"line":70,"column":null}},"20":{"start":{"line":70,"column":45},"end":{"line":70,"column":null}},"21":{"start":{"line":71,"column":16},"end":{"line":71,"column":null}},"22":{"start":{"line":75,"column":16},"end":{"line":75,"column":null}},"23":{"start":{"line":75,"column":28},"end":{"line":75,"column":null}},"24":{"start":{"line":77,"column":16},"end":{"line":78,"column":null}},"25":{"start":{"line":78,"column":20},"end":{"line":78,"column":null}},"26":{"start":{"line":79,"column":35},"end":{"line":79,"column":null}},"27":{"start":{"line":80,"column":16},"end":{"line":81,"column":null}},"28":{"start":{"line":81,"column":20},"end":{"line":81,"column":null}},"29":{"start":{"line":82,"column":16},"end":{"line":82,"column":null}},"30":{"start":{"line":86,"column":16},"end":{"line":86,"column":null}},"31":{"start":{"line":86,"column":28},"end":{"line":86,"column":null}},"32":{"start":{"line":87,"column":16},"end":{"line":88,"column":null}},"33":{"start":{"line":88,"column":20},"end":{"line":88,"column":null}},"34":{"start":{"line":89,"column":16},"end":{"line":89,"column":null}},"35":{"start":{"line":89,"column":41},"end":{"line":89,"column":null}},"36":{"start":{"line":90,"column":16},"end":{"line":91,"column":null}},"37":{"start":{"line":91,"column":20},"end":{"line":91,"column":null}},"38":{"start":{"line":92,"column":16},"end":{"line":92,"column":null}},"39":{"start":{"line":96,"column":16},"end":{"line":96,"column":null}},"40":{"start":{"line":100,"column":25},"end":{"line":109,"column":null}},"41":{"start":{"line":101,"column":8},"end":{"line":101,"column":null}},"42":{"start":{"line":101,"column":31},"end":{"line":101,"column":59}},"43":{"start":{"line":103,"column":8},"end":{"line":108,"column":null}},"44":{"start":{"line":104,"column":12},"end":{"line":107,"column":null}},"45":{"start":{"line":104,"column":33},"end":{"line":107,"column":14}},"46":{"start":{"line":111,"column":23},"end":{"line":128,"column":null}},"47":{"start":{"line":112,"column":8},"end":{"line":112,"column":null}},"48":{"start":{"line":112,"column":30},"end":{"line":112,"column":57}},"49":{"start":{"line":114,"column":8},"end":{"line":127,"column":null}},"50":{"start":{"line":115,"column":24},"end":{"line":115,"column":null}},"51":{"start":{"line":116,"column":12},"end":{"line":118,"column":null}},"52":{"start":{"line":117,"column":16},"end":{"line":117,"column":null}},"53":{"start":{"line":121,"column":12},"end":{"line":124,"column":null}},"54":{"start":{"line":121,"column":39},"end":{"line":124,"column":14}},"55":{"start":{"line":126,"column":12},"end":{"line":126,"column":null}},"56":{"start":{"line":130,"column":25},"end":{"line":174,"column":null}},"57":{"start":{"line":131,"column":8},"end":{"line":131,"column":null}},"58":{"start":{"line":134,"column":8},"end":{"line":134,"column":null}},"59":{"start":{"line":137,"column":38},"end":{"line":142,"column":null}},"60":{"start":{"line":143,"column":8},"end":{"line":143,"column":null}},"61":{"start":{"line":146,"column":26},"end":{"line":146,"column":null}},"62":{"start":{"line":147,"column":8},"end":{"line":149,"column":null}},"63":{"start":{"line":148,"column":12},"end":{"line":148,"column":null}},"64":{"start":{"line":152,"column":8},"end":{"line":152,"column":null}},"65":{"start":{"line":153,"column":8},"end":{"line":153,"column":null}},"66":{"start":{"line":155,"column":8},"end":{"line":173,"column":null}},"67":{"start":{"line":157,"column":12},"end":{"line":166,"column":null}},"68":{"start":{"line":158,"column":16},"end":{"line":165,"column":null}},"69":{"start":{"line":160,"column":20},"end":{"line":164,"column":null}},"70":{"start":{"line":161,"column":24},"end":{"line":161,"column":null}},"71":{"start":{"line":163,"column":24},"end":{"line":163,"column":null}},"72":{"start":{"line":167,"column":12},"end":{"line":167,"column":null}},"73":{"start":{"line":168,"column":12},"end":{"line":168,"column":null}},"74":{"start":{"line":170,"column":12},"end":{"line":170,"column":null}},"75":{"start":{"line":172,"column":12},"end":{"line":172,"column":null}},"76":{"start":{"line":176,"column":22},"end":{"line":180,"column":null}},"77":{"start":{"line":177,"column":8},"end":{"line":177,"column":null}},"78":{"start":{"line":178,"column":8},"end":{"line":178,"column":null}},"79":{"start":{"line":179,"column":8},"end":{"line":179,"column":null}},"80":{"start":{"line":182,"column":4},"end":{"line":193,"column":null}}},"fnMap":{"0":{"name":"useContactForm","decl":{"start":{"line":30,"column":16},"end":{"line":30,"column":55}},"loc":{"start":{"line":30,"column":55},"end":{"line":194,"column":null}},"line":30},"1":{"name":"(anonymous_1)","decl":{"start":{"line":51,"column":26},"end":{"line":51,"column":null}},"loc":{"start":{"line":54,"column":29},"end":{"line":98,"column":null}},"line":54},"2":{"name":"(anonymous_2)","decl":{"start":{"line":100,"column":25},"end":{"line":100,"column":26}},"loc":{"start":{"line":100,"column":67},"end":{"line":109,"column":null}},"line":100},"3":{"name":"(anonymous_3)","decl":{"start":{"line":101,"column":20},"end":{"line":101,"column":21}},"loc":{"start":{"line":101,"column":31},"end":{"line":101,"column":59}},"line":101},"4":{"name":"(anonymous_4)","decl":{"start":{"line":104,"column":22},"end":{"line":104,"column":23}},"loc":{"start":{"line":104,"column":33},"end":{"line":107,"column":14}},"line":104},"5":{"name":"(anonymous_5)","decl":{"start":{"line":111,"column":23},"end":{"line":111,"column":24}},"loc":{"start":{"line":111,"column":50},"end":{"line":128,"column":null}},"line":111},"6":{"name":"(anonymous_6)","decl":{"start":{"line":112,"column":19},"end":{"line":112,"column":20}},"loc":{"start":{"line":112,"column":30},"end":{"line":112,"column":57}},"line":112},"7":{"name":"(anonymous_7)","decl":{"start":{"line":114,"column":20},"end":{"line":114,"column":21}},"loc":{"start":{"line":114,"column":30},"end":{"line":127,"column":9}},"line":114},"8":{"name":"(anonymous_8)","decl":{"start":{"line":121,"column":22},"end":{"line":121,"column":23}},"loc":{"start":{"line":121,"column":39},"end":{"line":124,"column":14}},"line":121},"9":{"name":"(anonymous_9)","decl":{"start":{"line":130,"column":25},"end":{"line":130,"column":32}},"loc":{"start":{"line":130,"column":76},"end":{"line":174,"column":null}},"line":130},"10":{"name":"(anonymous_10)","decl":{"start":{"line":157,"column":30},"end":{"line":157,"column":31}},"loc":{"start":{"line":157,"column":51},"end":{"line":166,"column":13}},"line":157},"11":{"name":"(anonymous_11)","decl":{"start":{"line":158,"column":27},"end":{"line":158,"column":33}},"loc":{"start":{"line":158,"column":33},"end":{"line":165,"column":19}},"line":158},"12":{"name":"(anonymous_12)","decl":{"start":{"line":176,"column":22},"end":{"line":176,"column":28}},"loc":{"start":{"line":176,"column":28},"end":{"line":180,"column":null}},"line":176}},"branchMap":{"0":{"loc":{"start":{"line":55,"column":8},"end":{"line":97,"column":null}},"type":"switch","locations":[{"start":{"line":56,"column":12},"end":{"line":65,"column":null}},{"start":{"line":67,"column":12},"end":{"line":72,"column":null}},{"start":{"line":74,"column":12},"end":{"line":83,"column":null}},{"start":{"line":85,"column":12},"end":{"line":93,"column":null}},{"start":{"line":95,"column":12},"end":{"line":96,"column":null}}],"line":55},"1":{"loc":{"start":{"line":58,"column":16},"end":{"line":58,"column":null}},"type":"if","locations":[{"start":{"line":58,"column":16},"end":{"line":58,"column":null}},{"start":{},"end":{}}],"line":58},"2":{"loc":{"start":{"line":59,"column":16},"end":{"line":60,"column":null}},"type":"if","locations":[{"start":{"line":59,"column":16},"end":{"line":60,"column":null}},{"start":{},"end":{}}],"line":59},"3":{"loc":{"start":{"line":59,"column":20},"end":{"line":59,"column":null}},"type":"binary-expr","locations":[{"start":{"line":59,"column":20},"end":{"line":59,"column":39}},{"start":{"line":59,"column":39},"end":{"line":59,"column":null}}],"line":59},"4":{"loc":{"start":{"line":62,"column":16},"end":{"line":63,"column":null}},"type":"if","locations":[{"start":{"line":62,"column":16},"end":{"line":63,"column":null}},{"start":{},"end":{}}],"line":62},"5":{"loc":{"start":{"line":68,"column":16},"end":{"line":68,"column":null}},"type":"if","locations":[{"start":{"line":68,"column":16},"end":{"line":68,"column":null}},{"start":{},"end":{}}],"line":68},"6":{"loc":{"start":{"line":70,"column":16},"end":{"line":70,"column":null}},"type":"if","locations":[{"start":{"line":70,"column":16},"end":{"line":70,"column":null}},{"start":{},"end":{}}],"line":70},"7":{"loc":{"start":{"line":75,"column":16},"end":{"line":75,"column":null}},"type":"if","locations":[{"start":{"line":75,"column":16},"end":{"line":75,"column":null}},{"start":{},"end":{}}],"line":75},"8":{"loc":{"start":{"line":77,"column":16},"end":{"line":78,"column":null}},"type":"if","locations":[{"start":{"line":77,"column":16},"end":{"line":78,"column":null}},{"start":{},"end":{}}],"line":77},"9":{"loc":{"start":{"line":80,"column":16},"end":{"line":81,"column":null}},"type":"if","locations":[{"start":{"line":80,"column":16},"end":{"line":81,"column":null}},{"start":{},"end":{}}],"line":80},"10":{"loc":{"start":{"line":86,"column":16},"end":{"line":86,"column":null}},"type":"if","locations":[{"start":{"line":86,"column":16},"end":{"line":86,"column":null}},{"start":{},"end":{}}],"line":86},"11":{"loc":{"start":{"line":87,"column":16},"end":{"line":88,"column":null}},"type":"if","locations":[{"start":{"line":87,"column":16},"end":{"line":88,"column":null}},{"start":{},"end":{}}],"line":87},"12":{"loc":{"start":{"line":89,"column":16},"end":{"line":89,"column":null}},"type":"if","locations":[{"start":{"line":89,"column":16},"end":{"line":89,"column":null}},{"start":{},"end":{}}],"line":89},"13":{"loc":{"start":{"line":90,"column":16},"end":{"line":91,"column":null}},"type":"if","locations":[{"start":{"line":90,"column":16},"end":{"line":91,"column":null}},{"start":{},"end":{}}],"line":90},"14":{"loc":{"start":{"line":103,"column":8},"end":{"line":108,"column":null}},"type":"if","locations":[{"start":{"line":103,"column":8},"end":{"line":108,"column":null}},{"start":{},"end":{}}],"line":103},"15":{"loc":{"start":{"line":116,"column":12},"end":{"line":118,"column":null}},"type":"if","locations":[{"start":{"line":116,"column":12},"end":{"line":118,"column":null}},{"start":{},"end":{}}],"line":116},"16":{"loc":{"start":{"line":126,"column":19},"end":{"line":126,"column":null}},"type":"cond-expr","locations":[{"start":{"line":126,"column":38},"end":{"line":126,"column":65}},{"start":{"line":126,"column":65},"end":{"line":126,"column":null}}],"line":126},"17":{"loc":{"start":{"line":147,"column":8},"end":{"line":149,"column":null}},"type":"if","locations":[{"start":{"line":147,"column":8},"end":{"line":149,"column":null}},{"start":{},"end":{}}],"line":147},"18":{"loc":{"start":{"line":160,"column":20},"end":{"line":164,"column":null}},"type":"if","locations":[{"start":{"line":160,"column":20},"end":{"line":164,"column":null}},{"start":{"line":162,"column":27},"end":{"line":164,"column":null}}],"line":160}},"s":{"0":179,"1":179,"2":179,"3":179,"4":179,"5":179,"6":100,"7":26,"8":26,"9":5,"10":21,"11":4,"12":17,"13":17,"14":1,"15":16,"16":34,"17":2,"18":32,"19":32,"20":12,"21":20,"22":20,"23":1,"24":19,"25":19,"26":18,"27":18,"28":3,"29":15,"30":19,"31":1,"32":18,"33":18,"34":14,"35":14,"36":12,"37":1,"38":11,"39":1,"40":179,"41":80,"42":80,"43":80,"44":14,"45":14,"46":179,"47":51,"48":50,"49":51,"50":50,"51":50,"52":15,"53":50,"54":50,"55":50,"56":179,"57":9,"58":9,"59":9,"60":9,"61":9,"62":9,"63":2,"64":7,"65":7,"66":7,"67":7,"68":7,"69":7,"70":1,"71":6,"72":6,"73":6,"74":1,"75":7,"76":179,"77":7,"78":7,"79":7,"80":179},"f":{"0":179,"1":100,"2":80,"3":80,"4":14,"5":51,"6":50,"7":50,"8":50,"9":9,"10":7,"11":7,"12":7},"b":{"0":[26,34,20,19,1],"1":[5,21],"2":[4,17],"3":[21,17],"4":[1,16],"5":[2,32],"6":[12,20],"7":[1,19],"8":[1,18],"9":[3,15],"10":[1,18],"11":[4,14],"12":[2,12],"13":[1,11],"14":[14,66],"15":[15,35],"16":[15,35],"17":[2,7],"18":[1,6]},"meta":{"lastBranch":19,"lastFunction":13,"lastStatement":81,"seen":{"f:30:16:30:55":0,"s:31:32:36:Infinity":0,"s:38:28:38:Infinity":1,"s:39:30:44:Infinity":2,"s:46:40:46:Infinity":3,"s:47:40:49:Infinity":4,"s:51:26:98:Infinity":5,"f:51:26:51:Infinity":1,"b:56:12:65:Infinity:67:12:72:Infinity:74:12:83:Infinity:85:12:93:Infinity:95:12:96:Infinity":0,"s:55:8:97:Infinity":6,"s:57:29:57:Infinity":7,"b:58:16:58:Infinity:undefined:undefined:undefined:undefined":1,"s:58:16:58:Infinity":8,"s:58:27:58:Infinity":9,"b:59:16:60:Infinity:undefined:undefined:undefined:undefined":2,"s:59:16:60:Infinity":10,"b:59:20:59:39:59:39:59:Infinity":3,"s:60:20:60:Infinity":11,"s:61:34:61:Infinity":12,"b:62:16:63:Infinity:undefined:undefined:undefined:undefined":4,"s:62:16:63:Infinity":13,"s:63:20:63:Infinity":14,"s:64:16:64:Infinity":15,"b:68:16:68:Infinity:undefined:undefined:undefined:undefined":5,"s:68:16:68:Infinity":16,"s:68:28:68:Infinity":17,"s:69:35:69:Infinity":18,"b:70:16:70:Infinity:undefined:undefined:undefined:undefined":6,"s:70:16:70:Infinity":19,"s:70:45:70:Infinity":20,"s:71:16:71:Infinity":21,"b:75:16:75:Infinity:undefined:undefined:undefined:undefined":7,"s:75:16:75:Infinity":22,"s:75:28:75:Infinity":23,"b:77:16:78:Infinity:undefined:undefined:undefined:undefined":8,"s:77:16:78:Infinity":24,"s:78:20:78:Infinity":25,"s:79:35:79:Infinity":26,"b:80:16:81:Infinity:undefined:undefined:undefined:undefined":9,"s:80:16:81:Infinity":27,"s:81:20:81:Infinity":28,"s:82:16:82:Infinity":29,"b:86:16:86:Infinity:undefined:undefined:undefined:undefined":10,"s:86:16:86:Infinity":30,"s:86:28:86:Infinity":31,"b:87:16:88:Infinity:undefined:undefined:undefined:undefined":11,"s:87:16:88:Infinity":32,"s:88:20:88:Infinity":33,"b:89:16:89:Infinity:undefined:undefined:undefined:undefined":12,"s:89:16:89:Infinity":34,"s:89:41:89:Infinity":35,"b:90:16:91:Infinity:undefined:undefined:undefined:undefined":13,"s:90:16:91:Infinity":36,"s:91:20:91:Infinity":37,"s:92:16:92:Infinity":38,"s:96:16:96:Infinity":39,"s:100:25:109:Infinity":40,"f:100:25:100:26":2,"s:101:8:101:Infinity":41,"f:101:20:101:21":3,"s:101:31:101:59":42,"b:103:8:108:Infinity:undefined:undefined:undefined:undefined":14,"s:103:8:108:Infinity":43,"s:104:12:107:Infinity":44,"f:104:22:104:23":4,"s:104:33:107:14":45,"s:111:23:128:Infinity":46,"f:111:23:111:24":5,"s:112:8:112:Infinity":47,"f:112:19:112:20":6,"s:112:30:112:57":48,"s:114:8:127:Infinity":49,"f:114:20:114:21":7,"s:115:24:115:Infinity":50,"b:116:12:118:Infinity:undefined:undefined:undefined:undefined":15,"s:116:12:118:Infinity":51,"s:117:16:117:Infinity":52,"s:121:12:124:Infinity":53,"f:121:22:121:23":8,"s:121:39:124:14":54,"s:126:12:126:Infinity":55,"b:126:38:126:65:126:65:126:Infinity":16,"s:130:25:174:Infinity":56,"f:130:25:130:32":9,"s:131:8:131:Infinity":57,"s:134:8:134:Infinity":58,"s:137:38:142:Infinity":59,"s:143:8:143:Infinity":60,"s:146:26:146:Infinity":61,"b:147:8:149:Infinity:undefined:undefined:undefined:undefined":17,"s:147:8:149:Infinity":62,"s:148:12:148:Infinity":63,"s:152:8:152:Infinity":64,"s:153:8:153:Infinity":65,"s:155:8:173:Infinity":66,"s:157:12:166:Infinity":67,"f:157:30:157:31":10,"s:158:16:165:Infinity":68,"f:158:27:158:33":11,"b:160:20:164:Infinity:162:27:164:Infinity":18,"s:160:20:164:Infinity":69,"s:161:24:161:Infinity":70,"s:163:24:163:Infinity":71,"s:167:12:167:Infinity":72,"s:168:12:168:Infinity":73,"s:170:12:170:Infinity":74,"s:172:12:172:Infinity":75,"s:176:22:180:Infinity":76,"f:176:22:176:28":12,"s:177:8:177:Infinity":77,"s:178:8:178:Infinity":78,"s:179:8:179:Infinity":79,"s:182:4:193:Infinity":80}}}
,"C:\\Users\\lauru\\Desktop\\Proyectos-Portafolio\\estudio-martinez\\src\\hooks\\useCounter.ts": {"path":"C:\\Users\\lauru\\Desktop\\Proyectos-Portafolio\\estudio-martinez\\src\\hooks\\useCounter.ts","statementMap":{"0":{"start":{"line":9,"column":26},"end":{"line":9,"column":null}},"1":{"start":{"line":10,"column":10},"end":{"line":10,"column":null}},"2":{"start":{"line":12,"column":10},"end":{"line":12,"column":null}},"3":{"start":{"line":13,"column":10},"end":{"line":13,"column":null}},"4":{"start":{"line":15,"column":10},"end":{"line":15,"column":null}},"5":{"start":{"line":16,"column":10},"end":{"line":16,"column":null}},"6":{"start":{"line":18,"column":4},"end":{"line":88,"column":null}},"7":{"start":{"line":19,"column":24},"end":{"line":19,"column":null}},"8":{"start":{"line":21,"column":8},"end":{"line":21,"column":null}},"9":{"start":{"line":21,"column":22},"end":{"line":21,"column":null}},"10":{"start":{"line":22,"column":8},"end":{"line":22,"column":null}},"11":{"start":{"line":22,"column":36},"end":{"line":22,"column":null}},"12":{"start":{"line":24,"column":27},"end":{"line":24,"column":null}},"13":{"start":{"line":27,"column":12},"end":{"line":28,"column":null}},"14":{"start":{"line":30,"column":65},"end":{"line":68,"column":null}},"15":{"start":{"line":31,"column":26},"end":{"line":31,"column":null}},"16":{"start":{"line":33,"column":12},"end":{"line":33,"column":null}},"17":{"start":{"line":33,"column":40},"end":{"line":33,"column":null}},"18":{"start":{"line":34,"column":12},"end":{"line":34,"column":null}},"19":{"start":{"line":34,"column":40},"end":{"line":34,"column":null}},"20":{"start":{"line":36,"column":12},"end":{"line":36,"column":null}},"21":{"start":{"line":39,"column":12},"end":{"line":41,"column":null}},"22":{"start":{"line":40,"column":16},"end":{"line":40,"column":null}},"23":{"start":{"line":44,"column":12},"end":{"line":47,"column":null}},"24":{"start":{"line":45,"column":16},"end":{"line":45,"column":null}},"25":{"start":{"line":46,"column":16},"end":{"line":46,"column":null}},"26":{"start":{"line":49,"column":28},"end":{"line":65,"column":null}},"27":{"start":{"line":50,"column":16},"end":{"line":52,"column":null}},"28":{"start":{"line":51,"column":20},"end":{"line":51,"column":null}},"29":{"start":{"line":54,"column":32},"end":{"line":54,"column":null}},"30":{"start":{"line":55,"column":33},"end":{"line":55,"column":null}},"31":{"start":{"line":57,"column":30},"end":{"line":57,"column":null}},"32":{"start":{"line":58,"column":16},"end":{"line":58,"column":null}},"33":{"start":{"line":60,"column":16},"end":{"line":64,"column":null}},"34":{"start":{"line":61,"column":20},"end":{"line":61,"column":null}},"35":{"start":{"line":63,"column":20},"end":{"line":63,"column":null}},"36":{"start":{"line":67,"column":12},"end":{"line":67,"column":null}},"37":{"start":{"line":70,"column":36},"end":{"line":70,"column":null}},"38":{"start":{"line":71,"column":8},"end":{"line":71,"column":null}},"39":{"start":{"line":73,"column":8},"end":{"line":75,"column":null}},"40":{"start":{"line":74,"column":12},"end":{"line":74,"column":null}},"41":{"start":{"line":77,"column":8},"end":{"line":87,"column":null}},"42":{"start":{"line":78,"column":12},"end":{"line":80,"column":null}},"43":{"start":{"line":79,"column":16},"end":{"line":79,"column":null}},"44":{"start":{"line":81,"column":12},"end":{"line":81,"column":null}},"45":{"start":{"line":83,"column":12},"end":{"line":86,"column":null}},"46":{"start":{"line":84,"column":16},"end":{"line":84,"column":null}},"47":{"start":{"line":85,"column":16},"end":{"line":85,"column":null}},"48":{"start":{"line":90,"column":4},"end":{"line":90,"column":null}}},"fnMap":{"0":{"name":"useCounter","decl":{"start":{"line":8,"column":16},"end":{"line":8,"column":27}},"loc":{"start":{"line":8,"column":72},"end":{"line":91,"column":null}},"line":8},"1":{"name":"(anonymous_1)","decl":{"start":{"line":18,"column":14},"end":{"line":18,"column":20}},"loc":{"start":{"line":18,"column":20},"end":{"line":88,"column":7}},"line":18},"2":{"name":"(anonymous_2)","decl":{"start":{"line":30,"column":65},"end":{"line":30,"column":66}},"loc":{"start":{"line":30,"column":78},"end":{"line":68,"column":null}},"line":30},"3":{"name":"(anonymous_3)","decl":{"start":{"line":49,"column":28},"end":{"line":49,"column":29}},"loc":{"start":{"line":49,"column":46},"end":{"line":65,"column":null}},"line":49},"4":{"name":"(anonymous_4)","decl":{"start":{"line":77,"column":15},"end":{"line":77,"column":21}},"loc":{"start":{"line":77,"column":21},"end":{"line":87,"column":null}},"line":77}},"branchMap":{"0":{"loc":{"start":{"line":8,"column":34},"end":{"line":8,"column":50}},"type":"default-arg","locations":[{"start":{"line":8,"column":45},"end":{"line":8,"column":50}}],"line":8},"1":{"loc":{"start":{"line":21,"column":8},"end":{"line":21,"column":null}},"type":"if","locations":[{"start":{"line":21,"column":8},"end":{"line":21,"column":null}},{"start":{},"end":{}}],"line":21},"2":{"loc":{"start":{"line":22,"column":8},"end":{"line":22,"column":null}},"type":"if","locations":[{"start":{"line":22,"column":8},"end":{"line":22,"column":null}},{"start":{},"end":{}}],"line":22},"3":{"loc":{"start":{"line":27,"column":12},"end":{"line":28,"column":null}},"type":"binary-expr","locations":[{"start":{"line":27,"column":12},"end":{"line":27,"column":null}},{"start":{"line":28,"column":12},"end":{"line":28,"column":null}}],"line":27},"4":{"loc":{"start":{"line":33,"column":12},"end":{"line":33,"column":null}},"type":"if","locations":[{"start":{"line":33,"column":12},"end":{"line":33,"column":null}},{"start":{},"end":{}}],"line":33},"5":{"loc":{"start":{"line":34,"column":12},"end":{"line":34,"column":null}},"type":"if","locations":[{"start":{"line":34,"column":12},"end":{"line":34,"column":null}},{"start":{},"end":{}}],"line":34},"6":{"loc":{"start":{"line":39,"column":12},"end":{"line":41,"column":null}},"type":"if","locations":[{"start":{"line":39,"column":12},"end":{"line":41,"column":null}},{"start":{},"end":{}}],"line":39},"7":{"loc":{"start":{"line":44,"column":12},"end":{"line":47,"column":null}},"type":"if","locations":[{"start":{"line":44,"column":12},"end":{"line":47,"column":null}},{"start":{},"end":{}}],"line":44},"8":{"loc":{"start":{"line":44,"column":16},"end":{"line":44,"column":58}},"type":"binary-expr","locations":[{"start":{"line":44,"column":16},"end":{"line":44,"column":40}},{"start":{"line":44,"column":40},"end":{"line":44,"column":58}}],"line":44},"9":{"loc":{"start":{"line":50,"column":16},"end":{"line":52,"column":null}},"type":"if","locations":[{"start":{"line":50,"column":16},"end":{"line":52,"column":null}},{"start":{},"end":{}}],"line":50},"10":{"loc":{"start":{"line":60,"column":16},"end":{"line":64,"column":null}},"type":"if","locations":[{"start":{"line":60,"column":16},"end":{"line":64,"column":null}},{"start":{"line":62,"column":23},"end":{"line":64,"column":null}}],"line":60},"11":{"loc":{"start":{"line":73,"column":8},"end":{"line":75,"column":null}},"type":"if","locations":[{"start":{"line":73,"column":8},"end":{"line":75,"column":null}},{"start":{},"end":{}}],"line":73},"12":{"loc":{"start":{"line":78,"column":12},"end":{"line":80,"column":null}},"type":"if","locations":[{"start":{"line":78,"column":12},"end":{"line":80,"column":null}},{"start":{},"end":{}}],"line":78},"13":{"loc":{"start":{"line":83,"column":12},"end":{"line":86,"column":null}},"type":"if","locations":[{"start":{"line":83,"column":12},"end":{"line":86,"column":null}},{"start":{},"end":{}}],"line":83}},"s":{"0":51,"1":51,"2":51,"3":51,"4":51,"5":51,"6":51,"7":43,"8":43,"9":24,"10":19,"11":0,"12":19,"13":19,"14":43,"15":18,"16":18,"17":2,"18":16,"19":2,"20":14,"21":14,"22":14,"23":14,"24":2,"25":2,"26":12,"27":13,"28":8,"29":13,"30":13,"31":13,"32":13,"33":13,"34":9,"35":4,"36":12,"37":43,"38":43,"39":43,"40":19,"41":19,"42":19,"43":19,"44":19,"45":19,"46":12,"47":12,"48":51},"f":{"0":51,"1":43,"2":18,"3":13,"4":19},"b":{"0":[51],"1":[24,19],"2":[0,19],"3":[19,1],"4":[2,16],"5":[2,14],"6":[14,0],"7":[2,12],"8":[14,13],"9":[8,5],"10":[9,4],"11":[19,24],"12":[19,0],"13":[12,7]},"meta":{"lastBranch":14,"lastFunction":5,"lastStatement":49,"seen":{"f:8:16:8:27":0,"b:8:45:8:50":0,"s:9:26:9:Infinity":0,"s:10:10:10:Infinity":1,"s:12:10:12:Infinity":2,"s:13:10:13:Infinity":3,"s:15:10:15:Infinity":4,"s:16:10:16:Infinity":5,"s:18:4:88:Infinity":6,"f:18:14:18:20":1,"s:19:24:19:Infinity":7,"b:21:8:21:Infinity:undefined:undefined:undefined:undefined":1,"s:21:8:21:Infinity":8,"s:21:22:21:Infinity":9,"b:22:8:22:Infinity:undefined:undefined:undefined:undefined":2,"s:22:8:22:Infinity":10,"s:22:36:22:Infinity":11,"s:24:27:24:Infinity":12,"s:27:12:28:Infinity":13,"b:27:12:27:Infinity:28:12:28:Infinity":3,"s:30:65:68:Infinity":14,"f:30:65:30:66":2,"s:31:26:31:Infinity":15,"b:33:12:33:Infinity:undefined:undefined:undefined:undefined":4,"s:33:12:33:Infinity":16,"s:33:40:33:Infinity":17,"b:34:12:34:Infinity:undefined:undefined:undefined:undefined":5,"s:34:12:34:Infinity":18,"s:34:40:34:Infinity":19,"s:36:12:36:Infinity":20,"b:39:12:41:Infinity:undefined:undefined:undefined:undefined":6,"s:39:12:41:Infinity":21,"s:40:16:40:Infinity":22,"b:44:12:47:Infinity:undefined:undefined:undefined:undefined":7,"s:44:12:47:Infinity":23,"b:44:16:44:40:44:40:44:58":8,"s:45:16:45:Infinity":24,"s:46:16:46:Infinity":25,"s:49:28:65:Infinity":26,"f:49:28:49:29":3,"b:50:16:52:Infinity:undefined:undefined:undefined:undefined":9,"s:50:16:52:Infinity":27,"s:51:20:51:Infinity":28,"s:54:32:54:Infinity":29,"s:55:33:55:Infinity":30,"s:57:30:57:Infinity":31,"s:58:16:58:Infinity":32,"b:60:16:64:Infinity:62:23:64:Infinity":10,"s:60:16:64:Infinity":33,"s:61:20:61:Infinity":34,"s:63:20:63:Infinity":35,"s:67:12:67:Infinity":36,"s:70:36:70:Infinity":37,"s:71:8:71:Infinity":38,"b:73:8:75:Infinity:undefined:undefined:undefined:undefined":11,"s:73:8:75:Infinity":39,"s:74:12:74:Infinity":40,"s:77:8:87:Infinity":41,"f:77:15:77:21":4,"b:78:12:80:Infinity:undefined:undefined:undefined:undefined":12,"s:78:12:80:Infinity":42,"s:79:16:79:Infinity":43,"s:81:12:81:Infinity":44,"b:83:12:86:Infinity:undefined:undefined:undefined:undefined":13,"s:83:12:86:Infinity":45,"s:84:16:84:Infinity":46,"s:85:16:85:Infinity":47,"s:90:4:90:Infinity":48}}}
,"C:\\Users\\lauru\\Desktop\\Proyectos-Portafolio\\estudio-martinez\\src\\hooks\\useFocusTrap.ts": {"path":"C:\\Users\\lauru\\Desktop\\Proyectos-Portafolio\\estudio-martinez\\src\\hooks\\useFocusTrap.ts","statementMap":{"0":{"start":{"line":8,"column":10},"end":{"line":8,"column":null}},"1":{"start":{"line":9,"column":10},"end":{"line":9,"column":null}},"2":{"start":{"line":10,"column":10},"end":{"line":10,"column":null}},"3":{"start":{"line":12,"column":4},"end":{"line":60,"column":null}},"4":{"start":{"line":13,"column":24},"end":{"line":13,"column":null}},"5":{"start":{"line":16,"column":31},"end":{"line":16,"column":null}},"6":{"start":{"line":17,"column":32},"end":{"line":17,"column":null}},"7":{"start":{"line":19,"column":8},"end":{"line":19,"column":null}},"8":{"start":{"line":20,"column":8},"end":{"line":20,"column":null}},"9":{"start":{"line":22,"column":8},"end":{"line":22,"column":null}},"10":{"start":{"line":22,"column":35},"end":{"line":22,"column":null}},"11":{"start":{"line":23,"column":8},"end":{"line":23,"column":null}},"12":{"start":{"line":23,"column":49},"end":{"line":23,"column":null}},"13":{"start":{"line":25,"column":34},"end":{"line":27,"column":null}},"14":{"start":{"line":29,"column":29},"end":{"line":29,"column":null}},"15":{"start":{"line":30,"column":28},"end":{"line":30,"column":null}},"16":{"start":{"line":33,"column":8},"end":{"line":35,"column":null}},"17":{"start":{"line":34,"column":12},"end":{"line":34,"column":null}},"18":{"start":{"line":37,"column":29},"end":{"line":53,"column":null}},"19":{"start":{"line":38,"column":12},"end":{"line":38,"column":null}},"20":{"start":{"line":38,"column":33},"end":{"line":38,"column":null}},"21":{"start":{"line":40,"column":12},"end":{"line":52,"column":null}},"22":{"start":{"line":42,"column":16},"end":{"line":45,"column":null}},"23":{"start":{"line":43,"column":20},"end":{"line":43,"column":null}},"24":{"start":{"line":44,"column":20},"end":{"line":44,"column":null}},"25":{"start":{"line":48,"column":16},"end":{"line":51,"column":null}},"26":{"start":{"line":49,"column":20},"end":{"line":49,"column":null}},"27":{"start":{"line":50,"column":20},"end":{"line":50,"column":null}},"28":{"start":{"line":55,"column":8},"end":{"line":55,"column":null}},"29":{"start":{"line":57,"column":8},"end":{"line":59,"column":null}},"30":{"start":{"line":58,"column":12},"end":{"line":58,"column":null}},"31":{"start":{"line":62,"column":4},"end":{"line":62,"column":null}}},"fnMap":{"0":{"name":"useFocusTrap","decl":{"start":{"line":7,"column":16},"end":{"line":7,"column":29}},"loc":{"start":{"line":7,"column":48},"end":{"line":63,"column":null}},"line":7},"1":{"name":"(anonymous_1)","decl":{"start":{"line":12,"column":14},"end":{"line":12,"column":20}},"loc":{"start":{"line":12,"column":20},"end":{"line":60,"column":5}},"line":12},"2":{"name":"(anonymous_2)","decl":{"start":{"line":37,"column":29},"end":{"line":37,"column":30}},"loc":{"start":{"line":37,"column":51},"end":{"line":53,"column":null}},"line":37},"3":{"name":"(anonymous_3)","decl":{"start":{"line":57,"column":15},"end":{"line":57,"column":21}},"loc":{"start":{"line":57,"column":21},"end":{"line":59,"column":null}},"line":57}},"branchMap":{"0":{"loc":{"start":{"line":22,"column":8},"end":{"line":22,"column":null}},"type":"if","locations":[{"start":{"line":22,"column":8},"end":{"line":22,"column":null}},{"start":{},"end":{}}],"line":22},"1":{"loc":{"start":{"line":22,"column":12},"end":{"line":22,"column":35}},"type":"binary-expr","locations":[{"start":{"line":22,"column":12},"end":{"line":22,"column":25}},{"start":{"line":22,"column":25},"end":{"line":22,"column":35}}],"line":22},"2":{"loc":{"start":{"line":23,"column":8},"end":{"line":23,"column":null}},"type":"if","locations":[{"start":{"line":23,"column":8},"end":{"line":23,"column":null}},{"start":{},"end":{}}],"line":23},"3":{"loc":{"start":{"line":23,"column":12},"end":{"line":23,"column":49}},"type":"binary-expr","locations":[{"start":{"line":23,"column":12},"end":{"line":23,"column":31}},{"start":{"line":23,"column":31},"end":{"line":23,"column":49}}],"line":23},"4":{"loc":{"start":{"line":33,"column":8},"end":{"line":35,"column":null}},"type":"if","locations":[{"start":{"line":33,"column":8},"end":{"line":35,"column":null}},{"start":{},"end":{}}],"line":33},"5":{"loc":{"start":{"line":38,"column":12},"end":{"line":38,"column":null}},"type":"if","locations":[{"start":{"line":38,"column":12},"end":{"line":38,"column":null}},{"start":{},"end":{}}],"line":38},"6":{"loc":{"start":{"line":40,"column":12},"end":{"line":52,"column":null}},"type":"if","locations":[{"start":{"line":40,"column":12},"end":{"line":52,"column":null}},{"start":{"line":46,"column":19},"end":{"line":52,"column":null}}],"line":40},"7":{"loc":{"start":{"line":42,"column":16},"end":{"line":45,"column":null}},"type":"if","locations":[{"start":{"line":42,"column":16},"end":{"line":45,"column":null}},{"start":{},"end":{}}],"line":42},"8":{"loc":{"start":{"line":48,"column":16},"end":{"line":51,"column":null}},"type":"if","locations":[{"start":{"line":48,"column":16},"end":{"line":51,"column":null}},{"start":{},"end":{}}],"line":48}},"s":{"0":34,"1":34,"2":34,"3":34,"4":34,"5":34,"6":34,"7":34,"8":34,"9":34,"10":10,"11":24,"12":1,"13":23,"14":23,"15":23,"16":23,"17":22,"18":23,"19":26,"20":10,"21":16,"22":3,"23":2,"24":2,"25":13,"26":2,"27":2,"28":23,"29":23,"30":23,"31":34},"f":{"0":34,"1":34,"2":26,"3":23},"b":{"0":[10,24],"1":[34,26],"2":[1,23],"3":[24,3],"4":[22,1],"5":[10,16],"6":[3,13],"7":[2,1],"8":[2,11]},"meta":{"lastBranch":9,"lastFunction":4,"lastStatement":32,"seen":{"f:7:16:7:29":0,"s:8:10:8:Infinity":0,"s:9:10:9:Infinity":1,"s:10:10:10:Infinity":2,"s:12:4:60:Infinity":3,"f:12:14:12:20":1,"s:13:24:13:Infinity":4,"s:16:31:16:Infinity":5,"s:17:32:17:Infinity":6,"s:19:8:19:Infinity":7,"s:20:8:20:Infinity":8,"b:22:8:22:Infinity:undefined:undefined:undefined:undefined":0,"s:22:8:22:Infinity":9,"b:22:12:22:25:22:25:22:35":1,"s:22:35:22:Infinity":10,"b:23:8:23:Infinity:undefined:undefined:undefined:undefined":2,"s:23:8:23:Infinity":11,"b:23:12:23:31:23:31:23:49":3,"s:23:49:23:Infinity":12,"s:25:34:27:Infinity":13,"s:29:29:29:Infinity":14,"s:30:28:30:Infinity":15,"b:33:8:35:Infinity:undefined:undefined:undefined:undefined":4,"s:33:8:35:Infinity":16,"s:34:12:34:Infinity":17,"s:37:29:53:Infinity":18,"f:37:29:37:30":2,"b:38:12:38:Infinity:undefined:undefined:undefined:undefined":5,"s:38:12:38:Infinity":19,"s:38:33:38:Infinity":20,"b:40:12:52:Infinity:46:19:52:Infinity":6,"s:40:12:52:Infinity":21,"b:42:16:45:Infinity:undefined:undefined:undefined:undefined":7,"s:42:16:45:Infinity":22,"s:43:20:43:Infinity":23,"s:44:20:44:Infinity":24,"b:48:16:51:Infinity:undefined:undefined:undefined:undefined":8,"s:48:16:51:Infinity":25,"s:49:20:49:Infinity":26,"s:50:20:50:Infinity":27,"s:55:8:55:Infinity":28,"s:57:8:59:Infinity":29,"f:57:15:57:21":3,"s:58:12:58:Infinity":30,"s:62:4:62:Infinity":31}}}
,"C:\\Users\\lauru\\Desktop\\Proyectos-Portafolio\\estudio-martinez\\src\\hooks\\useScrollToSection.ts": {"path":"C:\\Users\\lauru\\Desktop\\Proyectos-Portafolio\\estudio-martinez\\src\\hooks\\useScrollToSection.ts","statementMap":{"0":{"start":{"line":4,"column":10},"end":{"line":16,"column":null}},"1":{"start":{"line":5,"column":24},"end":{"line":5,"column":null}},"2":{"start":{"line":6,"column":8},"end":{"line":6,"column":null}},"3":{"start":{"line":6,"column":22},"end":{"line":6,"column":null}},"4":{"start":{"line":8,"column":29},"end":{"line":8,"column":null}},"5":{"start":{"line":10,"column":12},"end":{"line":10,"column":null}},"6":{"start":{"line":12,"column":8},"end":{"line":15,"column":null}},"7":{"start":{"line":18,"column":4},"end":{"line":18,"column":null}}},"fnMap":{"0":{"name":"useScrollToSection","decl":{"start":{"line":3,"column":16},"end":{"line":3,"column":37}},"loc":{"start":{"line":3,"column":37},"end":{"line":19,"column":null}},"line":3},"1":{"name":"(anonymous_1)","decl":{"start":{"line":4,"column":40},"end":{"line":4,"column":41}},"loc":{"start":{"line":4,"column":63},"end":{"line":16,"column":7}},"line":4}},"branchMap":{"0":{"loc":{"start":{"line":6,"column":8},"end":{"line":6,"column":null}},"type":"if","locations":[{"start":{"line":6,"column":8},"end":{"line":6,"column":null}},{"start":{},"end":{}}],"line":6}},"s":{"0":43,"1":27,"2":27,"3":2,"4":25,"5":25,"6":25,"7":43},"f":{"0":43,"1":27},"b":{"0":[2,25]},"meta":{"lastBranch":1,"lastFunction":2,"lastStatement":8,"seen":{"f:3:16:3:37":0,"s:4:10:16:Infinity":0,"f:4:40:4:41":1,"s:5:24:5:Infinity":1,"b:6:8:6:Infinity:undefined:undefined:undefined:undefined":0,"s:6:8:6:Infinity":2,"s:6:22:6:Infinity":3,"s:8:29:8:Infinity":4,"s:10:12:10:Infinity":5,"s:12:8:15:Infinity":6,"s:18:4:18:Infinity":7}}}
,"C:\\Users\\lauru\\Desktop\\Proyectos-Portafolio\\estudio-martinez\\src\\hooks\\useToggle.ts": {"path":"C:\\Users\\lauru\\Desktop\\Proyectos-Portafolio\\estudio-martinez\\src\\hooks\\useToggle.ts","statementMap":{"0":{"start":{"line":6,"column":26},"end":{"line":6,"column":null}},"1":{"start":{"line":8,"column":10},"end":{"line":10,"column":null}},"2":{"start":{"line":9,"column":8},"end":{"line":9,"column":null}},"3":{"start":{"line":9,"column":27},"end":{"line":9,"column":32}},"4":{"start":{"line":12,"column":10},"end":{"line":14,"column":null}},"5":{"start":{"line":13,"column":8},"end":{"line":13,"column":null}},"6":{"start":{"line":16,"column":4},"end":{"line":16,"column":null}}},"fnMap":{"0":{"name":"useToggle","decl":{"start":{"line":3,"column":16},"end":{"line":3,"column":null}},"loc":{"start":{"line":5,"column":51},"end":{"line":17,"column":null}},"line":5},"1":{"name":"(anonymous_1)","decl":{"start":{"line":8,"column":31},"end":{"line":8,"column":37}},"loc":{"start":{"line":8,"column":37},"end":{"line":10,"column":7}},"line":8},"2":{"name":"(anonymous_2)","decl":{"start":{"line":9,"column":17},"end":{"line":9,"column":18}},"loc":{"start":{"line":9,"column":27},"end":{"line":9,"column":32}},"line":9},"3":{"name":"(anonymous_3)","decl":{"start":{"line":12,"column":28},"end":{"line":12,"column":29}},"loc":{"start":{"line":12,"column":51},"end":{"line":14,"column":7}},"line":12}},"branchMap":{"0":{"loc":{"start":{"line":4,"column":4},"end":{"line":4,"column":null}},"type":"default-arg","locations":[{"start":{"line":4,"column":19},"end":{"line":4,"column":null}}],"line":4}},"s":{"0":243,"1":243,"2":34,"3":34,"4":243,"5":20,"6":243},"f":{"0":243,"1":34,"2":34,"3":20},"b":{"0":[243]},"meta":{"lastBranch":1,"lastFunction":4,"lastStatement":7,"seen":{"f:3:16:3:Infinity":0,"b:4:19:4:Infinity":0,"s:6:26:6:Infinity":0,"s:8:10:10:Infinity":1,"f:8:31:8:37":1,"s:9:8:9:Infinity":2,"f:9:17:9:18":2,"s:9:27:9:32":3,"s:12:10:14:Infinity":4,"f:12:28:12:29":3,"s:13:8:13:Infinity":5,"s:16:4:16:Infinity":6}}}
}
