{"C:\\Users\\lauru\\Desktop\\Proyectos-Portafolio\\estudio-martinez\\src\\App.tsx": {"path":"C:\\Users\\lauru\\Desktop\\Proyectos-Portafolio\\estudio-martinez\\src\\App.tsx","statementMap":{"0":{"start":{"line":7,"column":6},"end":{"line":11,"column":null}},"1":{"start":{"line":8,"column":4},"end":{"line":10,"column":null}},"2":{"start":{"line":8,"column":59},"end":{"line":10,"column":6}},"3":{"start":{"line":12,"column":6},"end":{"line":16,"column":null}},"4":{"start":{"line":13,"column":4},"end":{"line":15,"column":null}},"5":{"start":{"line":13,"column":56},"end":{"line":15,"column":6}},"6":{"start":{"line":17,"column":6},"end":{"line":21,"column":null}},"7":{"start":{"line":18,"column":4},"end":{"line":20,"column":null}},"8":{"start":{"line":18,"column":63},"end":{"line":20,"column":6}},"9":{"start":{"line":22,"column":6},"end":{"line":24,"column":null}},"10":{"start":{"line":23,"column":4},"end":{"line":23,"column":null}},"11":{"start":{"line":23,"column":56},"end":{"line":23,"column":null}},"12":{"start":{"line":25,"column":6},"end":{"line":29,"column":null}},"13":{"start":{"line":26,"column":4},"end":{"line":28,"column":null}},"14":{"start":{"line":26,"column":58},"end":{"line":28,"column":6}},"15":{"start":{"line":30,"column":6},"end":{"line":34,"column":null}},"16":{"start":{"line":31,"column":4},"end":{"line":33,"column":null}},"17":{"start":{"line":31,"column":59},"end":{"line":33,"column":6}},"18":{"start":{"line":35,"column":6},"end":{"line":39,"column":null}},"19":{"start":{"line":36,"column":4},"end":{"line":38,"column":null}},"20":{"start":{"line":36,"column":62},"end":{"line":38,"column":6}},"21":{"start":{"line":42,"column":4},"end":{"line":52,"column":null}},"22":{"start":{"line":43,"column":8},"end":{"line":45,"column":null}},"23":{"start":{"line":44,"column":12},"end":{"line":44,"column":null}},"24":{"start":{"line":47,"column":8},"end":{"line":51,"column":null}},"25":{"start":{"line":48,"column":12},"end":{"line":50,"column":null}},"26":{"start":{"line":49,"column":16},"end":{"line":49,"column":null}},"27":{"start":{"line":54,"column":4},"end":{"line":116,"column":null}}},"fnMap":{"0":{"name":"(anonymous_0)","decl":{"start":{"line":7,"column":22},"end":{"line":7,"column":null}},"loc":{"start":{"line":8,"column":4},"end":{"line":10,"column":null}},"line":8},"1":{"name":"(anonymous_1)","decl":{"start":{"line":8,"column":47},"end":{"line":8,"column":59}},"loc":{"start":{"line":8,"column":59},"end":{"line":10,"column":6}},"line":8},"2":{"name":"(anonymous_2)","decl":{"start":{"line":12,"column":19},"end":{"line":12,"column":null}},"loc":{"start":{"line":13,"column":4},"end":{"line":15,"column":null}},"line":13},"3":{"name":"(anonymous_3)","decl":{"start":{"line":13,"column":44},"end":{"line":13,"column":56}},"loc":{"start":{"line":13,"column":56},"end":{"line":15,"column":6}},"line":13},"4":{"name":"(anonymous_4)","decl":{"start":{"line":17,"column":26},"end":{"line":17,"column":null}},"loc":{"start":{"line":18,"column":4},"end":{"line":20,"column":null}},"line":18},"5":{"name":"(anonymous_5)","decl":{"start":{"line":18,"column":51},"end":{"line":18,"column":63}},"loc":{"start":{"line":18,"column":63},"end":{"line":20,"column":6}},"line":18},"6":{"name":"(anonymous_6)","decl":{"start":{"line":22,"column":17},"end":{"line":22,"column":null}},"loc":{"start":{"line":23,"column":4},"end":{"line":23,"column":null}},"line":23},"7":{"name":"(anonymous_7)","decl":{"start":{"line":23,"column":42},"end":{"line":23,"column":54}},"loc":{"start":{"line":23,"column":56},"end":{"line":23,"column":null}},"line":23},"8":{"name":"(anonymous_8)","decl":{"start":{"line":25,"column":21},"end":{"line":25,"column":null}},"loc":{"start":{"line":26,"column":4},"end":{"line":28,"column":null}},"line":26},"9":{"name":"(anonymous_9)","decl":{"start":{"line":26,"column":46},"end":{"line":26,"column":58}},"loc":{"start":{"line":26,"column":58},"end":{"line":28,"column":6}},"line":26},"10":{"name":"(anonymous_10)","decl":{"start":{"line":30,"column":20},"end":{"line":30,"column":null}},"loc":{"start":{"line":31,"column":4},"end":{"line":33,"column":null}},"line":31},"11":{"name":"(anonymous_11)","decl":{"start":{"line":31,"column":47},"end":{"line":31,"column":59}},"loc":{"start":{"line":31,"column":59},"end":{"line":33,"column":6}},"line":31},"12":{"name":"(anonymous_12)","decl":{"start":{"line":35,"column":27},"end":{"line":35,"column":null}},"loc":{"start":{"line":36,"column":4},"end":{"line":38,"column":null}},"line":36},"13":{"name":"(anonymous_13)","decl":{"start":{"line":36,"column":50},"end":{"line":36,"column":62}},"loc":{"start":{"line":36,"column":62},"end":{"line":38,"column":6}},"line":36},"14":{"name":"App","decl":{"start":{"line":41,"column":16},"end":{"line":41,"column":22}},"loc":{"start":{"line":41,"column":22},"end":{"line":118,"column":null}},"line":41},"15":{"name":"(anonymous_15)","decl":{"start":{"line":42,"column":14},"end":{"line":42,"column":20}},"loc":{"start":{"line":42,"column":20},"end":{"line":52,"column":7}},"line":42},"16":{"name":"(anonymous_16)","decl":{"start":{"line":47,"column":15},"end":{"line":47,"column":21}},"loc":{"start":{"line":47,"column":21},"end":{"line":51,"column":null}},"line":47}},"branchMap":{"0":{"loc":{"start":{"line":43,"column":8},"end":{"line":45,"column":null}},"type":"if","locations":[{"start":{"line":43,"column":8},"end":{"line":45,"column":null}},{"start":{},"end":{}}],"line":43},"1":{"loc":{"start":{"line":48,"column":12},"end":{"line":50,"column":null}},"type":"if","locations":[{"start":{"line":48,"column":12},"end":{"line":50,"column":null}},{"start":{},"end":{}}],"line":48}},"s":{"0":3,"1":1,"2":1,"3":3,"4":1,"5":1,"6":3,"7":1,"8":1,"9":3,"10":1,"11":1,"12":3,"13":1,"14":1,"15":3,"16":1,"17":1,"18":3,"19":1,"20":1,"21":31,"22":31,"23":30,"24":31,"25":31,"26":30,"27":31},"f":{"0":1,"1":1,"2":1,"3":1,"4":1,"5":1,"6":1,"7":1,"8":1,"9":1,"10":1,"11":1,"12":1,"13":1,"14":31,"15":31,"16":31},"b":{"0":[30,1],"1":[30,1]},"meta":{"lastBranch":2,"lastFunction":17,"lastStatement":28,"seen":{"s:7:6:11:Infinity":0,"f:7:22:7:Infinity":0,"s:8:4:10:Infinity":1,"f:8:47:8:59":1,"s:8:59:10:6":2,"s:12:6:16:Infinity":3,"f:12:19:12:Infinity":2,"s:13:4:15:Infinity":4,"f:13:44:13:56":3,"s:13:56:15:6":5,"s:17:6:21:Infinity":6,"f:17:26:17:Infinity":4,"s:18:4:20:Infinity":7,"f:18:51:18:63":5,"s:18:63:20:6":8,"s:22:6:24:Infinity":9,"f:22:17:22:Infinity":6,"s:23:4:23:Infinity":10,"f:23:42:23:54":7,"s:23:56:23:Infinity":11,"s:25:6:29:Infinity":12,"f:25:21:25:Infinity":8,"s:26:4:28:Infinity":13,"f:26:46:26:58":9,"s:26:58:28:6":14,"s:30:6:34:Infinity":15,"f:30:20:30:Infinity":10,"s:31:4:33:Infinity":16,"f:31:47:31:59":11,"s:31:59:33:6":17,"s:35:6:39:Infinity":18,"f:35:27:35:Infinity":12,"s:36:4:38:Infinity":19,"f:36:50:36:62":13,"s:36:62:38:6":20,"f:41:16:41:22":14,"s:42:4:52:Infinity":21,"f:42:14:42:20":15,"b:43:8:45:Infinity:undefined:undefined:undefined:undefined":0,"s:43:8:45:Infinity":22,"s:44:12:44:Infinity":23,"s:47:8:51:Infinity":24,"f:47:15:47:21":16,"b:48:12:50:Infinity:undefined:undefined:undefined:undefined":1,"s:48:12:50:Infinity":25,"s:49:16:49:Infinity":26,"s:54:4:116:Infinity":27}}}
,"C:\\Users\\lauru\\Desktop\\Proyectos-Portafolio\\estudio-martinez\\src\\main.tsx": {"path":"C:\\Users\\lauru\\Desktop\\Proyectos-Portafolio\\estudio-martinez\\src\\main.tsx","statementMap":{"0":{"start":{"line":6,"column":20},"end":{"line":6,"column":null}},"1":{"start":{"line":8,"column":0},"end":{"line":10,"column":null}},"2":{"start":{"line":9,"column":4},"end":{"line":9,"column":null}},"3":{"start":{"line":12,"column":0},"end":{"line":16,"column":null}}},"fnMap":{},"branchMap":{"0":{"loc":{"start":{"line":8,"column":0},"end":{"line":10,"column":null}},"type":"if","locations":[{"start":{"line":8,"column":0},"end":{"line":10,"column":null}},{"start":{},"end":{}}],"line":8}},"s":{"0":2,"1":2,"2":1,"3":1},"f":{},"b":{"0":[1,1]},"meta":{"lastBranch":1,"lastFunction":0,"lastStatement":4,"seen":{"s:6:20:6:Infinity":0,"b:8:0:10:Infinity:undefined:undefined:undefined:undefined":0,"s:8:0:10:Infinity":1,"s:9:4:9:Infinity":2,"s:12:0:16:Infinity":3}}}
,"C:\\Users\\lauru\\Desktop\\Proyectos-Portafolio\\estudio-martinez\\src\\components\\home\\About.tsx": {"path":"C:\\Users\\lauru\\Desktop\\Proyectos-Portafolio\\estudio-martinez\\src\\components\\home\\About.tsx","statementMap":{"0":{"start":{"line":6,"column":10},"end":{"line":6,"column":null}},"1":{"start":{"line":7,"column":10},"end":{"line":7,"column":null}},"2":{"start":{"line":9,"column":4},"end":{"line":102,"column":null}}},"fnMap":{"0":{"name":"About","decl":{"start":{"line":5,"column":16},"end":{"line":5,"column":24}},"loc":{"start":{"line":5,"column":24},"end":{"line":104,"column":null}},"line":5}},"branchMap":{},"s":{"0":14,"1":14,"2":14},"f":{"0":14},"b":{},"meta":{"lastBranch":0,"lastFunction":1,"lastStatement":3,"seen":{"f:5:16:5:24":0,"s:6:10:6:Infinity":0,"s:7:10:7:Infinity":1,"s:9:4:102:Infinity":2}}}
,"C:\\Users\\lauru\\Desktop\\Proyectos-Portafolio\\estudio-martinez\\src\\components\\home\\Contact.tsx": {"path":"C:\\Users\\lauru\\Desktop\\Proyectos-Portafolio\\estudio-martinez\\src\\components\\home\\Contact.tsx","statementMap":{"0":{"start":{"line":17,"column":4},"end":{"line":17,"column":null}},"1":{"start":{"line":19,"column":4},"end":{"line":281,"column":null}},"2":{"start":{"line":56,"column":36},"end":{"line":56,"column":null}},"3":{"start":{"line":58,"column":46},"end":{"line":58,"column":null}},"4":{"start":{"line":78,"column":36},"end":{"line":78,"column":null}},"5":{"start":{"line":80,"column":46},"end":{"line":80,"column":null}},"6":{"start":{"line":100,"column":36},"end":{"line":100,"column":null}},"7":{"start":{"line":102,"column":46},"end":{"line":102,"column":null}},"8":{"start":{"line":121,"column":36},"end":{"line":121,"column":null}},"9":{"start":{"line":123,"column":46},"end":{"line":123,"column":null}}},"fnMap":{"0":{"name":"Contact","decl":{"start":{"line":7,"column":16},"end":{"line":7,"column":26}},"loc":{"start":{"line":7,"column":26},"end":{"line":283,"column":null}},"line":7},"1":{"name":"(anonymous_1)","decl":{"start":{"line":55,"column":42},"end":{"line":55,"column":43}},"loc":{"start":{"line":56,"column":36},"end":{"line":56,"column":null}},"line":56},"2":{"name":"(anonymous_2)","decl":{"start":{"line":58,"column":40},"end":{"line":58,"column":46}},"loc":{"start":{"line":58,"column":46},"end":{"line":58,"column":null}},"line":58},"3":{"name":"(anonymous_3)","decl":{"start":{"line":77,"column":42},"end":{"line":77,"column":43}},"loc":{"start":{"line":78,"column":36},"end":{"line":78,"column":null}},"line":78},"4":{"name":"(anonymous_4)","decl":{"start":{"line":80,"column":40},"end":{"line":80,"column":46}},"loc":{"start":{"line":80,"column":46},"end":{"line":80,"column":null}},"line":80},"5":{"name":"(anonymous_5)","decl":{"start":{"line":99,"column":42},"end":{"line":99,"column":43}},"loc":{"start":{"line":100,"column":36},"end":{"line":100,"column":null}},"line":100},"6":{"name":"(anonymous_6)","decl":{"start":{"line":102,"column":40},"end":{"line":102,"column":46}},"loc":{"start":{"line":102,"column":46},"end":{"line":102,"column":null}},"line":102},"7":{"name":"(anonymous_7)","decl":{"start":{"line":120,"column":42},"end":{"line":120,"column":43}},"loc":{"start":{"line":121,"column":36},"end":{"line":121,"column":null}},"line":121},"8":{"name":"(anonymous_8)","decl":{"start":{"line":123,"column":40},"end":{"line":123,"column":46}},"loc":{"start":{"line":123,"column":46},"end":{"line":123,"column":null}},"line":123}},"branchMap":{"0":{"loc":{"start":{"line":59,"column":39},"end":{"line":59,"column":null}},"type":"cond-expr","locations":[{"start":{"line":59,"column":54},"end":{"line":59,"column":68}},{"start":{"line":59,"column":68},"end":{"line":59,"column":null}}],"line":59},"1":{"loc":{"start":{"line":61,"column":36},"end":{"line":63,"column":null}},"type":"binary-expr","locations":[{"start":{"line":61,"column":36},"end":{"line":61,"column":null}},{"start":{"line":62,"column":36},"end":{"line":62,"column":null}},{"start":{"line":63,"column":36},"end":{"line":63,"column":null}}],"line":61},"2":{"loc":{"start":{"line":81,"column":39},"end":{"line":81,"column":null}},"type":"cond-expr","locations":[{"start":{"line":81,"column":55},"end":{"line":81,"column":70}},{"start":{"line":81,"column":70},"end":{"line":81,"column":null}}],"line":81},"3":{"loc":{"start":{"line":83,"column":36},"end":{"line":85,"column":null}},"type":"binary-expr","locations":[{"start":{"line":83,"column":36},"end":{"line":83,"column":null}},{"start":{"line":84,"column":36},"end":{"line":84,"column":null}},{"start":{"line":85,"column":36},"end":{"line":85,"column":null}}],"line":83},"4":{"loc":{"start":{"line":103,"column":39},"end":{"line":103,"column":null}},"type":"cond-expr","locations":[{"start":{"line":103,"column":55},"end":{"line":103,"column":70}},{"start":{"line":103,"column":70},"end":{"line":103,"column":null}}],"line":103},"5":{"loc":{"start":{"line":105,"column":36},"end":{"line":107,"column":null}},"type":"binary-expr","locations":[{"start":{"line":105,"column":36},"end":{"line":105,"column":null}},{"start":{"line":106,"column":36},"end":{"line":106,"column":null}},{"start":{"line":107,"column":36},"end":{"line":107,"column":null}}],"line":105},"6":{"loc":{"start":{"line":125,"column":36},"end":{"line":125,"column":null}},"type":"cond-expr","locations":[{"start":{"line":125,"column":54},"end":{"line":125,"column":71}},{"start":{"line":125,"column":71},"end":{"line":125,"column":null}}],"line":125},"7":{"loc":{"start":{"line":128,"column":36},"end":{"line":130,"column":null}},"type":"binary-expr","locations":[{"start":{"line":128,"column":36},"end":{"line":128,"column":null}},{"start":{"line":129,"column":36},"end":{"line":129,"column":null}},{"start":{"line":130,"column":36},"end":{"line":130,"column":null}}],"line":128},"8":{"loc":{"start":{"line":147,"column":33},"end":{"line":149,"column":null}},"type":"cond-expr","locations":[{"start":{"line":148,"column":38},"end":{"line":148,"column":null}},{"start":{"line":149,"column":38},"end":{"line":149,"column":null}}],"line":147},"9":{"loc":{"start":{"line":153,"column":29},"end":{"line":165,"column":null}},"type":"binary-expr","locations":[{"start":{"line":153,"column":29},"end":{"line":153,"column":null}},{"start":{"line":154,"column":32},"end":{"line":165,"column":null}}],"line":153},"10":{"loc":{"start":{"line":169,"column":29},"end":{"line":181,"column":null}},"type":"binary-expr","locations":[{"start":{"line":169,"column":29},"end":{"line":169,"column":null}},{"start":{"line":170,"column":32},"end":{"line":181,"column":null}}],"line":169}},"s":{"0":34,"1":34,"2":3,"3":2,"4":3,"5":1,"6":3,"7":1,"8":3,"9":1},"f":{"0":34,"1":3,"2":2,"3":3,"4":1,"5":3,"6":1,"7":3,"8":1},"b":{"0":[9,25],"1":[34,9,7],"2":[6,28],"3":[34,6,4],"4":[6,28],"5":[34,6,4],"6":[6,28],"7":[34,6,4],"8":[2,32],"9":[34,1],"10":[34,1]},"meta":{"lastBranch":11,"lastFunction":9,"lastStatement":10,"seen":{"f:7:16:7:26":0,"s:17:4:17:Infinity":0,"s:19:4:281:Infinity":1,"f:55:42:55:43":1,"s:56:36:56:Infinity":2,"f:58:40:58:46":2,"s:58:46:58:Infinity":3,"b:59:54:59:68:59:68:59:Infinity":0,"b:61:36:61:Infinity:62:36:62:Infinity:63:36:63:Infinity":1,"f:77:42:77:43":3,"s:78:36:78:Infinity":4,"f:80:40:80:46":4,"s:80:46:80:Infinity":5,"b:81:55:81:70:81:70:81:Infinity":2,"b:83:36:83:Infinity:84:36:84:Infinity:85:36:85:Infinity":3,"f:99:42:99:43":5,"s:100:36:100:Infinity":6,"f:102:40:102:46":6,"s:102:46:102:Infinity":7,"b:103:55:103:70:103:70:103:Infinity":4,"b:105:36:105:Infinity:106:36:106:Infinity:107:36:107:Infinity":5,"f:120:42:120:43":7,"s:121:36:121:Infinity":8,"f:123:40:123:46":8,"s:123:46:123:Infinity":9,"b:125:54:125:71:125:71:125:Infinity":6,"b:128:36:128:Infinity:129:36:129:Infinity:130:36:130:Infinity":7,"b:148:38:148:Infinity:149:38:149:Infinity":8,"b:153:29:153:Infinity:154:32:165:Infinity":9,"b:169:29:169:Infinity:170:32:181:Infinity":10}}}
,"C:\\Users\\lauru\\Desktop\\Proyectos-Portafolio\\estudio-martinez\\src\\components\\home\\FAQ.tsx": {"path":"C:\\Users\\lauru\\Desktop\\Proyectos-Portafolio\\estudio-martinez\\src\\components\\home\\FAQ.tsx","statementMap":{"0":{"start":{"line":7,"column":10},"end":{"line":7,"column":null}},"1":{"start":{"line":8,"column":28},"end":{"line":8,"column":null}},"2":{"start":{"line":9,"column":10},"end":{"line":9,"column":null}},"3":{"start":{"line":12,"column":10},"end":{"line":14,"column":null}},"4":{"start":{"line":13,"column":8},"end":{"line":13,"column":null}},"5":{"start":{"line":13,"column":29},"end":{"line":13,"column":53}},"6":{"start":{"line":16,"column":4},"end":{"line":65,"column":null}},"7":{"start":{"line":39,"column":24},"end":{"line":47,"column":null}},"8":{"start":{"line":58,"column":39},"end":{"line":58,"column":null}},"9":{"start":{"line":84,"column":21},"end":{"line":84,"column":null}},"10":{"start":{"line":85,"column":22},"end":{"line":85,"column":null}},"11":{"start":{"line":87,"column":26},"end":{"line":111,"column":null}},"12":{"start":{"line":88,"column":8},"end":{"line":110,"column":null}},"13":{"start":{"line":90,"column":16},"end":{"line":90,"column":null}},"14":{"start":{"line":91,"column":16},"end":{"line":91,"column":null}},"15":{"start":{"line":92,"column":16},"end":{"line":92,"column":null}},"16":{"start":{"line":95,"column":16},"end":{"line":95,"column":null}},"17":{"start":{"line":96,"column":16},"end":{"line":98,"column":null}},"18":{"start":{"line":99,"column":16},"end":{"line":99,"column":null}},"19":{"start":{"line":102,"column":16},"end":{"line":102,"column":null}},"20":{"start":{"line":103,"column":16},"end":{"line":103,"column":null}},"21":{"start":{"line":104,"column":16},"end":{"line":104,"column":null}},"22":{"start":{"line":107,"column":16},"end":{"line":107,"column":null}},"23":{"start":{"line":108,"column":16},"end":{"line":108,"column":null}},"24":{"start":{"line":109,"column":16},"end":{"line":109,"column":null}},"25":{"start":{"line":113,"column":4},"end":{"line":159,"column":null}},"26":{"start":{"line":120,"column":20},"end":{"line":120,"column":null}},"27":{"start":{"line":124,"column":31},"end":{"line":124,"column":null}}},"fnMap":{"0":{"name":"FAQ","decl":{"start":{"line":6,"column":16},"end":{"line":6,"column":22}},"loc":{"start":{"line":6,"column":22},"end":{"line":67,"column":null}},"line":6},"1":{"name":"(anonymous_1)","decl":{"start":{"line":12,"column":37},"end":{"line":12,"column":38}},"loc":{"start":{"line":12,"column":53},"end":{"line":14,"column":7}},"line":12},"2":{"name":"(anonymous_2)","decl":{"start":{"line":13,"column":18},"end":{"line":13,"column":19}},"loc":{"start":{"line":13,"column":29},"end":{"line":13,"column":53}},"line":13},"3":{"name":"(anonymous_3)","decl":{"start":{"line":38,"column":33},"end":{"line":38,"column":34}},"loc":{"start":{"line":39,"column":24},"end":{"line":47,"column":null}},"line":39},"4":{"name":"(anonymous_4)","decl":{"start":{"line":58,"column":33},"end":{"line":58,"column":39}},"loc":{"start":{"line":58,"column":39},"end":{"line":58,"column":null}},"line":58},"5":{"name":"FAQItem","decl":{"start":{"line":69,"column":9},"end":{"line":69,"column":17}},"loc":{"start":{"line":83,"column":3},"end":{"line":161,"column":null}},"line":83},"6":{"name":"(anonymous_6)","decl":{"start":{"line":87,"column":26},"end":{"line":87,"column":27}},"loc":{"start":{"line":87,"column":73},"end":{"line":111,"column":null}},"line":87},"7":{"name":"(anonymous_7)","decl":{"start":{"line":119,"column":21},"end":{"line":119,"column":22}},"loc":{"start":{"line":119,"column":29},"end":{"line":121,"column":null}},"line":119},"8":{"name":"(anonymous_8)","decl":{"start":{"line":124,"column":25},"end":{"line":124,"column":31}},"loc":{"start":{"line":124,"column":31},"end":{"line":124,"column":null}},"line":124}},"branchMap":{"0":{"loc":{"start":{"line":13,"column":29},"end":{"line":13,"column":53}},"type":"cond-expr","locations":[{"start":{"line":13,"column":43},"end":{"line":13,"column":50}},{"start":{"line":13,"column":50},"end":{"line":13,"column":53}}],"line":13},"1":{"loc":{"start":{"line":88,"column":8},"end":{"line":110,"column":null}},"type":"switch","locations":[{"start":{"line":89,"column":12},"end":{"line":92,"column":null}},{"start":{"line":94,"column":12},"end":{"line":99,"column":null}},{"start":{"line":101,"column":12},"end":{"line":104,"column":null}},{"start":{"line":106,"column":12},"end":{"line":109,"column":null}}],"line":88},"2":{"loc":{"start":{"line":132,"column":24},"end":{"line":132,"column":null}},"type":"cond-expr","locations":[{"start":{"line":132,"column":33},"end":{"line":132,"column":52}},{"start":{"line":132,"column":52},"end":{"line":132,"column":null}}],"line":132},"3":{"loc":{"start":{"line":140,"column":24},"end":{"line":140,"column":null}},"type":"cond-expr","locations":[{"start":{"line":140,"column":33},"end":{"line":140,"column":48}},{"start":{"line":140,"column":48},"end":{"line":140,"column":null}}],"line":140},"4":{"loc":{"start":{"line":152,"column":20},"end":{"line":154,"column":null}},"type":"cond-expr","locations":[{"start":{"line":153,"column":26},"end":{"line":153,"column":null}},{"start":{"line":154,"column":26},"end":{"line":154,"column":null}}],"line":152}},"s":{"0":31,"1":31,"2":31,"3":31,"4":8,"5":8,"6":31,"7":248,"8":1,"9":248,"10":248,"11":248,"12":4,"13":1,"14":1,"15":1,"16":1,"17":1,"18":1,"19":1,"20":1,"21":1,"22":1,"23":1,"24":1,"25":248,"26":496,"27":8},"f":{"0":31,"1":8,"2":8,"3":248,"4":1,"5":248,"6":4,"7":496,"8":8},"b":{"0":[1,7],"1":[1,1,1,1],"2":[7,241],"3":[7,241],"4":[7,241]},"meta":{"lastBranch":5,"lastFunction":9,"lastStatement":28,"seen":{"f:6:16:6:22":0,"s:7:10:7:Infinity":0,"s:8:28:8:Infinity":1,"s:9:10:9:Infinity":2,"s:12:10:14:Infinity":3,"f:12:37:12:38":1,"s:13:8:13:Infinity":4,"f:13:18:13:19":2,"s:13:29:13:53":5,"b:13:43:13:50:13:50:13:53":0,"s:16:4:65:Infinity":6,"f:38:33:38:34":3,"s:39:24:47:Infinity":7,"f:58:33:58:39":4,"s:58:39:58:Infinity":8,"f:69:9:69:17":5,"s:84:21:84:Infinity":9,"s:85:22:85:Infinity":10,"s:87:26:111:Infinity":11,"f:87:26:87:27":6,"b:89:12:92:Infinity:94:12:99:Infinity:101:12:104:Infinity:106:12:109:Infinity":1,"s:88:8:110:Infinity":12,"s:90:16:90:Infinity":13,"s:91:16:91:Infinity":14,"s:92:16:92:Infinity":15,"s:95:16:95:Infinity":16,"s:96:16:98:Infinity":17,"s:99:16:99:Infinity":18,"s:102:16:102:Infinity":19,"s:103:16:103:Infinity":20,"s:104:16:104:Infinity":21,"s:107:16:107:Infinity":22,"s:108:16:108:Infinity":23,"s:109:16:109:Infinity":24,"s:113:4:159:Infinity":25,"f:119:21:119:22":7,"s:120:20:120:Infinity":26,"f:124:25:124:31":8,"s:124:31:124:Infinity":27,"b:132:33:132:52:132:52:132:Infinity":2,"b:140:33:140:48:140:48:140:Infinity":3,"b:153:26:153:Infinity:154:26:154:Infinity":4}}}
,"C:\\Users\\lauru\\Desktop\\Proyectos-Portafolio\\estudio-martinez\\src\\components\\home\\Hero.tsx": {"path":"C:\\Users\\lauru\\Desktop\\Proyectos-Portafolio\\estudio-martinez\\src\\components\\home\\Hero.tsx","statementMap":{"0":{"start":{"line":9,"column":10},"end":{"line":9,"column":null}},"1":{"start":{"line":11,"column":4},"end":{"line":111,"column":null}},"2":{"start":{"line":53,"column":47},"end":{"line":53,"column":null}},"3":{"start":{"line":124,"column":4},"end":{"line":136,"column":null}}},"fnMap":{"0":{"name":"Hero","decl":{"start":{"line":8,"column":16},"end":{"line":8,"column":23}},"loc":{"start":{"line":8,"column":23},"end":{"line":113,"column":null}},"line":8},"1":{"name":"(anonymous_1)","decl":{"start":{"line":53,"column":41},"end":{"line":53,"column":47}},"loc":{"start":{"line":53,"column":47},"end":{"line":53,"column":null}},"line":53},"2":{"name":"InfoItem","decl":{"start":{"line":115,"column":9},"end":{"line":115,"column":18}},"loc":{"start":{"line":123,"column":3},"end":{"line":138,"column":null}},"line":123}},"branchMap":{},"s":{"0":9,"1":9,"2":1,"3":27},"f":{"0":9,"1":1,"2":27},"b":{},"meta":{"lastBranch":0,"lastFunction":3,"lastStatement":4,"seen":{"f:8:16:8:23":0,"s:9:10:9:Infinity":0,"s:11:4:111:Infinity":1,"f:53:41:53:47":1,"s:53:47:53:Infinity":2,"f:115:9:115:18":2,"s:124:4:136:Infinity":3}}}
,"C:\\Users\\lauru\\Desktop\\Proyectos-Portafolio\\estudio-martinez\\src\\components\\home\\Services.tsx": {"path":"C:\\Users\\lauru\\Desktop\\Proyectos-Portafolio\\estudio-martinez\\src\\components\\home\\Services.tsx","statementMap":{"0":{"start":{"line":18,"column":17},"end":{"line":18,"column":null}},"1":{"start":{"line":20,"column":4},"end":{"line":53,"column":null}},"2":{"start":{"line":58,"column":10},"end":{"line":58,"column":null}},"3":{"start":{"line":59,"column":27},"end":{"line":59,"column":null}},"4":{"start":{"line":61,"column":4},"end":{"line":108,"column":null}},"5":{"start":{"line":84,"column":24},"end":{"line":89,"column":null}},"6":{"start":{"line":102,"column":39},"end":{"line":102,"column":null}}},"fnMap":{"0":{"name":"ServiceCard","decl":{"start":{"line":17,"column":9},"end":{"line":17,"column":21}},"loc":{"start":{"line":17,"column":70},"end":{"line":55,"column":null}},"line":17},"1":{"name":"Services","decl":{"start":{"line":57,"column":16},"end":{"line":57,"column":27}},"loc":{"start":{"line":57,"column":27},"end":{"line":110,"column":null}},"line":57},"2":{"name":"(anonymous_2)","decl":{"start":{"line":83,"column":38},"end":{"line":83,"column":39}},"loc":{"start":{"line":84,"column":24},"end":{"line":89,"column":null}},"line":84},"3":{"name":"(anonymous_3)","decl":{"start":{"line":102,"column":33},"end":{"line":102,"column":39}},"loc":{"start":{"line":102,"column":39},"end":{"line":102,"column":null}},"line":102}},"branchMap":{"0":{"loc":{"start":{"line":23,"column":16},"end":{"line":25,"column":null}},"type":"cond-expr","locations":[{"start":{"line":24,"column":22},"end":{"line":24,"column":null}},{"start":{"line":25,"column":22},"end":{"line":25,"column":null}}],"line":23},"1":{"loc":{"start":{"line":32,"column":17},"end":{"line":35,"column":null}},"type":"binary-expr","locations":[{"start":{"line":32,"column":17},"end":{"line":32,"column":null}},{"start":{"line":33,"column":20},"end":{"line":35,"column":null}}],"line":32}},"s":{"0":162,"1":162,"2":27,"3":27,"4":27,"5":162,"6":1},"f":{"0":162,"1":27,"2":162,"3":1},"b":{"0":[156,6],"1":[162,27]},"meta":{"lastBranch":2,"lastFunction":4,"lastStatement":7,"seen":{"f:17:9:17:21":0,"s:18:17:18:Infinity":0,"s:20:4:53:Infinity":1,"b:24:22:24:Infinity:25:22:25:Infinity":0,"b:32:17:32:Infinity:33:20:35:Infinity":1,"f:57:16:57:27":1,"s:58:10:58:Infinity":2,"s:59:27:59:Infinity":3,"s:61:4:108:Infinity":4,"f:83:38:83:39":2,"s:84:24:89:Infinity":5,"f:102:33:102:39":3,"s:102:39:102:Infinity":6}}}
,"C:\\Users\\lauru\\Desktop\\Proyectos-Portafolio\\estudio-martinez\\src\\components\\home\\Testimonials.tsx": {"path":"C:\\Users\\lauru\\Desktop\\Proyectos-Portafolio\\estudio-martinez\\src\\components\\home\\Testimonials.tsx","statementMap":{"0":{"start":{"line":5,"column":4},"end":{"line":73,"column":null}},"1":{"start":{"line":30,"column":39},"end":{"line":30,"column":null}},"2":{"start":{"line":32,"column":24},"end":{"line":68,"column":null}},"3":{"start":{"line":50,"column":48},"end":{"line":54,"column":null}}},"fnMap":{"0":{"name":"Testimonials","decl":{"start":{"line":4,"column":16},"end":{"line":4,"column":31}},"loc":{"start":{"line":4,"column":31},"end":{"line":75,"column":null}},"line":4},"1":{"name":"(anonymous_1)","decl":{"start":{"line":29,"column":38},"end":{"line":29,"column":39}},"loc":{"start":{"line":29,"column":55},"end":{"line":70,"column":21}},"line":29},"2":{"name":"(anonymous_2)","decl":{"start":{"line":49,"column":44},"end":{"line":49,"column":45}},"loc":{"start":{"line":50,"column":48},"end":{"line":54,"column":null}},"line":50}},"branchMap":{},"s":{"0":23,"1":69,"2":69,"3":345},"f":{"0":23,"1":69,"2":345},"b":{},"meta":{"lastBranch":0,"lastFunction":3,"lastStatement":4,"seen":{"f:4:16:4:31":0,"s:5:4:73:Infinity":0,"f:29:38:29:39":1,"s:30:39:30:Infinity":1,"s:32:24:68:Infinity":2,"f:49:44:49:45":2,"s:50:48:54:Infinity":3}}}
,"C:\\Users\\lauru\\Desktop\\Proyectos-Portafolio\\estudio-martinez\\src\\components\\layout\\Footer.tsx": {"path":"C:\\Users\\lauru\\Desktop\\Proyectos-Portafolio\\estudio-martinez\\src\\components\\layout\\Footer.tsx","statementMap":{"0":{"start":{"line":5,"column":4},"end":{"line":116,"column":null}}},"fnMap":{"0":{"name":"Footer","decl":{"start":{"line":4,"column":16},"end":{"line":4,"column":25}},"loc":{"start":{"line":4,"column":25},"end":{"line":118,"column":null}},"line":4}},"branchMap":{},"s":{"0":4},"f":{"0":4},"b":{},"meta":{"lastBranch":0,"lastFunction":1,"lastStatement":1,"seen":{"f:4:16:4:25":0,"s:5:4:116:Infinity":0}}}
,"C:\\Users\\lauru\\Desktop\\Proyectos-Portafolio\\estudio-martinez\\src\\components\\layout\\Navbar.tsx": {"path":"C:\\Users\\lauru\\Desktop\\Proyectos-Portafolio\\estudio-martinez\\src\\components\\layout\\Navbar.tsx","statementMap":{"0":{"start":{"line":11,"column":46},"end":{"line":11,"column":null}},"1":{"start":{"line":12,"column":10},"end":{"line":12,"column":null}},"2":{"start":{"line":13,"column":10},"end":{"line":13,"column":null}},"3":{"start":{"line":15,"column":27},"end":{"line":18,"column":null}},"4":{"start":{"line":16,"column":8},"end":{"line":16,"column":null}},"5":{"start":{"line":17,"column":8},"end":{"line":17,"column":null}},"6":{"start":{"line":20,"column":4},"end":{"line":106,"column":null}},"7":{"start":{"line":44,"column":28},"end":{"line":50,"column":null}},"8":{"start":{"line":46,"column":47},"end":{"line":46,"column":null}},"9":{"start":{"line":56,"column":43},"end":{"line":56,"column":null}},"10":{"start":{"line":87,"column":32},"end":{"line":93,"column":null}},"11":{"start":{"line":89,"column":51},"end":{"line":89,"column":null}},"12":{"start":{"line":98,"column":47},"end":{"line":98,"column":null}}},"fnMap":{"0":{"name":"Navbar","decl":{"start":{"line":10,"column":16},"end":{"line":10,"column":25}},"loc":{"start":{"line":10,"column":25},"end":{"line":108,"column":null}},"line":10},"1":{"name":"(anonymous_1)","decl":{"start":{"line":15,"column":27},"end":{"line":15,"column":28}},"loc":{"start":{"line":15,"column":50},"end":{"line":18,"column":null}},"line":15},"2":{"name":"(anonymous_2)","decl":{"start":{"line":43,"column":39},"end":{"line":43,"column":40}},"loc":{"start":{"line":44,"column":28},"end":{"line":50,"column":null}},"line":44},"3":{"name":"(anonymous_3)","decl":{"start":{"line":46,"column":41},"end":{"line":46,"column":47}},"loc":{"start":{"line":46,"column":47},"end":{"line":46,"column":null}},"line":46},"4":{"name":"(anonymous_4)","decl":{"start":{"line":56,"column":37},"end":{"line":56,"column":43}},"loc":{"start":{"line":56,"column":43},"end":{"line":56,"column":null}},"line":56},"5":{"name":"(anonymous_5)","decl":{"start":{"line":86,"column":43},"end":{"line":86,"column":44}},"loc":{"start":{"line":87,"column":32},"end":{"line":93,"column":null}},"line":87},"6":{"name":"(anonymous_6)","decl":{"start":{"line":89,"column":45},"end":{"line":89,"column":51}},"loc":{"start":{"line":89,"column":51},"end":{"line":89,"column":null}},"line":89},"7":{"name":"(anonymous_7)","decl":{"start":{"line":98,"column":41},"end":{"line":98,"column":47}},"loc":{"start":{"line":98,"column":47},"end":{"line":98,"column":null}},"line":98}},"branchMap":{"0":{"loc":{"start":{"line":70,"column":25},"end":{"line":73,"column":null}},"type":"cond-expr","locations":[{"start":{"line":71,"column":28},"end":{"line":71,"column":null}},{"start":{"line":73,"column":28},"end":{"line":73,"column":null}}],"line":70},"1":{"loc":{"start":{"line":79,"column":17},"end":{"line":103,"column":null}},"type":"binary-expr","locations":[{"start":{"line":79,"column":17},"end":{"line":79,"column":null}},{"start":{"line":80,"column":20},"end":{"line":103,"column":null}}],"line":79}},"s":{"0":17,"1":17,"2":17,"3":17,"4":3,"5":3,"6":17,"7":68,"8":1,"9":1,"10":16,"11":1,"12":2},"f":{"0":17,"1":3,"2":68,"3":1,"4":1,"5":16,"6":1,"7":2},"b":{"0":[4,13],"1":[17,4]},"meta":{"lastBranch":2,"lastFunction":8,"lastStatement":13,"seen":{"f:10:16:10:25":0,"s:11:46:11:Infinity":0,"s:12:10:12:Infinity":1,"s:13:10:13:Infinity":2,"s:15:27:18:Infinity":3,"f:15:27:15:28":1,"s:16:8:16:Infinity":4,"s:17:8:17:Infinity":5,"s:20:4:106:Infinity":6,"f:43:39:43:40":2,"s:44:28:50:Infinity":7,"f:46:41:46:47":3,"s:46:47:46:Infinity":8,"f:56:37:56:43":4,"s:56:43:56:Infinity":9,"b:71:28:71:Infinity:73:28:73:Infinity":0,"b:79:17:79:Infinity:80:20:103:Infinity":1,"f:86:43:86:44":5,"s:87:32:93:Infinity":10,"f:89:45:89:51":6,"s:89:51:89:Infinity":11,"f:98:41:98:47":7,"s:98:47:98:Infinity":12}}}
,"C:\\Users\\lauru\\Desktop\\Proyectos-Portafolio\\estudio-martinez\\src\\components\\ui\\Button.tsx": {"path":"C:\\Users\\lauru\\Desktop\\Proyectos-Portafolio\\estudio-martinez\\src\\components\\ui\\Button.tsx","statementMap":{"0":{"start":{"line":13,"column":53},"end":{"line":22,"column":null}},"1":{"start":{"line":24,"column":47},"end":{"line":28,"column":null}},"2":{"start":{"line":30,"column":13},"end":{"line":66,"column":null}},"3":{"start":{"line":44,"column":27},"end":{"line":44,"column":null}},"4":{"start":{"line":47,"column":12},"end":{"line":47,"column":null}},"5":{"start":{"line":49,"column":31},"end":{"line":51,"column":null}},"6":{"start":{"line":53,"column":8},"end":{"line":63,"column":null}},"7":{"start":{"line":68,"column":0},"end":{"line":68,"column":null}}},"fnMap":{"0":{"name":"(anonymous_0)","decl":{"start":{"line":31,"column":4},"end":{"line":31,"column":null}},"loc":{"start":{"line":43,"column":9},"end":{"line":65,"column":null}},"line":43}},"branchMap":{"0":{"loc":{"start":{"line":33,"column":12},"end":{"line":33,"column":null}},"type":"default-arg","locations":[{"start":{"line":33,"column":22},"end":{"line":33,"column":null}}],"line":33},"1":{"loc":{"start":{"line":34,"column":12},"end":{"line":34,"column":null}},"type":"default-arg","locations":[{"start":{"line":34,"column":19},"end":{"line":34,"column":null}}],"line":34},"2":{"loc":{"start":{"line":35,"column":12},"end":{"line":35,"column":null}},"type":"default-arg","locations":[{"start":{"line":35,"column":24},"end":{"line":35,"column":null}}],"line":35},"3":{"loc":{"start":{"line":37,"column":12},"end":{"line":37,"column":null}},"type":"default-arg","locations":[{"start":{"line":37,"column":24},"end":{"line":37,"column":null}}],"line":37},"4":{"loc":{"start":{"line":39,"column":12},"end":{"line":39,"column":null}},"type":"default-arg","locations":[{"start":{"line":39,"column":19},"end":{"line":39,"column":null}}],"line":39},"5":{"loc":{"start":{"line":44,"column":27},"end":{"line":44,"column":null}},"type":"binary-expr","locations":[{"start":{"line":44,"column":27},"end":{"line":44,"column":39}},{"start":{"line":44,"column":39},"end":{"line":44,"column":null}}],"line":44},"6":{"loc":{"start":{"line":49,"column":31},"end":{"line":51,"column":null}},"type":"cond-expr","locations":[{"start":{"line":50,"column":14},"end":{"line":50,"column":null}},{"start":{"line":51,"column":14},"end":{"line":51,"column":null}}],"line":49}},"s":{"0":5,"1":5,"2":5,"3":79,"4":79,"5":79,"6":79,"7":5},"f":{"0":79},"b":{"0":[79],"1":[79],"2":[79],"3":[79],"4":[79],"5":[79,74],"6":[7,72]},"meta":{"lastBranch":7,"lastFunction":1,"lastStatement":8,"seen":{"s:13:53:22:Infinity":0,"s:24:47:28:Infinity":1,"s:30:13:66:Infinity":2,"f:31:4:31:Infinity":0,"b:33:22:33:Infinity":0,"b:34:19:34:Infinity":1,"b:35:24:35:Infinity":2,"b:37:24:37:Infinity":3,"b:39:19:39:Infinity":4,"s:44:27:44:Infinity":3,"b:44:27:44:39:44:39:44:Infinity":5,"s:47:12:47:Infinity":4,"s:49:31:51:Infinity":5,"b:50:14:50:Infinity:51:14:51:Infinity":6,"s:53:8:63:Infinity":6,"s:68:0:68:Infinity":7}}}
,"C:\\Users\\lauru\\Desktop\\Proyectos-Portafolio\\estudio-martinez\\src\\components\\ui\\Card.tsx": {"path":"C:\\Users\\lauru\\Desktop\\Proyectos-Portafolio\\estudio-martinez\\src\\components\\ui\\Card.tsx","statementMap":{"0":{"start":{"line":9,"column":4},"end":{"line":14,"column":null}}},"fnMap":{"0":{"name":"Card","decl":{"start":{"line":8,"column":16},"end":{"line":8,"column":21}},"loc":{"start":{"line":8,"column":62},"end":{"line":16,"column":null}},"line":8}},"branchMap":{"0":{"loc":{"start":{"line":8,"column":33},"end":{"line":8,"column":48}},"type":"default-arg","locations":[{"start":{"line":8,"column":45},"end":{"line":8,"column":48}}],"line":8}},"s":{"0":35},"f":{"0":35},"b":{"0":[35]},"meta":{"lastBranch":1,"lastFunction":1,"lastStatement":1,"seen":{"f:8:16:8:21":0,"b:8:45:8:48":0,"s:9:4:14:Infinity":0}}}
,"C:\\Users\\lauru\\Desktop\\Proyectos-Portafolio\\estudio-martinez\\src\\components\\ui\\ErrorBoundary.tsx": {"path":"C:\\Users\\lauru\\Desktop\\Proyectos-Portafolio\\estudio-martinez\\src\\components\\ui\\ErrorBoundary.tsx","statementMap":{"0":{"start":{"line":17,"column":19},"end":{"line":17,"column":null}},"1":{"start":{"line":20,"column":8},"end":{"line":20,"column":null}},"2":{"start":{"line":24,"column":8},"end":{"line":24,"column":null}},"3":{"start":{"line":32,"column":8},"end":{"line":85,"column":null}},"4":{"start":{"line":33,"column":12},"end":{"line":35,"column":null}},"5":{"start":{"line":34,"column":16},"end":{"line":34,"column":null}},"6":{"start":{"line":37,"column":12},"end":{"line":83,"column":null}},"7":{"start":{"line":66,"column":43},"end":{"line":66,"column":null}},"8":{"start":{"line":87,"column":8},"end":{"line":87,"column":null}}},"fnMap":{"0":{"name":"(anonymous_0)","decl":{"start":{"line":19,"column":11},"end":{"line":19,"column":36}},"loc":{"start":{"line":19,"column":57},"end":{"line":21,"column":null}},"line":19},"1":{"name":"(anonymous_1)","decl":{"start":{"line":23,"column":4},"end":{"line":23,"column":22}},"loc":{"start":{"line":23,"column":58},"end":{"line":29,"column":null}},"line":23},"2":{"name":"(anonymous_2)","decl":{"start":{"line":31,"column":4},"end":{"line":31,"column":13}},"loc":{"start":{"line":31,"column":13},"end":{"line":88,"column":null}},"line":31},"3":{"name":"(anonymous_3)","decl":{"start":{"line":66,"column":37},"end":{"line":66,"column":43}},"loc":{"start":{"line":66,"column":43},"end":{"line":66,"column":null}},"line":66}},"branchMap":{"0":{"loc":{"start":{"line":32,"column":8},"end":{"line":85,"column":null}},"type":"if","locations":[{"start":{"line":32,"column":8},"end":{"line":85,"column":null}},{"start":{},"end":{}}],"line":32},"1":{"loc":{"start":{"line":33,"column":12},"end":{"line":35,"column":null}},"type":"if","locations":[{"start":{"line":33,"column":12},"end":{"line":35,"column":null}},{"start":{},"end":{}}],"line":33},"2":{"loc":{"start":{"line":72,"column":25},"end":{"line":80,"column":null}},"type":"binary-expr","locations":[{"start":{"line":72,"column":25},"end":{"line":72,"column":48}},{"start":{"line":72,"column":48},"end":{"line":72,"column":null}},{"start":{"line":73,"column":28},"end":{"line":80,"column":null}}],"line":72}},"s":{"0":375,"1":34,"2":17,"3":411,"4":34,"5":4,"6":30,"7":1,"8":377},"f":{"0":4,"1":17,"2":411,"3":1},"b":{"0":[34,377],"1":[4,30],"2":[30,28,28]},"meta":{"lastBranch":3,"lastFunction":4,"lastStatement":9,"seen":{"s:17:19:17:Infinity":0,"f:19:11:19:36":0,"s:20:8:20:Infinity":1,"f:23:4:23:22":1,"s:24:8:24:Infinity":2,"f:31:4:31:13":2,"b:32:8:85:Infinity:undefined:undefined:undefined:undefined":0,"s:32:8:85:Infinity":3,"b:33:12:35:Infinity:undefined:undefined:undefined:undefined":1,"s:33:12:35:Infinity":4,"s:34:16:34:Infinity":5,"s:37:12:83:Infinity":6,"f:66:37:66:43":3,"s:66:43:66:Infinity":7,"b:72:25:72:48:72:48:72:Infinity:73:28:80:Infinity":2,"s:87:8:87:Infinity":8}}}
,"C:\\Users\\lauru\\Desktop\\Proyectos-Portafolio\\estudio-martinez\\src\\components\\ui\\Input.tsx": {"path":"C:\\Users\\lauru\\Desktop\\Proyectos-Portafolio\\estudio-martinez\\src\\components\\ui\\Input.tsx","statementMap":{"0":{"start":{"line":13,"column":13},"end":{"line":106,"column":null}},"1":{"start":{"line":18,"column":23},"end":{"line":18,"column":null}},"2":{"start":{"line":19,"column":24},"end":{"line":19,"column":null}},"3":{"start":{"line":20,"column":24},"end":{"line":20,"column":null}},"4":{"start":{"line":22,"column":8},"end":{"line":103,"column":null}},"5":{"start":{"line":108,"column":0},"end":{"line":108,"column":null}}},"fnMap":{"0":{"name":"(anonymous_0)","decl":{"start":{"line":14,"column":4},"end":{"line":14,"column":null}},"loc":{"start":{"line":17,"column":9},"end":{"line":105,"column":null}},"line":17}},"branchMap":{"0":{"loc":{"start":{"line":15,"column":47},"end":{"line":15,"column":63}},"type":"default-arg","locations":[{"start":{"line":15,"column":59},"end":{"line":15,"column":63}}],"line":15},"1":{"loc":{"start":{"line":27,"column":24},"end":{"line":27,"column":null}},"type":"cond-expr","locations":[{"start":{"line":27,"column":41},"end":{"line":27,"column":60}},{"start":{"line":27,"column":60},"end":{"line":27,"column":null}}],"line":27},"2":{"loc":{"start":{"line":41,"column":18},"end":{"line":43,"column":null}},"type":"cond-expr","locations":[{"start":{"line":42,"column":24},"end":{"line":42,"column":null}},{"start":{"line":43,"column":24},"end":{"line":43,"column":null}}],"line":41},"3":{"loc":{"start":{"line":48,"column":18},"end":{"line":50,"column":null}},"type":"cond-expr","locations":[{"start":{"line":49,"column":24},"end":{"line":49,"column":null}},{"start":{"line":50,"column":24},"end":{"line":50,"column":null}}],"line":48},"4":{"loc":{"start":{"line":58,"column":28},"end":{"line":64,"column":null}},"type":"cond-expr","locations":[{"start":{"line":59,"column":34},"end":{"line":59,"column":null}},{"start":{"line":60,"column":34},"end":{"line":64,"column":null}}],"line":58},"5":{"loc":{"start":{"line":60,"column":34},"end":{"line":64,"column":null}},"type":"cond-expr","locations":[{"start":{"line":61,"column":36},"end":{"line":61,"column":null}},{"start":{"line":62,"column":36},"end":{"line":64,"column":null}}],"line":60},"6":{"loc":{"start":{"line":62,"column":36},"end":{"line":64,"column":null}},"type":"cond-expr","locations":[{"start":{"line":63,"column":38},"end":{"line":63,"column":null}},{"start":{"line":64,"column":38},"end":{"line":64,"column":null}}],"line":62},"7":{"loc":{"start":{"line":70,"column":21},"end":{"line":83,"column":null}},"type":"binary-expr","locations":[{"start":{"line":70,"column":21},"end":{"line":70,"column":32}},{"start":{"line":70,"column":32},"end":{"line":70,"column":42}},{"start":{"line":70,"column":42},"end":{"line":70,"column":null}},{"start":{"line":71,"column":24},"end":{"line":83,"column":null}}],"line":70},"8":{"loc":{"start":{"line":87,"column":17},"end":{"line":95,"column":null}},"type":"binary-expr","locations":[{"start":{"line":87,"column":17},"end":{"line":87,"column":null}},{"start":{"line":88,"column":20},"end":{"line":95,"column":null}}],"line":87},"9":{"loc":{"start":{"line":98,"column":17},"end":{"line":101,"column":null}},"type":"binary-expr","locations":[{"start":{"line":98,"column":17},"end":{"line":98,"column":27}},{"start":{"line":98,"column":27},"end":{"line":98,"column":null}},{"start":{"line":99,"column":20},"end":{"line":101,"column":null}}],"line":98}},"s":{"0":5,"1":128,"2":128,"3":128,"4":128,"5":5},"f":{"0":128},"b":{"0":[128],"1":[7,121],"2":[7,121],"3":[13,115],"4":[13,115],"5":[17,98],"6":[2,96],"7":[128,19,17,11],"8":[128,13],"9":[128,115,2]},"meta":{"lastBranch":10,"lastFunction":1,"lastStatement":6,"seen":{"s:13:13:106:Infinity":0,"f:14:4:14:Infinity":0,"b:15:59:15:63":0,"s:18:23:18:Infinity":1,"s:19:24:19:Infinity":2,"s:20:24:20:Infinity":3,"s:22:8:103:Infinity":4,"b:27:41:27:60:27:60:27:Infinity":1,"b:42:24:42:Infinity:43:24:43:Infinity":2,"b:49:24:49:Infinity:50:24:50:Infinity":3,"b:59:34:59:Infinity:60:34:64:Infinity":4,"b:61:36:61:Infinity:62:36:64:Infinity":5,"b:63:38:63:Infinity:64:38:64:Infinity":6,"b:70:21:70:32:70:32:70:42:70:42:70:Infinity:71:24:83:Infinity":7,"b:87:17:87:Infinity:88:20:95:Infinity":8,"b:98:17:98:27:98:27:98:Infinity:99:20:101:Infinity":9,"s:108:0:108:Infinity":5}}}
,"C:\\Users\\lauru\\Desktop\\Proyectos-Portafolio\\estudio-martinez\\src\\components\\ui\\Textarea.tsx": {"path":"C:\\Users\\lauru\\Desktop\\Proyectos-Portafolio\\estudio-martinez\\src\\components\\ui\\Textarea.tsx","statementMap":{"0":{"start":{"line":13,"column":13},"end":{"line":115,"column":null}},"1":{"start":{"line":19,"column":12},"end":{"line":19,"column":null}},"2":{"start":{"line":21,"column":24},"end":{"line":21,"column":null}},"3":{"start":{"line":22,"column":23},"end":{"line":22,"column":null}},"4":{"start":{"line":23,"column":24},"end":{"line":23,"column":null}},"5":{"start":{"line":25,"column":8},"end":{"line":112,"column":null}},"6":{"start":{"line":117,"column":0},"end":{"line":117,"column":null}}},"fnMap":{"0":{"name":"(anonymous_0)","decl":{"start":{"line":14,"column":4},"end":{"line":14,"column":null}},"loc":{"start":{"line":17,"column":9},"end":{"line":114,"column":null}},"line":17}},"branchMap":{"0":{"loc":{"start":{"line":15,"column":38},"end":{"line":15,"column":54}},"type":"default-arg","locations":[{"start":{"line":15,"column":50},"end":{"line":15,"column":54}}],"line":15},"1":{"loc":{"start":{"line":19,"column":12},"end":{"line":19,"column":null}},"type":"binary-expr","locations":[{"start":{"line":19,"column":12},"end":{"line":19,"column":18}},{"start":{"line":19,"column":18},"end":{"line":19,"column":null}}],"line":19},"2":{"loc":{"start":{"line":30,"column":24},"end":{"line":30,"column":null}},"type":"cond-expr","locations":[{"start":{"line":30,"column":41},"end":{"line":30,"column":60}},{"start":{"line":30,"column":60},"end":{"line":30,"column":null}}],"line":30},"3":{"loc":{"start":{"line":42,"column":28},"end":{"line":48,"column":null}},"type":"cond-expr","locations":[{"start":{"line":43,"column":34},"end":{"line":43,"column":null}},{"start":{"line":44,"column":34},"end":{"line":48,"column":null}}],"line":42},"4":{"loc":{"start":{"line":44,"column":34},"end":{"line":48,"column":null}},"type":"cond-expr","locations":[{"start":{"line":45,"column":36},"end":{"line":45,"column":null}},{"start":{"line":46,"column":36},"end":{"line":48,"column":null}}],"line":44},"5":{"loc":{"start":{"line":46,"column":36},"end":{"line":48,"column":null}},"type":"cond-expr","locations":[{"start":{"line":47,"column":38},"end":{"line":47,"column":null}},{"start":{"line":48,"column":38},"end":{"line":48,"column":null}}],"line":46},"6":{"loc":{"start":{"line":54,"column":18},"end":{"line":56,"column":null}},"type":"cond-expr","locations":[{"start":{"line":55,"column":24},"end":{"line":55,"column":null}},{"start":{"line":56,"column":24},"end":{"line":56,"column":null}}],"line":54},"7":{"loc":{"start":{"line":61,"column":18},"end":{"line":63,"column":null}},"type":"cond-expr","locations":[{"start":{"line":62,"column":24},"end":{"line":62,"column":null}},{"start":{"line":63,"column":24},"end":{"line":63,"column":null}}],"line":61},"8":{"loc":{"start":{"line":73,"column":21},"end":{"line":86,"column":null}},"type":"binary-expr","locations":[{"start":{"line":73,"column":21},"end":{"line":73,"column":32}},{"start":{"line":73,"column":32},"end":{"line":73,"column":42}},{"start":{"line":73,"column":42},"end":{"line":73,"column":null}},{"start":{"line":74,"column":24},"end":{"line":86,"column":null}}],"line":73},"9":{"loc":{"start":{"line":89,"column":21},"end":{"line":93,"column":null}},"type":"binary-expr","locations":[{"start":{"line":89,"column":21},"end":{"line":89,"column":30}},{"start":{"line":89,"column":30},"end":{"line":89,"column":null}},{"start":{"line":90,"column":24},"end":{"line":93,"column":null}}],"line":89},"10":{"loc":{"start":{"line":97,"column":17},"end":{"line":104,"column":null}},"type":"binary-expr","locations":[{"start":{"line":97,"column":17},"end":{"line":97,"column":null}},{"start":{"line":98,"column":20},"end":{"line":104,"column":null}}],"line":97},"11":{"loc":{"start":{"line":107,"column":17},"end":{"line":110,"column":null}},"type":"binary-expr","locations":[{"start":{"line":107,"column":17},"end":{"line":107,"column":27}},{"start":{"line":107,"column":27},"end":{"line":107,"column":null}},{"start":{"line":108,"column":20},"end":{"line":110,"column":null}}],"line":107}},"s":{"0":5,"1":106,"2":106,"3":106,"4":106,"5":106,"6":5},"f":{"0":106},"b":{"0":[106],"1":[106,71],"2":[4,102],"3":[13,93],"4":[6,87],"5":[4,83],"6":[4,102],"7":[13,93],"8":[106,7,6,4],"9":[106,13,13],"10":[106,13],"11":[106,93,4]},"meta":{"lastBranch":12,"lastFunction":1,"lastStatement":7,"seen":{"s:13:13:115:Infinity":0,"f:14:4:14:Infinity":0,"b:15:50:15:54":0,"s:19:12:19:Infinity":1,"b:19:12:19:18:19:18:19:Infinity":1,"s:21:24:21:Infinity":2,"s:22:23:22:Infinity":3,"s:23:24:23:Infinity":4,"s:25:8:112:Infinity":5,"b:30:41:30:60:30:60:30:Infinity":2,"b:43:34:43:Infinity:44:34:48:Infinity":3,"b:45:36:45:Infinity:46:36:48:Infinity":4,"b:47:38:47:Infinity:48:38:48:Infinity":5,"b:55:24:55:Infinity:56:24:56:Infinity":6,"b:62:24:62:Infinity:63:24:63:Infinity":7,"b:73:21:73:32:73:32:73:42:73:42:73:Infinity:74:24:86:Infinity":8,"b:89:21:89:30:89:30:89:Infinity:90:24:93:Infinity":9,"b:97:17:97:Infinity:98:20:104:Infinity":10,"b:107:17:107:27:107:27:107:Infinity:108:20:110:Infinity":11,"s:117:0:117:Infinity":6}}}
,"C:\\Users\\lauru\\Desktop\\Proyectos-Portafolio\\estudio-martinez\\src\\components\\ui\\WhatsAppFloat.tsx": {"path":"C:\\Users\\lauru\\Desktop\\Proyectos-Portafolio\\estudio-martinez\\src\\components\\ui\\WhatsAppFloat.tsx","statementMap":{"0":{"start":{"line":12,"column":34},"end":{"line":12,"column":null}},"1":{"start":{"line":14,"column":20},"end":{"line":16,"column":null}},"2":{"start":{"line":17,"column":24},"end":{"line":17,"column":null}},"3":{"start":{"line":19,"column":4},"end":{"line":25,"column":null}},"4":{"start":{"line":20,"column":22},"end":{"line":22,"column":null}},"5":{"start":{"line":21,"column":12},"end":{"line":21,"column":null}},"6":{"start":{"line":24,"column":8},"end":{"line":24,"column":null}},"7":{"start":{"line":24,"column":21},"end":{"line":24,"column":null}},"8":{"start":{"line":27,"column":4},"end":{"line":44,"column":null}}},"fnMap":{"0":{"name":"WhatsAppFloat","decl":{"start":{"line":11,"column":16},"end":{"line":11,"column":32}},"loc":{"start":{"line":11,"column":32},"end":{"line":46,"column":null}},"line":11},"1":{"name":"(anonymous_1)","decl":{"start":{"line":19,"column":14},"end":{"line":19,"column":20}},"loc":{"start":{"line":19,"column":20},"end":{"line":25,"column":7}},"line":19},"2":{"name":"(anonymous_2)","decl":{"start":{"line":20,"column":33},"end":{"line":20,"column":39}},"loc":{"start":{"line":20,"column":39},"end":{"line":22,"column":11}},"line":20},"3":{"name":"(anonymous_3)","decl":{"start":{"line":24,"column":15},"end":{"line":24,"column":21}},"loc":{"start":{"line":24,"column":21},"end":{"line":24,"column":null}},"line":24}},"branchMap":{"0":{"loc":{"start":{"line":36,"column":13},"end":{"line":37,"column":null}},"type":"binary-expr","locations":[{"start":{"line":36,"column":13},"end":{"line":36,"column":null}},{"start":{"line":37,"column":16},"end":{"line":37,"column":null}}],"line":36}},"s":{"0":11,"1":11,"2":11,"3":11,"4":10,"5":1,"6":10,"7":10,"8":11},"f":{"0":11,"1":10,"2":1,"3":10},"b":{"0":[11,1]},"meta":{"lastBranch":1,"lastFunction":4,"lastStatement":9,"seen":{"f:11:16:11:32":0,"s:12:34:12:Infinity":0,"s:14:20:16:Infinity":1,"s:17:24:17:Infinity":2,"s:19:4:25:Infinity":3,"f:19:14:19:20":1,"s:20:22:22:Infinity":4,"f:20:33:20:39":2,"s:21:12:21:Infinity":5,"s:24:8:24:Infinity":6,"f:24:15:24:21":3,"s:24:21:24:Infinity":7,"s:27:4:44:Infinity":8,"b:36:13:36:Infinity:37:16:37:Infinity":0}}}
,"C:\\Users\\lauru\\Desktop\\Proyectos-Portafolio\\estudio-martinez\\src\\components\\ui\\WhatsAppIcon.tsx": {"path":"C:\\Users\\lauru\\Desktop\\Proyectos-Portafolio\\estudio-martinez\\src\\components\\ui\\WhatsAppIcon.tsx","statementMap":{"0":{"start":{"line":7,"column":4},"end":{"line":18,"column":null}}},"fnMap":{"0":{"name":"WhatsAppIcon","decl":{"start":{"line":6,"column":16},"end":{"line":6,"column":29}},"loc":{"start":{"line":6,"column":79},"end":{"line":20,"column":null}},"line":6}},"branchMap":{"0":{"loc":{"start":{"line":6,"column":31},"end":{"line":6,"column":42}},"type":"default-arg","locations":[{"start":{"line":6,"column":38},"end":{"line":6,"column":42}}],"line":6},"1":{"loc":{"start":{"line":6,"column":42},"end":{"line":6,"column":57}},"type":"default-arg","locations":[{"start":{"line":6,"column":54},"end":{"line":6,"column":57}}],"line":6}},"s":{"0":16},"f":{"0":16},"b":{"0":[16],"1":[16]},"meta":{"lastBranch":2,"lastFunction":1,"lastStatement":1,"seen":{"f:6:16:6:29":0,"b:6:38:6:42":0,"b:6:54:6:57":1,"s:7:4:18:Infinity":0}}}
,"C:\\Users\\lauru\\Desktop\\Proyectos-Portafolio\\estudio-martinez\\src\\components\\ui\\index.ts": {"path":"C:\\Users\\lauru\\Desktop\\Proyectos-Portafolio\\estudio-martinez\\src\\components\\ui\\index.ts","statementMap":{},"fnMap":{},"branchMap":{},"s":{},"f":{},"b":{},"meta":{"lastBranch":0,"lastFunction":0,"lastStatement":0,"seen":{}}}
,"C:\\Users\\lauru\\Desktop\\Proyectos-Portafolio\\estudio-martinez\\src\\config\\site.ts": {"path":"C:\\Users\\lauru\\Desktop\\Proyectos-Portafolio\\estudio-martinez\\src\\config\\site.ts","statementMap":{"0":{"start":{"line":1,"column":27},"end":{"line":15,"column":null}},"1":{"start":{"line":17,"column":29},"end":{"line":50,"column":null}}},"fnMap":{},"branchMap":{},"s":{"0":5,"1":5},"f":{},"b":{},"meta":{"lastBranch":0,"lastFunction":0,"lastStatement":2,"seen":{"s:1:27:15:Infinity":0,"s:17:29:50:Infinity":1}}}
,"C:\\Users\\lauru\\Desktop\\Proyectos-Portafolio\\estudio-martinez\\src\\constants\\iconSizes.ts": {"path":"C:\\Users\\lauru\\Desktop\\Proyectos-Portafolio\\estudio-martinez\\src\\constants\\iconSizes.ts","statementMap":{"0":{"start":{"line":6,"column":26},"end":{"line":13,"column":null}}},"fnMap":{},"branchMap":{},"s":{"0":4},"f":{},"b":{},"meta":{"lastBranch":0,"lastFunction":0,"lastStatement":1,"seen":{"s:6:26:13:Infinity":0}}}
,"C:\\Users\\lauru\\Desktop\\Proyectos-Portafolio\\estudio-martinez\\src\\constants\\navbarItems.ts": {"path":"C:\\Users\\lauru\\Desktop\\Proyectos-Portafolio\\estudio-martinez\\src\\constants\\navbarItems.ts","statementMap":{"0":{"start":{"line":1,"column":25},"end":{"line":6,"column":null}}},"fnMap":{},"branchMap":{},"s":{"0":3},"f":{},"b":{},"meta":{"lastBranch":0,"lastFunction":0,"lastStatement":1,"seen":{"s:1:25:6:Infinity":0}}}
,"C:\\Users\\lauru\\Desktop\\Proyectos-Portafolio\\estudio-martinez\\src\\constants\\validationMessages.ts": {"path":"C:\\Users\\lauru\\Desktop\\Proyectos-Portafolio\\estudio-martinez\\src\\constants\\validationMessages.ts","statementMap":{"0":{"start":{"line":2,"column":35},"end":{"line":23,"column":null}}},"fnMap":{},"branchMap":{},"s":{"0":2},"f":{},"b":{},"meta":{"lastBranch":0,"lastFunction":0,"lastStatement":1,"seen":{"s:2:35:23:Infinity":0}}}
,"C:\\Users\\lauru\\Desktop\\Proyectos-Portafolio\\estudio-martinez\\src\\data\\faq.ts": {"path":"C:\\Users\\lauru\\Desktop\\Proyectos-Portafolio\\estudio-martinez\\src\\data\\faq.ts","statementMap":{"0":{"start":{"line":3,"column":34},"end":{"line":45,"column":null}}},"fnMap":{},"branchMap":{},"s":{"0":2},"f":{},"b":{},"meta":{"lastBranch":0,"lastFunction":0,"lastStatement":1,"seen":{"s:3:34:45:Infinity":0}}}
,"C:\\Users\\lauru\\Desktop\\Proyectos-Portafolio\\estudio-martinez\\src\\data\\services.ts": {"path":"C:\\Users\\lauru\\Desktop\\Proyectos-Portafolio\\estudio-martinez\\src\\data\\services.ts","statementMap":{"0":{"start":{"line":11,"column":39},"end":{"line":60,"column":null}}},"fnMap":{},"branchMap":{},"s":{"0":3},"f":{},"b":{},"meta":{"lastBranch":0,"lastFunction":0,"lastStatement":1,"seen":{"s:11:39:60:Infinity":0}}}
,"C:\\Users\\lauru\\Desktop\\Proyectos-Portafolio\\estudio-martinez\\src\\data\\testimonials.ts": {"path":"C:\\Users\\lauru\\Desktop\\Proyectos-Portafolio\\estudio-martinez\\src\\data\\testimonials.ts","statementMap":{"0":{"start":{"line":1,"column":28},"end":{"line":26,"column":null}}},"fnMap":{},"branchMap":{},"s":{"0":2},"f":{},"b":{},"meta":{"lastBranch":0,"lastFunction":0,"lastStatement":1,"seen":{"s:1:28:26:Infinity":0}}}
,"C:\\Users\\lauru\\Desktop\\Proyectos-Portafolio\\estudio-martinez\\src\\hooks\\index.ts": {"path":"C:\\Users\\lauru\\Desktop\\Proyectos-Portafolio\\estudio-martinez\\src\\hooks\\index.ts","statementMap":{},"fnMap":{},"branchMap":{},"s":{},"f":{},"b":{},"meta":{"lastBranch":0,"lastFunction":0,"lastStatement":0,"seen":{}}}
,"C:\\Users\\lauru\\Desktop\\Proyectos-Portafolio\\estudio-martinez\\src\\hooks\\useContactForm.ts": {"path":"C:\\Users\\lauru\\Desktop\\Proyectos-Portafolio\\estudio-martinez\\src\\hooks\\useContactForm.ts","statementMap":{"0":{"start":{"line":29,"column":21},"end":{"line":67,"column":null}},"1":{"start":{"line":30,"column":4},"end":{"line":30,"column":null}},"2":{"start":{"line":30,"column":38},"end":{"line":30,"column":null}},"3":{"start":{"line":33,"column":18},"end":{"line":33,"column":null}},"4":{"start":{"line":34,"column":4},"end":{"line":34,"column":null}},"5":{"start":{"line":34,"column":28},"end":{"line":34,"column":null}},"6":{"start":{"line":36,"column":32},"end":{"line":36,"column":null}},"7":{"start":{"line":38,"column":4},"end":{"line":38,"column":null}},"8":{"start":{"line":38,"column":31},"end":{"line":38,"column":null}},"9":{"start":{"line":41,"column":4},"end":{"line":41,"column":null}},"10":{"start":{"line":41,"column":30},"end":{"line":41,"column":null}},"11":{"start":{"line":44,"column":4},"end":{"line":51,"column":null}},"12":{"start":{"line":50,"column":8},"end":{"line":50,"column":null}},"13":{"start":{"line":54,"column":23},"end":{"line":54,"column":null}},"14":{"start":{"line":56,"column":4},"end":{"line":56,"column":null}},"15":{"start":{"line":56,"column":33},"end":{"line":56,"column":null}},"16":{"start":{"line":59,"column":24},"end":{"line":59,"column":null}},"17":{"start":{"line":60,"column":4},"end":{"line":64,"column":null}},"18":{"start":{"line":61,"column":8},"end":{"line":63,"column":null}},"19":{"start":{"line":62,"column":12},"end":{"line":62,"column":null}},"20":{"start":{"line":66,"column":4},"end":{"line":66,"column":null}},"21":{"start":{"line":69,"column":22},"end":{"line":119,"column":null}},"22":{"start":{"line":73,"column":27},"end":{"line":73,"column":null}},"23":{"start":{"line":75,"column":4},"end":{"line":118,"column":null}},"24":{"start":{"line":77,"column":12},"end":{"line":77,"column":null}},"25":{"start":{"line":77,"column":33},"end":{"line":77,"column":null}},"26":{"start":{"line":78,"column":12},"end":{"line":79,"column":null}},"27":{"start":{"line":79,"column":16},"end":{"line":79,"column":null}},"28":{"start":{"line":80,"column":30},"end":{"line":80,"column":null}},"29":{"start":{"line":81,"column":12},"end":{"line":82,"column":null}},"30":{"start":{"line":82,"column":16},"end":{"line":82,"column":null}},"31":{"start":{"line":83,"column":12},"end":{"line":83,"column":null}},"32":{"start":{"line":87,"column":12},"end":{"line":87,"column":null}},"33":{"start":{"line":87,"column":33},"end":{"line":87,"column":null}},"34":{"start":{"line":89,"column":12},"end":{"line":90,"column":null}},"35":{"start":{"line":90,"column":16},"end":{"line":90,"column":null}},"36":{"start":{"line":92,"column":12},"end":{"line":92,"column":null}},"37":{"start":{"line":96,"column":12},"end":{"line":96,"column":null}},"38":{"start":{"line":96,"column":33},"end":{"line":96,"column":null}},"39":{"start":{"line":97,"column":12},"end":{"line":98,"column":null}},"40":{"start":{"line":98,"column":16},"end":{"line":98,"column":null}},"41":{"start":{"line":99,"column":31},"end":{"line":99,"column":null}},"42":{"start":{"line":100,"column":12},"end":{"line":101,"column":null}},"43":{"start":{"line":101,"column":16},"end":{"line":101,"column":null}},"44":{"start":{"line":102,"column":12},"end":{"line":102,"column":null}},"45":{"start":{"line":106,"column":12},"end":{"line":106,"column":null}},"46":{"start":{"line":106,"column":33},"end":{"line":106,"column":null}},"47":{"start":{"line":107,"column":12},"end":{"line":108,"column":null}},"48":{"start":{"line":108,"column":16},"end":{"line":108,"column":null}},"49":{"start":{"line":109,"column":12},"end":{"line":110,"column":null}},"50":{"start":{"line":110,"column":16},"end":{"line":110,"column":null}},"51":{"start":{"line":111,"column":12},"end":{"line":112,"column":null}},"52":{"start":{"line":112,"column":16},"end":{"line":112,"column":null}},"53":{"start":{"line":113,"column":12},"end":{"line":113,"column":null}},"54":{"start":{"line":117,"column":12},"end":{"line":117,"column":null}},"55":{"start":{"line":121,"column":22},"end":{"line":134,"column":null}},"56":{"start":{"line":122,"column":4},"end":{"line":133,"column":null}},"57":{"start":{"line":124,"column":12},"end":{"line":124,"column":null}},"58":{"start":{"line":126,"column":12},"end":{"line":126,"column":null}},"59":{"start":{"line":128,"column":12},"end":{"line":128,"column":null}},"60":{"start":{"line":130,"column":12},"end":{"line":130,"column":null}},"61":{"start":{"line":132,"column":12},"end":{"line":132,"column":null}},"62":{"start":{"line":137,"column":32},"end":{"line":142,"column":null}},"63":{"start":{"line":144,"column":28},"end":{"line":144,"column":null}},"64":{"start":{"line":146,"column":30},"end":{"line":153,"column":null}},"65":{"start":{"line":155,"column":40},"end":{"line":155,"column":null}},"66":{"start":{"line":156,"column":40},"end":{"line":158,"column":null}},"67":{"start":{"line":161,"column":10},"end":{"line":161,"column":null}},"68":{"start":{"line":162,"column":4},"end":{"line":162,"column":null}},"69":{"start":{"line":165,"column":10},"end":{"line":165,"column":null}},"70":{"start":{"line":169,"column":10},"end":{"line":169,"column":null}},"71":{"start":{"line":171,"column":10},"end":{"line":189,"column":null}},"72":{"start":{"line":173,"column":12},"end":{"line":173,"column":null}},"73":{"start":{"line":173,"column":35},"end":{"line":173,"column":63}},"74":{"start":{"line":175,"column":12},"end":{"line":180,"column":null}},"75":{"start":{"line":176,"column":16},"end":{"line":179,"column":null}},"76":{"start":{"line":176,"column":37},"end":{"line":179,"column":18}},"77":{"start":{"line":183,"column":12},"end":{"line":186,"column":null}},"78":{"start":{"line":184,"column":16},"end":{"line":184,"column":null}},"79":{"start":{"line":185,"column":16},"end":{"line":185,"column":null}},"80":{"start":{"line":191,"column":10},"end":{"line":205,"column":null}},"81":{"start":{"line":192,"column":8},"end":{"line":192,"column":null}},"82":{"start":{"line":192,"column":30},"end":{"line":192,"column":57}},"83":{"start":{"line":194,"column":8},"end":{"line":204,"column":null}},"84":{"start":{"line":195,"column":35},"end":{"line":195,"column":null}},"85":{"start":{"line":196,"column":26},"end":{"line":196,"column":null}},"86":{"start":{"line":198,"column":12},"end":{"line":201,"column":null}},"87":{"start":{"line":198,"column":39},"end":{"line":201,"column":14}},"88":{"start":{"line":203,"column":12},"end":{"line":203,"column":null}},"89":{"start":{"line":207,"column":10},"end":{"line":303,"column":null}},"90":{"start":{"line":209,"column":12},"end":{"line":209,"column":null}},"91":{"start":{"line":212,"column":12},"end":{"line":217,"column":null}},"92":{"start":{"line":213,"column":16},"end":{"line":215,"column":null}},"93":{"start":{"line":216,"column":16},"end":{"line":216,"column":null}},"94":{"start":{"line":220,"column":12},"end":{"line":223,"column":null}},"95":{"start":{"line":221,"column":16},"end":{"line":221,"column":null}},"96":{"start":{"line":222,"column":16},"end":{"line":222,"column":null}},"97":{"start":{"line":226,"column":12},"end":{"line":226,"column":null}},"98":{"start":{"line":229,"column":36},"end":{"line":229,"column":null}},"99":{"start":{"line":230,"column":49},"end":{"line":235,"column":null}},"100":{"start":{"line":237,"column":12},"end":{"line":237,"column":null}},"101":{"start":{"line":239,"column":30},"end":{"line":239,"column":null}},"102":{"start":{"line":240,"column":12},"end":{"line":242,"column":null}},"103":{"start":{"line":241,"column":16},"end":{"line":241,"column":null}},"104":{"start":{"line":245,"column":12},"end":{"line":245,"column":null}},"105":{"start":{"line":246,"column":12},"end":{"line":246,"column":null}},"106":{"start":{"line":249,"column":12},"end":{"line":251,"column":null}},"107":{"start":{"line":250,"column":16},"end":{"line":250,"column":null}},"108":{"start":{"line":253,"column":12},"end":{"line":300,"column":null}},"109":{"start":{"line":255,"column":16},"end":{"line":263,"column":null}},"110":{"start":{"line":256,"column":20},"end":{"line":262,"column":null}},"111":{"start":{"line":257,"column":24},"end":{"line":261,"column":null}},"112":{"start":{"line":258,"column":28},"end":{"line":258,"column":null}},"113":{"start":{"line":260,"column":28},"end":{"line":260,"column":null}},"114":{"start":{"line":265,"column":16},"end":{"line":265,"column":null}},"115":{"start":{"line":268,"column":16},"end":{"line":287,"column":null}},"116":{"start":{"line":270,"column":20},"end":{"line":286,"column":null}},"117":{"start":{"line":271,"column":24},"end":{"line":276,"column":null}},"118":{"start":{"line":277,"column":24},"end":{"line":277,"column":null}},"119":{"start":{"line":278,"column":24},"end":{"line":283,"column":null}},"120":{"start":{"line":284,"column":24},"end":{"line":284,"column":null}},"121":{"start":{"line":285,"column":24},"end":{"line":285,"column":null}},"122":{"start":{"line":289,"column":16},"end":{"line":289,"column":null}},"123":{"start":{"line":290,"column":16},"end":{"line":290,"column":null}},"124":{"start":{"line":293,"column":16},"end":{"line":296,"column":null}},"125":{"start":{"line":294,"column":20},"end":{"line":294,"column":null}},"126":{"start":{"line":295,"column":20},"end":{"line":295,"column":null}},"127":{"start":{"line":298,"column":16},"end":{"line":298,"column":null}},"128":{"start":{"line":299,"column":16},"end":{"line":299,"column":null}},"129":{"start":{"line":305,"column":10},"end":{"line":317,"column":null}},"130":{"start":{"line":307,"column":8},"end":{"line":310,"column":null}},"131":{"start":{"line":308,"column":12},"end":{"line":308,"column":null}},"132":{"start":{"line":309,"column":12},"end":{"line":309,"column":null}},"133":{"start":{"line":312,"column":8},"end":{"line":312,"column":null}},"134":{"start":{"line":313,"column":8},"end":{"line":313,"column":null}},"135":{"start":{"line":314,"column":8},"end":{"line":314,"column":null}},"136":{"start":{"line":315,"column":8},"end":{"line":315,"column":null}},"137":{"start":{"line":316,"column":8},"end":{"line":316,"column":null}},"138":{"start":{"line":320,"column":4},"end":{"line":326,"column":null}},"139":{"start":{"line":321,"column":8},"end":{"line":325,"column":null}},"140":{"start":{"line":322,"column":12},"end":{"line":324,"column":null}},"141":{"start":{"line":323,"column":16},"end":{"line":323,"column":null}},"142":{"start":{"line":328,"column":4},"end":{"line":338,"column":null}}},"fnMap":{"0":{"name":"(anonymous_0)","decl":{"start":{"line":29,"column":21},"end":{"line":29,"column":22}},"loc":{"start":{"line":29,"column":49},"end":{"line":67,"column":null}},"line":29},"1":{"name":"(anonymous_1)","decl":{"start":{"line":69,"column":22},"end":{"line":69,"column":null}},"loc":{"start":{"line":72,"column":25},"end":{"line":119,"column":null}},"line":72},"2":{"name":"(anonymous_2)","decl":{"start":{"line":121,"column":22},"end":{"line":121,"column":23}},"loc":{"start":{"line":121,"column":79},"end":{"line":134,"column":null}},"line":121},"3":{"name":"useContactForm","decl":{"start":{"line":136,"column":16},"end":{"line":136,"column":55}},"loc":{"start":{"line":136,"column":55},"end":{"line":339,"column":null}},"line":136},"4":{"name":"(anonymous_4)","decl":{"start":{"line":172,"column":8},"end":{"line":172,"column":9}},"loc":{"start":{"line":172,"column":57},"end":{"line":187,"column":null}},"line":172},"5":{"name":"(anonymous_5)","decl":{"start":{"line":173,"column":24},"end":{"line":173,"column":25}},"loc":{"start":{"line":173,"column":35},"end":{"line":173,"column":63}},"line":173},"6":{"name":"(anonymous_6)","decl":{"start":{"line":176,"column":26},"end":{"line":176,"column":27}},"loc":{"start":{"line":176,"column":37},"end":{"line":179,"column":18}},"line":176},"7":{"name":"(anonymous_7)","decl":{"start":{"line":191,"column":35},"end":{"line":191,"column":36}},"loc":{"start":{"line":191,"column":69},"end":{"line":205,"column":7}},"line":191},"8":{"name":"(anonymous_8)","decl":{"start":{"line":192,"column":19},"end":{"line":192,"column":20}},"loc":{"start":{"line":192,"column":30},"end":{"line":192,"column":57}},"line":192},"9":{"name":"(anonymous_9)","decl":{"start":{"line":194,"column":20},"end":{"line":194,"column":21}},"loc":{"start":{"line":194,"column":30},"end":{"line":204,"column":9}},"line":194},"10":{"name":"(anonymous_10)","decl":{"start":{"line":198,"column":22},"end":{"line":198,"column":23}},"loc":{"start":{"line":198,"column":39},"end":{"line":201,"column":14}},"line":198},"11":{"name":"(anonymous_11)","decl":{"start":{"line":208,"column":8},"end":{"line":208,"column":15}},"loc":{"start":{"line":208,"column":59},"end":{"line":301,"column":null}},"line":208},"12":{"name":"(anonymous_12)","decl":{"start":{"line":255,"column":40},"end":{"line":255,"column":41}},"loc":{"start":{"line":255,"column":61},"end":{"line":263,"column":17}},"line":255},"13":{"name":"(anonymous_13)","decl":{"start":{"line":256,"column":31},"end":{"line":256,"column":37}},"loc":{"start":{"line":256,"column":37},"end":{"line":262,"column":23}},"line":256},"14":{"name":"(anonymous_14)","decl":{"start":{"line":268,"column":60},"end":{"line":268,"column":66}},"loc":{"start":{"line":268,"column":66},"end":{"line":287,"column":19}},"line":268},"15":{"name":"(anonymous_15)","decl":{"start":{"line":293,"column":60},"end":{"line":293,"column":66}},"loc":{"start":{"line":293,"column":66},"end":{"line":296,"column":19}},"line":293},"16":{"name":"(anonymous_16)","decl":{"start":{"line":305,"column":34},"end":{"line":305,"column":40}},"loc":{"start":{"line":305,"column":40},"end":{"line":317,"column":7}},"line":305},"17":{"name":"(anonymous_17)","decl":{"start":{"line":320,"column":14},"end":{"line":320,"column":20}},"loc":{"start":{"line":320,"column":20},"end":{"line":326,"column":7}},"line":320},"18":{"name":"(anonymous_18)","decl":{"start":{"line":321,"column":15},"end":{"line":321,"column":21}},"loc":{"start":{"line":321,"column":21},"end":{"line":325,"column":null}},"line":321}},"branchMap":{"0":{"loc":{"start":{"line":30,"column":4},"end":{"line":30,"column":null}},"type":"if","locations":[{"start":{"line":30,"column":4},"end":{"line":30,"column":null}},{"start":{},"end":{}}],"line":30},"1":{"loc":{"start":{"line":30,"column":8},"end":{"line":30,"column":38}},"type":"binary-expr","locations":[{"start":{"line":30,"column":8},"end":{"line":30,"column":18}},{"start":{"line":30,"column":18},"end":{"line":30,"column":38}}],"line":30},"2":{"loc":{"start":{"line":34,"column":4},"end":{"line":34,"column":null}},"type":"if","locations":[{"start":{"line":34,"column":4},"end":{"line":34,"column":null}},{"start":{},"end":{}}],"line":34},"3":{"loc":{"start":{"line":38,"column":4},"end":{"line":38,"column":null}},"type":"if","locations":[{"start":{"line":38,"column":4},"end":{"line":38,"column":null}},{"start":{},"end":{}}],"line":38},"4":{"loc":{"start":{"line":38,"column":8},"end":{"line":38,"column":31}},"type":"binary-expr","locations":[{"start":{"line":38,"column":8},"end":{"line":38,"column":22}},{"start":{"line":38,"column":22},"end":{"line":38,"column":31}}],"line":38},"5":{"loc":{"start":{"line":41,"column":4},"end":{"line":41,"column":null}},"type":"if","locations":[{"start":{"line":41,"column":4},"end":{"line":41,"column":null}},{"start":{},"end":{}}],"line":41},"6":{"loc":{"start":{"line":44,"column":4},"end":{"line":51,"column":null}},"type":"if","locations":[{"start":{"line":44,"column":4},"end":{"line":51,"column":null}},{"start":{},"end":{}}],"line":44},"7":{"loc":{"start":{"line":45,"column":8},"end":{"line":48,"column":null}},"type":"binary-expr","locations":[{"start":{"line":45,"column":8},"end":{"line":45,"column":null}},{"start":{"line":46,"column":8},"end":{"line":46,"column":null}},{"start":{"line":47,"column":8},"end":{"line":47,"column":null}},{"start":{"line":48,"column":8},"end":{"line":48,"column":null}}],"line":45},"8":{"loc":{"start":{"line":56,"column":4},"end":{"line":56,"column":null}},"type":"if","locations":[{"start":{"line":56,"column":4},"end":{"line":56,"column":null}},{"start":{},"end":{}}],"line":56},"9":{"loc":{"start":{"line":61,"column":8},"end":{"line":63,"column":null}},"type":"if","locations":[{"start":{"line":61,"column":8},"end":{"line":63,"column":null}},{"start":{},"end":{}}],"line":61},"10":{"loc":{"start":{"line":61,"column":12},"end":{"line":61,"column":56}},"type":"binary-expr","locations":[{"start":{"line":61,"column":12},"end":{"line":61,"column":36}},{"start":{"line":61,"column":36},"end":{"line":61,"column":56}}],"line":61},"11":{"loc":{"start":{"line":75,"column":4},"end":{"line":118,"column":null}},"type":"switch","locations":[{"start":{"line":76,"column":8},"end":{"line":84,"column":null}},{"start":{"line":86,"column":8},"end":{"line":93,"column":null}},{"start":{"line":95,"column":8},"end":{"line":103,"column":null}},{"start":{"line":105,"column":8},"end":{"line":114,"column":null}},{"start":{"line":116,"column":8},"end":{"line":117,"column":null}}],"line":75},"12":{"loc":{"start":{"line":77,"column":12},"end":{"line":77,"column":null}},"type":"if","locations":[{"start":{"line":77,"column":12},"end":{"line":77,"column":null}},{"start":{},"end":{}}],"line":77},"13":{"loc":{"start":{"line":78,"column":12},"end":{"line":79,"column":null}},"type":"if","locations":[{"start":{"line":78,"column":12},"end":{"line":79,"column":null}},{"start":{},"end":{}}],"line":78},"14":{"loc":{"start":{"line":78,"column":16},"end":{"line":78,"column":null}},"type":"binary-expr","locations":[{"start":{"line":78,"column":16},"end":{"line":78,"column":45}},{"start":{"line":78,"column":45},"end":{"line":78,"column":null}}],"line":78},"15":{"loc":{"start":{"line":81,"column":12},"end":{"line":82,"column":null}},"type":"if","locations":[{"start":{"line":81,"column":12},"end":{"line":82,"column":null}},{"start":{},"end":{}}],"line":81},"16":{"loc":{"start":{"line":87,"column":12},"end":{"line":87,"column":null}},"type":"if","locations":[{"start":{"line":87,"column":12},"end":{"line":87,"column":null}},{"start":{},"end":{}}],"line":87},"17":{"loc":{"start":{"line":89,"column":12},"end":{"line":90,"column":null}},"type":"if","locations":[{"start":{"line":89,"column":12},"end":{"line":90,"column":null}},{"start":{},"end":{}}],"line":89},"18":{"loc":{"start":{"line":96,"column":12},"end":{"line":96,"column":null}},"type":"if","locations":[{"start":{"line":96,"column":12},"end":{"line":96,"column":null}},{"start":{},"end":{}}],"line":96},"19":{"loc":{"start":{"line":97,"column":12},"end":{"line":98,"column":null}},"type":"if","locations":[{"start":{"line":97,"column":12},"end":{"line":98,"column":null}},{"start":{},"end":{}}],"line":97},"20":{"loc":{"start":{"line":100,"column":12},"end":{"line":101,"column":null}},"type":"if","locations":[{"start":{"line":100,"column":12},"end":{"line":101,"column":null}},{"start":{},"end":{}}],"line":100},"21":{"loc":{"start":{"line":106,"column":12},"end":{"line":106,"column":null}},"type":"if","locations":[{"start":{"line":106,"column":12},"end":{"line":106,"column":null}},{"start":{},"end":{}}],"line":106},"22":{"loc":{"start":{"line":107,"column":12},"end":{"line":108,"column":null}},"type":"if","locations":[{"start":{"line":107,"column":12},"end":{"line":108,"column":null}},{"start":{},"end":{}}],"line":107},"23":{"loc":{"start":{"line":109,"column":12},"end":{"line":110,"column":null}},"type":"if","locations":[{"start":{"line":109,"column":12},"end":{"line":110,"column":null}},{"start":{},"end":{}}],"line":109},"24":{"loc":{"start":{"line":111,"column":12},"end":{"line":112,"column":null}},"type":"if","locations":[{"start":{"line":111,"column":12},"end":{"line":112,"column":null}},{"start":{},"end":{}}],"line":111},"25":{"loc":{"start":{"line":122,"column":4},"end":{"line":133,"column":null}},"type":"switch","locations":[{"start":{"line":123,"column":8},"end":{"line":124,"column":null}},{"start":{"line":125,"column":8},"end":{"line":126,"column":null}},{"start":{"line":127,"column":8},"end":{"line":128,"column":null}},{"start":{"line":129,"column":8},"end":{"line":130,"column":null}},{"start":{"line":131,"column":8},"end":{"line":132,"column":null}}],"line":122},"26":{"loc":{"start":{"line":175,"column":12},"end":{"line":180,"column":null}},"type":"if","locations":[{"start":{"line":175,"column":12},"end":{"line":180,"column":null}},{"start":{},"end":{}}],"line":175},"27":{"loc":{"start":{"line":183,"column":12},"end":{"line":186,"column":null}},"type":"if","locations":[{"start":{"line":183,"column":12},"end":{"line":186,"column":null}},{"start":{},"end":{}}],"line":183},"28":{"loc":{"start":{"line":212,"column":12},"end":{"line":217,"column":null}},"type":"if","locations":[{"start":{"line":212,"column":12},"end":{"line":217,"column":null}},{"start":{},"end":{}}],"line":212},"29":{"loc":{"start":{"line":212,"column":16},"end":{"line":212,"column":61}},"type":"binary-expr","locations":[{"start":{"line":212,"column":16},"end":{"line":212,"column":32}},{"start":{"line":212,"column":32},"end":{"line":212,"column":61}}],"line":212},"30":{"loc":{"start":{"line":220,"column":12},"end":{"line":223,"column":null}},"type":"if","locations":[{"start":{"line":220,"column":12},"end":{"line":223,"column":null}},{"start":{},"end":{}}],"line":220},"31":{"loc":{"start":{"line":240,"column":12},"end":{"line":242,"column":null}},"type":"if","locations":[{"start":{"line":240,"column":12},"end":{"line":242,"column":null}},{"start":{},"end":{}}],"line":240},"32":{"loc":{"start":{"line":249,"column":12},"end":{"line":251,"column":null}},"type":"if","locations":[{"start":{"line":249,"column":12},"end":{"line":251,"column":null}},{"start":{},"end":{}}],"line":249},"33":{"loc":{"start":{"line":257,"column":24},"end":{"line":261,"column":null}},"type":"if","locations":[{"start":{"line":257,"column":24},"end":{"line":261,"column":null}},{"start":{"line":259,"column":31},"end":{"line":261,"column":null}}],"line":257},"34":{"loc":{"start":{"line":270,"column":20},"end":{"line":286,"column":null}},"type":"if","locations":[{"start":{"line":270,"column":20},"end":{"line":286,"column":null}},{"start":{},"end":{}}],"line":270},"35":{"loc":{"start":{"line":307,"column":8},"end":{"line":310,"column":null}},"type":"if","locations":[{"start":{"line":307,"column":8},"end":{"line":310,"column":null}},{"start":{},"end":{}}],"line":307},"36":{"loc":{"start":{"line":322,"column":12},"end":{"line":324,"column":null}},"type":"if","locations":[{"start":{"line":322,"column":12},"end":{"line":324,"column":null}},{"start":{},"end":{}}],"line":322}},"s":{"0":2,"1":60,"2":1,"3":59,"4":59,"5":5,"6":54,"7":54,"8":6,"9":48,"10":1,"11":47,"12":4,"13":43,"14":43,"15":3,"16":40,"17":40,"18":84,"19":2,"20":38,"21":2,"22":185,"23":185,"24":47,"25":5,"26":42,"27":4,"28":38,"29":38,"30":1,"31":37,"32":63,"33":3,"34":60,"35":60,"36":38,"37":37,"38":1,"39":36,"40":36,"41":35,"42":35,"43":3,"44":32,"45":37,"46":3,"47":34,"48":34,"49":31,"50":31,"51":29,"52":29,"53":28,"54":1,"55":2,"56":249,"57":63,"58":91,"59":45,"60":48,"61":2,"62":282,"63":282,"64":282,"65":282,"66":282,"67":282,"68":282,"69":282,"70":282,"71":282,"72":158,"73":158,"74":158,"75":17,"76":17,"77":158,"78":3,"79":3,"80":282,"81":65,"82":64,"83":65,"84":64,"85":64,"86":64,"87":64,"88":64,"89":282,"90":27,"91":27,"92":1,"93":1,"94":26,"95":2,"96":2,"97":26,"98":26,"99":26,"100":26,"101":26,"102":26,"103":2,"104":24,"105":24,"106":24,"107":3,"108":24,"109":24,"110":24,"111":24,"112":7,"113":17,"114":17,"115":17,"116":4,"117":4,"118":4,"119":4,"120":4,"121":4,"122":7,"123":7,"124":7,"125":2,"126":2,"127":24,"128":24,"129":282,"130":3,"131":2,"132":2,"133":3,"134":
[...]
umn":28},"end":{"line":16,"column":null}},"8":{"start":{"line":17,"column":12},"end":{"line":17,"column":null}},"9":{"start":{"line":17,"column":26},"end":{"line":17,"column":null}},"10":{"start":{"line":19,"column":38},"end":{"line":21,"column":null}},"11":{"start":{"line":23,"column":12},"end":{"line":23,"column":null}},"12":{"start":{"line":23,"column":48},"end":{"line":23,"column":null}},"13":{"start":{"line":25,"column":33},"end":{"line":25,"column":null}},"14":{"start":{"line":26,"column":32},"end":{"line":26,"column":null}},"15":{"start":{"line":28,"column":12},"end":{"line":40,"column":null}},"16":{"start":{"line":30,"column":16},"end":{"line":33,"column":null}},"17":{"start":{"line":31,"column":20},"end":{"line":31,"column":null}},"18":{"start":{"line":32,"column":20},"end":{"line":32,"column":null}},"19":{"start":{"line":36,"column":16},"end":{"line":39,"column":null}},"20":{"start":{"line":37,"column":20},"end":{"line":37,"column":null}},"21":{"start":{"line":38,"column":20},"end":{"line":38,"column":null}},"22":{"start":{"line":43,"column":8},"end":{"line":43,"column":null}},"23":{"start":{"line":46,"column":24},"end":{"line":46,"column":null}},"24":{"start":{"line":47,"column":8},"end":{"line":55,"column":null}},"25":{"start":{"line":48,"column":38},"end":{"line":50,"column":null}},"26":{"start":{"line":52,"column":12},"end":{"line":54,"column":null}},"27":{"start":{"line":53,"column":16},"end":{"line":53,"column":null}},"28":{"start":{"line":57,"column":8},"end":{"line":59,"column":null}},"29":{"start":{"line":58,"column":12},"end":{"line":58,"column":null}},"30":{"start":{"line":62,"column":4},"end":{"line":62,"column":null}}},"fnMap":{"0":{"name":"useFocusTrap","decl":{"start":{"line":7,"column":16},"end":{"line":7,"column":29}},"loc":{"start":{"line":7,"column":48},"end":{"line":63,"column":null}},"line":7},"1":{"name":"(anonymous_1)","decl":{"start":{"line":10,"column":14},"end":{"line":10,"column":20}},"loc":{"start":{"line":10,"column":20},"end":{"line":60,"column":7}},"line":10},"2":{"name":"(anonymous_2)","decl":{"start":{"line":13,"column":29},"end":{"line":13,"column":30}},"loc":{"start":{"line":13,"column":51},"end":{"line":41,"column":null}},"line":13},"3":{"name":"(anonymous_3)","decl":{"start":{"line":57,"column":15},"end":{"line":57,"column":21}},"loc":{"start":{"line":57,"column":21},"end":{"line":59,"column":null}},"line":57}},"branchMap":{"0":{"loc":{"start":{"line":11,"column":8},"end":{"line":11,"column":null}},"type":"if","locations":[{"start":{"line":11,"column":8},"end":{"line":11,"column":null}},{"start":{},"end":{}}],"line":11},"1":{"loc":{"start":{"line":14,"column":12},"end":{"line":14,"column":null}},"type":"if","locations":[{"start":{"line":14,"column":12},"end":{"line":14,"column":null}},{"start":{},"end":{}}],"line":14},"2":{"loc":{"start":{"line":17,"column":12},"end":{"line":17,"column":null}},"type":"if","locations":[{"start":{"line":17,"column":12},"end":{"line":17,"column":null}},{"start":{},"end":{}}],"line":17},"3":{"loc":{"start":{"line":23,"column":12},"end":{"line":23,"column":null}},"type":"if","locations":[{"start":{"line":23,"column":12},"end":{"line":23,"column":null}},{"start":{},"end":{}}],"line":23},"4":{"loc":{"start":{"line":28,"column":12},"end":{"line":40,"column":null}},"type":"if","locations":[{"start":{"line":28,"column":12},"end":{"line":40,"column":null}},{"start":{"line":34,"column":19},"end":{"line":40,"column":null}}],"line":28},"5":{"loc":{"start":{"line":30,"column":16},"end":{"line":33,"column":null}},"type":"if","locations":[{"start":{"line":30,"column":16},"end":{"line":33,"column":null}},{"start":{},"end":{}}],"line":30},"6":{"loc":{"start":{"line":36,"column":16},"end":{"line":39,"column":null}},"type":"if","locations":[{"start":{"line":36,"column":16},"end":{"line":39,"column":null}},{"start":{},"end":{}}],"line":36},"7":{"loc":{"start":{"line":47,"column":8},"end":{"line":55,"column":null}},"type":"if","locations":[{"start":{"line":47,"column":8},"end":{"line":55,"column":null}},{"start":{},"end":{}}],"line":47},"8":{"loc":{"start":{"line":52,"column":12},"end":{"line":54,"column":null}},"type":"if","locations":[{"start":{"line":52,"column":12},"end":{"line":54,"column":null}},{"start":{},"end":{}}],"line":52}},"s":{"0":40,"1":40,"2":38,"3":8,"4":30,"5":35,"6":14,"7":21,"8":21,"9":1,"10":20,"11":20,"12":3,"13":17,"14":17,"15":17,"16":3,"17":2,"18":2,"19":14,"20":2,"21":2,"22":30,"23":30,"24":30,"25":27,"26":27,"27":23,"28":30,"29":30,"30":40},"f":{"0":40,"1":38,"2":35,"3":30},"b":{"0":[8,30],"1":[14,21],"2":[1,20],"3":[3,17],"4":[3,14],"5":[2,1],"6":[2,12],"7":[27,3],"8":[23,4]},"meta":{"lastBranch":9,"lastFunction":4,"lastStatement":31,"seen":{"f:7:16:7:29":0,"s:8:10:8:Infinity":0,"s:10:4:60:Infinity":1,"f:10:14:10:20":1,"b:11:8:11:Infinity:undefined:undefined:undefined:undefined":0,"s:11:8:11:Infinity":2,"s:11:23:11:Infinity":3,"s:13:29:41:Infinity":4,"f:13:29:13:30":2,"b:14:12:14:Infinity:undefined:undefined:undefined:undefined":1,"s:14:12:14:Infinity":5,"s:14:33:14:Infinity":6,"s:16:28:16:Infinity":7,"b:17:12:17:Infinity:undefined:undefined:undefined:undefined":2,"s:17:12:17:Infinity":8,"s:17:26:17:Infinity":9,"s:19:38:21:Infinity":10,"b:23:12:23:Infinity:undefined:undefined:undefined:undefined":3,"s:23:12:23:Infinity":11,"s:23:48:23:Infinity":12,"s:25:33:25:Infinity":13,"s:26:32:26:Infinity":14,"b:28:12:40:Infinity:34:19:40:Infinity":4,"s:28:12:40:Infinity":15,"b:30:16:33:Infinity:undefined:undefined:undefined:undefined":5,"s:30:16:33:Infinity":16,"s:31:20:31:Infinity":17,"s:32:20:32:Infinity":18,"b:36:16:39:Infinity:undefined:undefined:undefined:undefined":6,"s:36:16:39:Infinity":19,"s:37:20:37:Infinity":20,"s:38:20:38:Infinity":21,"s:43:8:43:Infinity":22,"s:46:24:46:Infinity":23,"b:47:8:55:Infinity:undefined:undefined:undefined:undefined":7,"s:47:8:55:Infinity":24,"s:48:38:50:Infinity":25,"b:52:12:54:Infinity:undefined:undefined:undefined:undefined":8,"s:52:12:54:Infinity":26,"s:53:16:53:Infinity":27,"s:57:8:59:Infinity":28,"f:57:15:57:21":3,"s:58:12:58:Infinity":29,"s:62:4:62:Infinity":30}}}
,"C:\\Users\\lauru\\Desktop\\Proyectos-Portafolio\\estudio-martinez\\src\\hooks\\useScrollAnimation.ts": {"path":"C:\\Users\\lauru\\Desktop\\Proyectos-Portafolio\\estudio-martinez\\src\\hooks\\useScrollAnimation.ts","statementMap":{"0":{"start":{"line":18,"column":10},"end":{"line":18,"column":null}},"1":{"start":{"line":19,"column":34},"end":{"line":19,"column":null}},"2":{"start":{"line":21,"column":4},"end":{"line":45,"column":null}},"3":{"start":{"line":22,"column":24},"end":{"line":22,"column":null}},"4":{"start":{"line":23,"column":8},"end":{"line":23,"column":null}},"5":{"start":{"line":23,"column":22},"end":{"line":23,"column":null}},"6":{"start":{"line":25,"column":25},"end":{"line":38,"column":null}},"7":{"start":{"line":27,"column":16},"end":{"line":32,"column":null}},"8":{"start":{"line":28,"column":20},"end":{"line":28,"column":null}},"9":{"start":{"line":29,"column":20},"end":{"line":31,"column":null}},"10":{"start":{"line":30,"column":24},"end":{"line":30,"column":null}},"11":{"start":{"line":40,"column":8},"end":{"line":40,"column":null}},"12":{"start":{"line":42,"column":8},"end":{"line":44,"column":null}},"13":{"start":{"line":43,"column":12},"end":{"line":43,"column":null}},"14":{"start":{"line":47,"column":4},"end":{"line":47,"column":null}}},"fnMap":{"0":{"name":"useScrollAnimation","decl":{"start":{"line":13,"column":16},"end":{"line":13,"column":35}},"loc":{"start":{"line":17,"column":35},"end":{"line":48,"column":null}},"line":17},"1":{"name":"(anonymous_1)","decl":{"start":{"line":21,"column":14},"end":{"line":21,"column":20}},"loc":{"start":{"line":21,"column":20},"end":{"line":45,"column":7}},"line":21},"2":{"name":"(anonymous_2)","decl":{"start":{"line":26,"column":12},"end":{"line":26,"column":13}},"loc":{"start":{"line":26,"column":25},"end":{"line":33,"column":null}},"line":26},"3":{"name":"(anonymous_3)","decl":{"start":{"line":42,"column":15},"end":{"line":42,"column":21}},"loc":{"start":{"line":42,"column":21},"end":{"line":44,"column":null}},"line":42}},"branchMap":{"0":{"loc":{"start":{"line":13,"column":35},"end":{"line":17,"column":35}},"type":"default-arg","locations":[{"start":{"line":17,"column":31},"end":{"line":17,"column":35}}],"line":13},"1":{"loc":{"start":{"line":14,"column":4},"end":{"line":14,"column":null}},"type":"default-arg","locations":[{"start":{"line":14,"column":16},"end":{"line":14,"column":null}}],"line":14},"2":{"loc":{"start":{"line":15,"column":4},"end":{"line":15,"column":null}},"type":"default-arg","locations":[{"start":{"line":15,"column":17},"end":{"line":15,"column":null}}],"line":15},"3":{"loc":{"start":{"line":16,"column":4},"end":{"line":16,"column":null}},"type":"default-arg","locations":[{"start":{"line":16,"column":18},"end":{"line":16,"column":null}}],"line":16},"4":{"loc":{"start":{"line":23,"column":8},"end":{"line":23,"column":null}},"type":"if","locations":[{"start":{"line":23,"column":8},"end":{"line":23,"column":null}},{"start":{},"end":{}}],"line":23},"5":{"loc":{"start":{"line":27,"column":16},"end":{"line":32,"column":null}},"type":"if","locations":[{"start":{"line":27,"column":16},"end":{"line":32,"column":null}},{"start":{},"end":{}}],"line":27},"6":{"loc":{"start":{"line":29,"column":20},"end":{"line":31,"column":null}},"type":"if","locations":[{"start":{"line":29,"column":20},"end":{"line":31,"column":null}},{"start":{},"end":{}}],"line":29}},"s":{"0":22,"1":22,"2":22,"3":10,"4":10,"5":2,"6":8,"7":4,"8":3,"9":3,"10":2,"11":8,"12":8,"13":8,"14":22},"f":{"0":22,"1":10,"2":4,"3":8},"b":{"0":[22],"1":[22],"2":[22],"3":[22],"4":[2,8],"5":[3,1],"6":[2,1]},"meta":{"lastBranch":7,"lastFunction":4,"lastStatement":15,"seen":{"f:13:16:13:35":0,"b:17:31:17:35":0,"b:14:16:14:Infinity":1,"b:15:17:15:Infinity":2,"b:16:18:16:Infinity":3,"s:18:10:18:Infinity":0,"s:19:34:19:Infinity":1,"s:21:4:45:Infinity":2,"f:21:14:21:20":1,"s:22:24:22:Infinity":3,"b:23:8:23:Infinity:undefined:undefined:undefined:undefined":4,"s:23:8:23:Infinity":4,"s:23:22:23:Infinity":5,"s:25:25:38:Infinity":6,"f:26:12:26:13":2,"b:27:16:32:Infinity:undefined:undefined:undefined:undefined":5,"s:27:16:32:Infinity":7,"s:28:20:28:Infinity":8,"b:29:20:31:Infinity:undefined:undefined:undefined:undefined":6,"s:29:20:31:Infinity":9,"s:30:24:30:Infinity":10,"s:40:8:40:Infinity":11,"s:42:8:44:Infinity":12,"f:42:15:42:21":3,"s:43:12:43:Infinity":13,"s:47:4:47:Infinity":14}}}
,"C:\\Users\\lauru\\Desktop\\Proyectos-Portafolio\\estudio-martinez\\src\\hooks\\useScrollToSection.ts": {"path":"C:\\Users\\lauru\\Desktop\\Proyectos-Portafolio\\estudio-martinez\\src\\hooks\\useScrollToSection.ts","statementMap":{"0":{"start":{"line":16,"column":10},"end":{"line":35,"column":null}},"1":{"start":{"line":17,"column":24},"end":{"line":17,"column":null}},"2":{"start":{"line":18,"column":8},"end":{"line":21,"column":null}},"3":{"start":{"line":19,"column":12},"end":{"line":19,"column":null}},"4":{"start":{"line":20,"column":12},"end":{"line":20,"column":null}},"5":{"start":{"line":24,"column":23},"end":{"line":24,"column":null}},"6":{"start":{"line":25,"column":29},"end":{"line":25,"column":null}},"7":{"start":{"line":27,"column":32},"end":{"line":27,"column":null}},"8":{"start":{"line":29,"column":12},"end":{"line":29,"column":null}},"9":{"start":{"line":31,"column":8},"end":{"line":34,"column":null}},"10":{"start":{"line":37,"column":4},"end":{"line":37,"column":null}}},"fnMap":{"0":{"name":"useScrollToSection","decl":{"start":{"line":15,"column":16},"end":{"line":15,"column":37}},"loc":{"start":{"line":15,"column":37},"end":{"line":38,"column":null}},"line":15},"1":{"name":"(anonymous_1)","decl":{"start":{"line":16,"column":40},"end":{"line":16,"column":41}},"loc":{"start":{"line":16,"column":63},"end":{"line":35,"column":7}},"line":16}},"branchMap":{"0":{"loc":{"start":{"line":18,"column":8},"end":{"line":21,"column":null}},"type":"if","locations":[{"start":{"line":18,"column":8},"end":{"line":21,"column":null}},{"start":{},"end":{}}],"line":18},"1":{"loc":{"start":{"line":25,"column":29},"end":{"line":25,"column":null}},"type":"binary-expr","locations":[{"start":{"line":25,"column":29},"end":{"line":25,"column":71}},{"start":{"line":25,"column":71},"end":{"line":25,"column":null}}],"line":25}},"s":{"0":37,"1":22,"2":22,"3":2,"4":2,"5":20,"6":20,"7":22,"8":22,"9":22,"10":37},"f":{"0":37,"1":22},"b":{"0":[2,20],"1":[20,1]},"meta":{"lastBranch":2,"lastFunction":2,"lastStatement":11,"seen":{"f:15:16:15:37":0,"s:16:10:35:Infinity":0,"f:16:40:16:41":1,"s:17:24:17:Infinity":1,"b:18:8:21:Infinity:undefined:undefined:undefined:undefined":0,"s:18:8:21:Infinity":2,"s:19:12:19:Infinity":3,"s:20:12:20:Infinity":4,"s:24:23:24:Infinity":5,"s:25:29:25:Infinity":6,"b:25:29:25:71:25:71:25:Infinity":1,"s:27:32:27:Infinity":7,"s:29:12:29:Infinity":8,"s:31:8:34:Infinity":9,"s:37:4:37:Infinity":10}}}
,"C:\\Users\\lauru\\Desktop\\Proyectos-Portafolio\\estudio-martinez\\src\\hooks\\useToggle.tsx": {"path":"C:\\Users\\lauru\\Desktop\\Proyectos-Portafolio\\estudio-martinez\\src\\hooks\\useToggle.tsx","statementMap":{"0":{"start":{"line":6,"column":26},"end":{"line":6,"column":null}},"1":{"start":{"line":8,"column":10},"end":{"line":10,"column":null}},"2":{"start":{"line":9,"column":8},"end":{"line":9,"column":null}},"3":{"start":{"line":9,"column":27},"end":{"line":9,"column":32}},"4":{"start":{"line":12,"column":10},"end":{"line":14,"column":null}},"5":{"start":{"line":13,"column":8},"end":{"line":13,"column":null}},"6":{"start":{"line":16,"column":4},"end":{"line":16,"column":null}}},"fnMap":{"0":{"name":"useToggle","decl":{"start":{"line":3,"column":16},"end":{"line":3,"column":null}},"loc":{"start":{"line":5,"column":51},"end":{"line":17,"column":null}},"line":5},"1":{"name":"(anonymous_1)","decl":{"start":{"line":8,"column":31},"end":{"line":8,"column":37}},"loc":{"start":{"line":8,"column":37},"end":{"line":10,"column":7}},"line":8},"2":{"name":"(anonymous_2)","decl":{"start":{"line":9,"column":17},"end":{"line":9,"column":18}},"loc":{"start":{"line":9,"column":27},"end":{"line":9,"column":32}},"line":9},"3":{"name":"(anonymous_3)","decl":{"start":{"line":12,"column":28},"end":{"line":12,"column":29}},"loc":{"start":{"line":12,"column":51},"end":{"line":14,"column":7}},"line":12}},"branchMap":{"0":{"loc":{"start":{"line":4,"column":4},"end":{"line":4,"column":null}},"type":"default-arg","locations":[{"start":{"line":4,"column":19},"end":{"line":4,"column":null}}],"line":4}},"s":{"0":75,"1":75,"2":26,"3":26,"4":75,"5":20,"6":75},"f":{"0":75,"1":26,"2":26,"3":20},"b":{"0":[75]},"meta":{"lastBranch":1,"lastFunction":4,"lastStatement":7,"seen":{"f:3:16:3:Infinity":0,"b:4:19:4:Infinity":0,"s:6:26:6:Infinity":0,"s:8:10:10:Infinity":1,"f:8:31:8:37":1,"s:9:8:9:Infinity":2,"f:9:17:9:18":2,"s:9:27:9:32":3,"s:12:10:14:Infinity":4,"f:12:28:12:29":3,"s:13:8:13:Infinity":5,"s:16:4:16:Infinity":6}}}
,"C:\\Users\\lauru\\Desktop\\Proyectos-Portafolio\\estudio-martinez\\src\\types\\index.ts": {"path":"C:\\Users\\lauru\\Desktop\\Proyectos-Portafolio\\estudio-martinez\\src\\types\\index.ts","statementMap":{},"fnMap":{},"branchMap":{},"s":{},"f":{},"b":{},"meta":{"lastBranch":0,"lastFunction":0,"lastStatement":0,"seen":{}}}
,"C:\\Users\\lauru\\Desktop\\Proyectos-Portafolio\\estudio-martinez\\src\\utils\\logger.ts": {"path":"C:\\Users\\lauru\\Desktop\\Proyectos-Portafolio\\estudio-martinez\\src\\utils\\logger.ts","statementMap":{"0":{"start":{"line":9,"column":20},"end":{"line":9,"column":null}},"1":{"start":{"line":12,"column":8},"end":{"line":12,"column":null}},"2":{"start":{"line":16,"column":8},"end":{"line":18,"column":null}},"3":{"start":{"line":17,"column":12},"end":{"line":17,"column":null}},"4":{"start":{"line":22,"column":8},"end":{"line":24,"column":null}},"5":{"start":{"line":23,"column":12},"end":{"line":23,"column":null}},"6":{"start":{"line":29,"column":8},"end":{"line":29,"column":null}},"7":{"start":{"line":33,"column":8},"end":{"line":35,"column":null}},"8":{"start":{"line":34,"column":12},"end":{"line":34,"column":null}},"9":{"start":{"line":39,"column":8},"end":{"line":41,"column":null}},"10":{"start":{"line":40,"column":12},"end":{"line":40,"column":null}},"11":{"start":{"line":48,"column":8},"end":{"line":52,"column":null}},"12":{"start":{"line":49,"column":12},"end":{"line":49,"column":null}},"13":{"start":{"line":50,"column":12},"end":{"line":50,"column":null}},"14":{"start":{"line":51,"column":12},"end":{"line":51,"column":null}},"15":{"start":{"line":56,"column":22},"end":{"line":56,"column":null}}},"fnMap":{"0":{"name":"(anonymous_0)","decl":{"start":{"line":11,"column":12},"end":{"line":11,"column":33}},"loc":{"start":{"line":11,"column":33},"end":{"line":13,"column":null}},"line":11},"1":{"name":"(anonymous_1)","decl":{"start":{"line":15,"column":4},"end":{"line":15,"column":11}},"loc":{"start":{"line":15,"column":34},"end":{"line":19,"column":null}},"line":15},"2":{"name":"(anonymous_2)","decl":{"start":{"line":21,"column":4},"end":{"line":21,"column":12}},"loc":{"start":{"line":21,"column":35},"end":{"line":25,"column":null}},"line":21},"3":{"name":"(anonymous_3)","decl":{"start":{"line":27,"column":4},"end":{"line":27,"column":13}},"loc":{"start":{"line":27,"column":36},"end":{"line":30,"column":null}},"line":27},"4":{"name":"(anonymous_4)","decl":{"start":{"line":32,"column":4},"end":{"line":32,"column":12}},"loc":{"start":{"line":32,"column":35},"end":{"line":36,"column":null}},"line":32},"5":{"name":"(anonymous_5)","decl":{"start":{"line":38,"column":4},"end":{"line":38,"column":13}},"loc":{"start":{"line":38,"column":36},"end":{"line":42,"column":null}},"line":38},"6":{"name":"(anonymous_6)","decl":{"start":{"line":47,"column":4},"end":{"line":47,"column":10}},"loc":{"start":{"line":47,"column":53},"end":{"line":53,"column":null}},"line":47}},"branchMap":{"0":{"loc":{"start":{"line":16,"column":8},"end":{"line":18,"column":null}},"type":"if","locations":[{"start":{"line":16,"column":8},"end":{"line":18,"column":null}},{"start":{},"end":{}}],"line":16},"1":{"loc":{"start":{"line":22,"column":8},"end":{"line":24,"column":null}},"type":"if","locations":[{"start":{"line":22,"column":8},"end":{"line":24,"column":null}},{"start":{},"end":{}}],"line":22},"2":{"loc":{"start":{"line":33,"column":8},"end":{"line":35,"column":null}},"type":"if","locations":[{"start":{"line":33,"column":8},"end":{"line":35,"column":null}},{"start":{},"end":{}}],"line":33},"3":{"loc":{"start":{"line":39,"column":8},"end":{"line":41,"column":null}},"type":"if","locations":[{"start":{"line":39,"column":8},"end":{"line":41,"column":null}},{"start":{},"end":{}}],"line":39},"4":{"loc":{"start":{"line":48,"column":8},"end":{"line":52,"column":null}},"type":"if","locations":[{"start":{"line":48,"column":8},"end":{"line":52,"column":null}},{"start":{},"end":{}}],"line":48}},"s":{"0":8,"1":45,"2":14,"3":12,"4":11,"5":9,"6":7,"7":9,"8":7,"9":9,"10":7,"11":10,"12":8,"13":8,"14":8,"15":8},"f":{"0":45,"1":14,"2":11,"3":7,"4":9,"5":9,"6":10},"b":{"0":[12,2],"1":[9,2],"2":[7,2],"3":[7,2],"4":[8,2]},"meta":{"lastBranch":5,"lastFunction":7,"lastStatement":16,"seen":{"s:9:20:9:Infinity":0,"f:11:12:11:33":0,"s:12:8:12:Infinity":1,"f:15:4:15:11":1,"b:16:8:18:Infinity:undefined:undefined:undefined:undefined":0,"s:16:8:18:Infinity":2,"s:17:12:17:Infinity":3,"f:21:4:21:12":2,"b:22:8:24:Infinity:undefined:undefined:undefined:undefined":1,"s:22:8:24:Infinity":4,"s:23:12:23:Infinity":5,"f:27:4:27:13":3,"s:29:8:29:Infinity":6,"f:32:4:32:12":4,"b:33:8:35:Infinity:undefined:undefined:undefined:undefined":2,"s:33:8:35:Infinity":7,"s:34:12:34:Infinity":8,"f:38:4:38:13":5,"b:39:8:41:Infinity:undefined:undefined:undefined:undefined":3,"s:39:8:41:Infinity":9,"s:40:12:40:Infinity":10,"f:47:4:47:10":6,"b:48:8:52:Infinity:undefined:undefined:undefined:undefined":4,"s:48:8:52:Infinity":11,"s:49:12:49:Infinity":12,"s:50:12:50:Infinity":13,"s:51:12:51:Infinity":14,"s:56:22:56:Infinity":15}}}
}
